{"timestamp": "2026-08-29T15:48:48.3881024Z", "log_name": "Security", "event_id": 4798, "event_name": "Other Event", "provider": "Microsoft-Windows-Security-Auditing", "provider_guid": "{54849625-5478-4994-a5ba-3e3b0328c30d}", "level": "0", "task": "13824", "opcode": "0", "computer": "LAPTOP-1AMOMQ06", "record_id": 593686, "username": "Guest", "domain": "LAPTOP-1AMOMQ06", "logon_type": null, "authentication_package": null, "logon_process": null, "source_ip": null, "source_port": null, "workstation": null, "process_id": null, "process_name": null, "parent_process": null, "command_line": null, "event_data": {"TargetUserName": "Guest", "TargetDomainName": "LAPTOP-1AMOMQ06", "TargetSid": "S-1-5-21-2968253474-1415708722-1289182978-501", "SubjectUserSid": "S-1-5-18", "SubjectUserName": "LAPTOP-1AMOMQ06$", "SubjectDomainName": "WORKGROUP", "SubjectLogonId": "0x3e7", "CallerProcessId": "0xdc0", "CallerProcessName": "C:\\Windows\\System32\\svchost.exe"}, "collected_at": "2026-08-29T15:48:50.191996+00:00"}
{"timestamp": "2026-08-29T15:48:48.3871292Z", "log_name": "Security", "event_id": 4798, "event_name": "Other Event", "provider": "Microsoft-Windows-Security-Auditing", "provider_guid": "{54849625-5478-4994-a5ba-3e3b0328c30d}", "level": "0", "task": "13824", "opcode": "0", "computer": "LAPTOP-1AMOMQ06", "record_id": 593685, "username": "DefaultAccount", "domain": "LAPTOP-1AMOMQ06", "logon_type": null, "authentication_package": null, "logon_process": null, "source_ip": null, "source_port": null, "workstation": null, "process_id": null, "process_name": null, "parent_process": null, "command_line": null, "event_data": {"TargetUserName": "DefaultAccount", "TargetDomainName": "LAPTOP-1AMOMQ06", "TargetSid": "S-1-5-21-2968253474-1415708722-1289182978-503", "SubjectUserSid": "S-1-5-18", "SubjectUserName": "LAPTOP-1AMOMQ06$", "SubjectDomainName": "WORKGROUP", "SubjectLogonId": "0x3e7", "CallerProcessId": "0xdc0", "CallerProcessName": "C:\\Windows\\System32\\svchost.exe"}, "collected_at": "2026-08-29T15:48:50.192047+00:00"}
{"timestamp": "2026-08-29T15:48:48.3860905Z", "log_name": "Security", "event_id": 4798, "event_name": "Other Event", "provider": "Microsoft-Windows-Security-Auditing", "provider_guid": "{54849625-5478-4994-a5ba-3e3b0328c30d}", "level": "0", "task": "13824", "opcode": "0", "computer": "LAPTOP-1AMOMQ06", "record_id": 593684, "username": "Administrator", "domain": "LAPTOP-1AMOMQ06", "logon_type": null, "authentication_package": null, "logon_process": null, "source_ip": null, "source_port": null, "workstation": null, "process_id": null, "process_name": null, "parent_process": null, "command_line": null, "event_data": {"TargetUserName": "Administrator", "TargetDomainName": "LAPTOP-1AMOMQ06", "TargetSid": "S-1-5-21-2968253474-1415708722-1289182978-500", "SubjectUserSid": "S-1-5-18", "SubjectUserName": "LAPTOP-1AMOMQ06$", "SubjectDomainName": "WORKGROUP", "SubjectLogonId": "0x3e7", "CallerProcessId": "0xdc0", "CallerProcessName": "C:\\Windows\\System32\\svchost.exe"}, "collected_at": "2026-08-29T15:48:50.192094+00:00"}
{"timestamp": "2026-08-29T15:48:48.3817465Z", "log_name": "Security", "event_id": 4798, "event_name": "Other Event", "provider": "Microsoft-Windows-Security-Auditing", "provider_guid": "{54849625-5478-4994-a5ba-3e3b0328c30d}", "level": "0", "task": "13824", "opcode": "0", "computer": "LAPTOP-1AMOMQ06", "record_id": 593683, "username": "Sreeram CK", "domain": "LAPTOP-1AMOMQ06", "logon_type": null, "authentication_package": null, "logon_process": null, "source_ip": null, "source_port": null, "workstation": null, "process_id": null, "process_name": null, "parent_process": null, "command_line": null, "event_data": {"TargetUserName": "Sreeram CK", "TargetDomainName": "LAPTOP-1AMOMQ06", "TargetSid": "S-1-5-21-2968253474-1415708722-1289182978-1001", "SubjectUserSid": "S-1-5-18", "SubjectUserName": "LAPTOP-1AMOMQ06$", "SubjectDomainName": "WORKGROUP", "SubjectLogonId": "0x3e7", "CallerProcessId": "0xdc0", "CallerProcessName": "C:\\Windows\\System32\\svchost.exe"}, "collected_at": "2026-08-29T15:48:50.192143+00:00"}
{"timestamp": "2026-08-29T15:48:48.3795586Z", "log_name": "Security", "event_id": 4798, "event_name": "Other Event", "provider": "Microsoft-Windows-Security-Auditing", "provider_guid": "{54849625-5478-4994-a5ba-3e3b0328c30d}", "level": "0", "task": "13824", "opcode": "0", "computer": "LAPTOP-1AMOMQ06", "record_id": 593682, "username": "Guest", "domain": "LAPTOP-1AMOMQ06", "logon_type": null, "authentication_package": null, "logon_process": null, "source_ip": null, "source_port": null, "workstation": null, "process_id": null, "process_name": null, "parent_process": null, "command_line": null, "event_data": {"TargetUserName": "Guest", "TargetDomainName": "LAPTOP-1AMOMQ06", "TargetSid": "S-1-5-21-2968253474-1415708722-1289182978-501", "SubjectUserSid": "S-1-5-18", "SubjectUserName": "LAPTOP-1AMOMQ06$", "SubjectDomainName": "WORKGROUP", "SubjectLogonId": "0x3e7", "CallerProcessId": "0xdc0", "CallerProcessName": "C:\\Windows\\System32\\svchost.exe"}, "collected_at": "2026-08-29T15:48:50.192191+00:00"}
{"timestamp": "2026-08-29T15:48:48.3775871Z", "log_name": "Security", "event_id": 4798, "event_name": "Other Event", "provider": "Microsoft-Windows-Security-Auditing", "provider_guid": "{54849625-5478-4994-a5ba-3e3b0328c30d}", "level": "0", "task": "13824", "opcode": "0", "computer": "LAPTOP-1AMOMQ06", "record_id": 593681, "username": "DefaultAccount", "domain": "LAPTOP-1AMOMQ06", "logon_type": null, "authentication_package": null, "logon_process": null, "source_ip": null, "source_port": null, "workstation": null, "process_id": null, "process_name": null, "parent_process": null, "command_line": null, "event_data": {"TargetUserName": "DefaultAccount", "TargetDomainName": "LAPTOP-1AMOMQ06", "TargetSid": "S-1-5-21-2968253474-1415708722-1289182978-503", "SubjectUserSid": "S-1-5-18", "SubjectUserName": "LAPTOP-1AMOMQ06$", "SubjectDomainName": "WORKGROUP", "SubjectLogonId": "0x3e7", "CallerProcessId": "0xdc0", "CallerProcessName": "C:\\Windows\\System32\\svchost.exe"}, "collected_at": "2026-08-29T15:48:50.192238+00:00"}
{"timestamp": "2026-08-29T15:48:48.3760043Z", "log_name": "Security", "event_id": 4798, "event_name": "Other Event", "provider": "Microsoft-Windows-Security-Auditing", "provider_guid": "{54849625-5478-4994-a5ba-3e3b0328c30d}", "level": "0", "task": "13824", "opcode": "0", "computer": "LAPTOP-1AMOMQ06", "record_id": 593680, "username": "Administrator", "domain": "LAPTOP-1AMOMQ06", "logon_type": null, "authentication_package": null, "logon_process": null, "source_ip": null, "source_port": null, "workstation": null, "process_id": null, "process_name": null, "parent_process": null, "command_line": null, "event_data": {"TargetUserName": "Administrator", "TargetDomainName": "LAPTOP-1AMOMQ06", "TargetSid": "S-1-5-21-2968253474-1415708722-1289182978-500", "SubjectUserSid": "S-1-5-18", "SubjectUserName": "LAPTOP-1AMOMQ06$", "SubjectDomainName": "WORKGROUP", "SubjectLogonId": "0x3e7", "CallerProcessId": "0xdc0", "CallerProcessName": "C:\\Windows\\System32\\svchost.exe"}, "collected_at": "2026-08-29T15:48:50.192318+00:00"}
{"timestamp": "2026-08-29T15:48:48.1201942Z", "log_name": "Security", "event_id": 4672, "event_name": "Special Privileges Assigned", "provider": "Microsoft-Windows-Security-Auditing", "provider_guid": "{54849625-5478-4994-a5ba-3e3b0328c30d}", "level": "0", "task": "12548", "opcode": "0", "computer": "LAPTOP-1AMOMQ06", "record_id": 593679, "username": "SYSTEM", "domain": "NT AUTHORITY", "logon_type": null, "authentication_package": null, "logon_process": null, "source_ip": null, "source_port": null, "workstation": null, "process_id": null, "process_name": null, "parent_process": null, "command_line": null, "event_data": {"SubjectUserSid": "S-1-5-18", "SubjectUserName": "SYSTEM", "SubjectDomainName": "NT AUTHORITY", "SubjectLogonId": "0x3e7", "PrivilegeList": "SeAssignPrimaryTokenPrivilege\n\t\t\tSeTcbPrivilege\n\t\t\tSeSecurityPrivilege\n\t\t\tSeTakeOwnershipPrivilege\n\t\t\tSeLoadDriverPrivilege\n\t\t\tSeBackupPrivilege\n\t\t\tSeRestorePrivilege\n\t\t\tSeDebugPrivilege\n\t\t\tSeAuditPrivilege\n\t\t\tSeSystemEnvironmentPrivilege\n\t\t\tSeImpersonatePrivilege\n\t\t\tSeDelegateSessionUserImpersonatePrivilege"}, "collected_at": "2026-08-29T15:48:50.192370+00:00"}
{"timestamp": "2026-08-29T15:48:48.1201782Z", "log_name": "Security", "event_id": 4624, "event_name": "Successful Logon", "provider": "Microsoft-Windows-Security-Auditing", "provider_guid": "{54849625-5478-4994-a5ba-3e3b0328c30d}", "level": "0", "task": "12544", "opcode": "0", "computer": "LAPTOP-1AMOMQ06", "record_id": 593678, "username": "SYSTEM", "domain": "NT AUTHORITY", "logon_type": 5, "authentication_package": "Negotiate", "logon_process": "Advapi  ", "source_ip": null, "source_port": null, "workstation": null, "process_id": "0x49c", "process_name": "C:\\Windows\\System32\\services.exe", "parent_process": null, "command_line": null, "event_data": {"SubjectUserSid": "S-1-5-18", "SubjectUserName": "LAPTOP-1AMOMQ06$", "SubjectDomainName": "WORKGROUP", "SubjectLogonId": "0x3e7", "TargetUserSid": "S-1-5-18", "TargetUserName": "SYSTEM", "TargetDomainName": "NT AUTHORITY", "TargetLogonId": "0x3e7", "LogonType": "5", "LogonProcessName": "Advapi  ", "AuthenticationPackageName": "Negotiate", "WorkstationName": "-", "LogonGuid": "{00000000-0000-0000-0000-000000000000}", "TransmittedServices": "-", "LmPackageName": "-", "KeyLength": "0", "ProcessId": "0x49c", "ProcessName": "C:\\Windows\\System32\\services.exe", "IpAddress": "-", "IpPort": "-", "ImpersonationLevel": "%%1833", "RestrictedAdminMode": "-", "RemoteCredentialGuard": "-", "TargetOutboundUserName": "-", "TargetOutboundDomainName": "-", "VirtualAccount": "%%1843", "TargetLinkedLogonId": "0x0", "ElevatedToken": "%%1842"}, "collected_at": "2026-08-29T15:48:50.192427+00:00"}
{"timestamp": "2026-08-29T15:48:51.3323748Z", "log_name": "Security", "event_id": 4634, "event_name": "Logoff", "provider": "Microsoft-Windows-Security-Auditing", "provider_guid": "{54849625-5478-4994-a5ba-3e3b0328c30d}", "level": "0", "task": "12545", "opcode": "0", "computer": "LAPTOP-1AMOMQ06", "record_id": 593695, "username": "Sreeram CK", "domain": "LAPTOP-1AMOMQ06", "logon_type": 2, "authentication_package": null, "logon_process": null, "source_ip": null, "source_port": null, "workstation": null, "process_id": null, "process_name": null, "parent_process": null, "command_line": null, "event_data": {"TargetUserSid": "S-1-5-21-2968253474-1415708722-1289182978-1001", "TargetUserName": "Sreeram CK", "TargetDomainName": "LAPTOP-1AMOMQ06", "TargetLogonId": "0xb55eb00", "LogonType": "2"}, "collected_at": "2026-08-29T15:48:55.316172+00:00"}
{"timestamp": "2026-08-29T15:48:51.3321748Z", "log_name": "Security", "event_id": 4634, "event_name": "Logoff", "provider": "Microsoft-Windows-Security-Auditing", "provider_guid": "{54849625-5478-4994-a5ba-3e3b0328c30d}", "level": "0", "task": "12545", "opcode": "0", "computer": "LAPTOP-1AMOMQ06", "record_id": 593694, "username": "Sreeram CK", "domain": "LAPTOP-1AMOMQ06", "logon_type": 2, "authentication_package": null, "logon_process": null, "source_ip": null, "source_port": null, "workstation": null, "process_id": null, "process_name": null, "parent_process": null, "command_line": null, "event_data": {"TargetUserSid": "S-1-5-21-2968253474-1415708722-1289182978-1001", "TargetUserName": "Sreeram CK", "TargetDomainName": "LAPTOP-1AMOMQ06", "TargetLogonId": "0xb55eb3a", "LogonType": "2"}, "collected_at": "2026-08-29T15:48:55.316221+00:00"}
{"timestamp": "2026-08-29T15:48:51.3309289Z", "log_name": "Security", "event_id": 4672, "event_name": "Special Privileges Assigned", "provider": "Microsoft-Windows-Security-Auditing", "provider_guid": "{54849625-5478-4994-a5ba-3e3b0328c30d}", "level": "0", "task": "12548", "opcode": "0", "computer": "LAPTOP-1AMOMQ06", "record_id": 593693, "username": "Sreeram CK", "domain": "LAPTOP-1AMOMQ06", "logon_type": null, "authentication_package": null, "logon_process": null, "source_ip": null, "source_port": null, "workstation": null, "process_id": null, "process_name": null, "parent_process": null, "command_line": null, "event_data": {"SubjectUserSid": "S-1-5-21-2968253474-1415708722-1289182978-1001", "SubjectUserName": "Sreeram CK", "SubjectDomainName": "LAPTOP-1AMOMQ06", "SubjectLogonId": "0xb55eb00", "PrivilegeList": "SeSecurityPrivilege\n\t\t\tSeTakeOwnershipPrivilege\n\t\t\tSeLoadDriverPrivilege\n\t\t\tSeBackupPrivilege\n\t\t\tSeRestorePrivilege\n\t\t\tSeDebugPrivilege\n\t\t\tSeSystemEnvironmentPrivilege\n\t\t\tSeImpersonatePrivilege\n\t\t\tSeDelegateSessionUserImpersonatePrivilege"}, "collected_at": "2026-08-29T15:48:55.316259+00:00"}
{"timestamp": "2026-08-29T15:48:51.3309210Z", "log_name": "Security", "event_id": 4624, "event_name": "Successful Logon", "provider": "Microsoft-Windows-Security-Auditing", "provider_guid": "{54849625-5478-4994-a5ba-3e3b0328c30d}", "level": "0", "task": "12544", "opcode": "0", "computer": "LAPTOP-1AMOMQ06", "record_id": 593692, "username": "Sreeram CK", "domain": "LAPTOP-1AMOMQ06", "logon_type": 2, "authentication_package": "Negotiate", "logon_process": "User32 ", "source_ip": "127.0.0.1", "source_port": 0, "workstation": "LAPTOP-1AMOMQ06", "process_id": "0x9d4", "process_name": "C:\\Windows\\System32\\svchost.exe", "parent_process": null, "command_line": null, "event_data": {"SubjectUserSid": "S-1-5-18", "SubjectUserName": "LAPTOP-1AMOMQ06$", "SubjectDomainName": "WORKGROUP", "SubjectLogonId": "0x3e7", "TargetUserSid": "S-1-5-21-2968253474-1415708722-1289182978-1001", "TargetUserName": "Sreeram CK", "TargetDomainName": "LAPTOP-1AMOMQ06", "TargetLogonId": "0xb55eb3a", "LogonType": "2", "LogonProcessName": "User32 ", "AuthenticationPackageName": "Negotiate", "WorkstationName": "LAPTOP-1AMOMQ06", "LogonGuid": "{00000000-0000-0000-0000-000000000000}", "TransmittedServices": "-", "LmPackageName": "-", "KeyLength": "0", "ProcessId": "0x9d4", "ProcessName": "C:\\Windows\\System32\\svchost.exe", "IpAddress": "127.0.0.1", "IpPort": "0", "ImpersonationLevel": "%%1833", "RestrictedAdminMode": "-", "RemoteCredentialGuard": "-", "TargetOutboundUserName": "-", "TargetOutboundDomainName": "-", "VirtualAccount": "%%1843", "TargetLinkedLogonId": "0xb55eb00", "ElevatedToken": "%%1843"}, "collected_at": "2026-08-29T15:48:55.316300+00:00"}
{"timestamp": "2026-08-29T15:48:51.3309068Z", "log_name": "Security", "event_id": 4624, "event_name": "Successful Logon", "provider": "Microsoft-Windows-Security-Auditing", "provider_guid": "{54849625-5478-4994-a5ba-3e3b0328c30d}", "level": "0", "task": "12544", "opcode": "0", "computer": "LAPTOP-1AMOMQ06", "record_id": 593691, "username": "Sreeram CK", "domain": "LAPTOP-1AMOMQ06", "logon_type": 2, "authentication_package": "Negotiate", "logon_process": "User32 ", "source_ip": "127.0.0.1", "source_port": 0, "workstation": "LAPTOP-1AMOMQ06", "process_id": "0x9d4", "process_name": "C:\\Windows\\System32\\svchost.exe", "parent_process": null, "command_line": null, "event_data": {"SubjectUserSid": "S-1-5-18", "SubjectUserName": "LAPTOP-1AMOMQ06$", "SubjectDomainName": "WORKGROUP", "SubjectLogonId": "0x3e7", "TargetUserSid": "S-1-5-21-2968253474-1415708722-1289182978-1001", "TargetUserName": "Sreeram CK", "TargetDomainName": "LAPTOP-1AMOMQ06", "TargetLogonId": "0xb55eb00", "LogonType": "2", "LogonProcessName": "User32 ", "AuthenticationPackageName": "Negotiate", "WorkstationName": "LAPTOP-1AMOMQ06", "LogonGuid": "{00000000-0000-0000-0000-000000000000}", "TransmittedServices": "-", "LmPackageName": "-", "KeyLength": "0", "ProcessId": "0x9d4", "ProcessName": "C:\\Windows\\System32\\svchost.exe", "IpAddress": "127.0.0.1", "IpPort": "0", "ImpersonationLevel": "%%1833", "RestrictedAdminMode": "-", "RemoteCredentialGuard": "-", "TargetOutboundUserName": "-", "TargetOutboundDomainName": "-", "VirtualAccount": "%%1843", "TargetLinkedLogonId": "0xb55eb3a", "ElevatedToken": "%%1842"}, "collected_at": "2026-08-29T15:48:55.316339+00:00"}
{"timestamp": "2026-08-29T15:48:51.3308843Z", "log_name": "Security", "event_id": 4648, "event_name": "Other Event", "provider": "Microsoft-Windows-Security-Auditing", "provider_guid": "{54849625-5478-4994-a5ba-3e3b0328c30d}", "level": "0", "task": "12544", "opcode": "0", "computer": "LAPTOP-1AMOMQ06", "record_id": 593690, "username": "Sreeram CK", "domain": "LAPTOP-1AMOMQ06", "logon_type": null, "authentication_package": null, "logon_process": null, "source_ip": "127.0.0.1", "source_port": 0, "workstation": null, "process_id": "0x9d4", "process_name": "C:\\Windows\\System32\\svchost.exe", "parent_process": null, "command_line": null, "event_data": {"SubjectUserSid": "S-1-5-18", "SubjectUserName": "LAPTOP-1AMOMQ06$", "SubjectDomainName": "WORKGROUP", "SubjectLogonId": "0x3e7", "LogonGuid": "{00000000-0000-0000-0000-000000000000}", "TargetUserName": "Sreeram CK", "TargetDomainName": "LAPTOP-1AMOMQ06", "TargetLogonGuid": "{00000000-0000-0000-0000-000000000000}", "TargetServerName": "localhost", "TargetInfo": "localhost", "ProcessId": "0x9d4", "ProcessName": "C:\\Windows\\System32\\svchost.exe", "IpAddress": "127.0.0.1", "IpPort": "0"}, "collected_at": "2026-08-29T15:48:55.316407+00:00"}
{"timestamp": "2026-08-29T15:48:51.3124411Z", "log_name": "Security", "event_id": 4798, "event_name": "Other Event", "provider": "Microsoft-Windows-Security-Auditing", "provider_guid": "{54849625-5478-4994-a5ba-3e3b0328c30d}", "level": "0", "task": "13824", "opcode": "0", "computer": "LAPTOP-1AMOMQ06", "record_id": 593689, "username": "Sreeram CK", "domain": "LAPTOP-1AMOMQ06", "logon_type": null, "authentication_package": null, "logon_process": null, "source_ip": null, "source_port": null, "workstation": null, "process_id": null, "process_name": null, "parent_process": null, "command_line": null, "event_data": {"TargetUserName": "Sreeram CK", "TargetDomainName": "LAPTOP-1AMOMQ06", "TargetSid": "S-1-5-21-2968253474-1415708722-1289182978-1001", "SubjectUserSid": "S-1-5-18", "SubjectUserName": "LAPTOP-1AMOMQ06$", "SubjectDomainName": "WORKGROUP", "SubjectLogonId": "0x3e7", "CallerProcessId": "0x4d0", "CallerProcessName": "C:\\Windows\\System32\\lsass.exe"}, "collected_at": "2026-08-29T15:48:55.316446+00:00"}
{"timestamp": "2026-09-03T06:35:17.5886843Z", "log_name": "Security", "event_id": 5379, "event_name": "Other Event", "provider": "Microsoft-Windows-Security-Auditing", "provider_guid": "{54849625-5478-4994-a5ba-3e3b0328c30d}", "level": "0", "task": "13824", "opcode": "0", "computer": "LAPTOP-1AMOMQ06", "record_id": 606870, "username": "Sreeram CK", "domain": "LAPTOP-1AMOMQ06", "logon_type": null, "authentication_package": null, "logon_process": null, "source_ip": null, "source_port": null, "workstation": null, "process_id": null, "process_name": null, "parent_process": null, "command_line": null, "event_data": {"SubjectUserSid": "S-1-5-21-2968253474-1415708722-1289182978-1001", "SubjectUserName": "Sreeram CK", "SubjectDomainName": "LAPTOP-1AMOMQ06", "SubjectLogonId": "0xe9f5ca7", "TargetName": "MicrosoftAccount:user=sreeramck6@gmail.com", "Type": "0", "CountOfCredentialsReturned": "1", "ReadOperation": "%%8100", "ReturnCode": "0", "ProcessCreationTime": "2026-09-02T16:14:10.4522375Z", "ClientProcessId": "6228"}, "collected_at": "2026-09-03T06:35:19.386947+00:00"}
{"timestamp": "2026-09-03T06:35:17.5358843Z", "log_name": "Security", "event_id": 5379, "event_name": "Other Event", "provider": "Microsoft-Windows-Security-Auditing", "provider_guid": "{54849625-5478-4994-a5ba-3e3b0328c30d}", "level": "0", "task": "13824", "opcode": "0", "computer": "LAPTOP-1AMOMQ06", "record_id": 606869, "username": "Sreeram CK", "domain": "LAPTOP-1AMOMQ06", "logon_type": null, "authentication_package": null, "logon_process": null, "source_ip": null, "source_port": null, "workstation": null, "process_id": null, "process_name": null, "parent_process": null, "command_line": null, "event_data": {"SubjectUserSid": "S-1-5-21-2968253474-1415708722-1289182978-1001", "SubjectUserName": "Sreeram CK", "SubjectDomainName": "LAPTOP-1AMOMQ06", "SubjectLogonId": "0xe9f5ca7", "TargetName": "MicrosoftAccount:user=sreeramck6@gmail.com", "Type": "0", "CountOfCredentialsReturned": "1", "ReadOperation": "%%8100", "ReturnCode": "0", "ProcessCreationTime": "2026-09-02T16:14:10.4522375Z", "ClientProcessId": "6228"}, "collected_at": "2026-09-03T06:35:19.386989+00:00"}
{"timestamp": "2026-09-03T06:35:17.5343847Z", "log_name": "Security", "event_id": 5379, "event_name": "Other Event", "provider": "Microsoft-Windows-Security-Auditing", "provider_guid": "{54849625-5478-4994-a5ba-3e3b0328c30d}", "level": "0", "task": "13824", "opcode": "0", "computer": "LAPTOP-1AMOMQ06", "record_id": 606868, "username": "Sreeram CK", "domain": "LAPTOP-1AMOMQ06", "logon_type": null, "authentication_package": null, "logon_process": null, "source_ip": null, "source_port": null, "workstation": null, "process_id": null, "process_name": null, "parent_process": null, "command_line": null, "event_data": {"SubjectUserSid": "S-1-5-21-2968253474-1415708722-1289182978-1001", "SubjectUserName": "Sreeram CK", "SubjectDomainName": "LAPTOP-1AMOMQ06", "SubjectLogonId": "0xe9f5ca7", "TargetName": "WindowsLive:(cert):name=sreeramck6@gmail.com;serviceuri=*", "Type": "0", "CountOfCredentialsReturned": "0", "ReadOperation": "%%8100", "ReturnCode": "3221226021", "ProcessCreationTime": "2026-09-02T16:14:10.4522375Z", "ClientProcessId": "6228"}, "collected_at": "2026-09-03T06:35:19.387018+00:00"}
{"timestamp": "2026-09-03T06:35:17.5342568Z", "log_name": "Security", "event_id": 5379, "event_name": "Other Event", "provider": "Microsoft-Windows-Security-Auditing", "provider_guid": "{54849625-5478-4994-a5ba-3e3b0328c30d}", "level": "0", "task": "13824", "opcode": "0", "computer": "LAPTOP-1AMOMQ06", "record_id": 606867, "username": "Sreeram CK", "domain": "LAPTOP-1AMOMQ06", "logon_type": null, "authentication_package": null, "logon_process": null, "source_ip": null, "source_port": null, "workstation": null, "process_id": null, "process_name": null, "parent_process": null, "command_line": null, "event_data": {"SubjectUserSid": "S-1-5-21-2968253474-1415708722-1289182978-1001", "SubjectUserName": "Sreeram CK", "SubjectDomainName": "LAPTOP-1AMOMQ06", "SubjectLogonId": "0xe9f5ca7", "TargetName": "WindowsLive:(token):name=sreeramck6@gmail.com;serviceuri=*", "Type": "0", "CountOfCredentialsReturned": "0", "ReadOperation": "%%8100", "ReturnCode": "3221226021", "ProcessCreationTime": "2026-09-02T16:14:10.4522375Z", "ClientProcessId": "6228"}, "collected_at": "2026-09-03T06:35:19.387045+00:00"}
{"timestamp": "2026-09-03T06:35:17.5313784Z", "log_name": "Security", "event_id": 5379, "event_name": "Other Event", "provider": "Microsoft-Windows-Security-Auditing", "provider_guid": "{54849625-5478-4994-a5ba-3e3b0328c30d}", "level": "0", "task": "13824", "opcode": "0", "computer": "LAPTOP-1AMOMQ06", "record_id": 606866, "username": "Sreeram CK", "domain": "LAPTOP-1AMOMQ06", "logon_type": null, "authentication_package": null, "logon_process": null, "source_ip": null, "source_port": null, "workstation": null, "process_id": null, "process_name": null, "parent_process": null, "command_line": null, "event_data": {"SubjectUserSid": "S-1-5-21-2968253474-1415708722-1289182978-1001", "SubjectUserName": "Sreeram CK", "SubjectDomainName": "LAPTOP-1AMOMQ06", "SubjectLogonId": "0xe9f5ca7", "TargetName": "MicrosoftAccount:user=sreeramck6@gmail.com", "Type": "0", "CountOfCredentialsReturned": "1", "ReadOperation": "%%8100", "ReturnCode": "0", "ProcessCreationTime": "2026-09-02T16:14:10.4522375Z", "ClientProcessId": "6228"}, "collected_at": "2026-09-03T06:35:19.387071+00:00"}
{"timestamp": "2026-09-03T06:35:16.0786237Z", "log_name": "Security", "event_id": 4798, "event_name": "Other Event", "provider": "Microsoft-Windows-Security-Auditing", "provider_guid": "{54849625-5478-4994-a5ba-3e3b0328c30d}", "level": "0", "task": "13824", "opcode": "0", "computer": "LAPTOP-1AMOMQ06", "record_id": 606865, "username": "Sreeram CK", "domain": "LAPTOP-1AMOMQ06", "logon_type": null, "authentication_package": null, "logon_process": null, "source_ip": null, "source_port": null, "workstation": null, "process_id": null, "process_name": null, "parent_process": null, "command_line": null, "event_data": {"TargetUserName": "Sreeram CK", "TargetDomainName": "LAPTOP-1AMOMQ06", "TargetSid": "S-1-5-21-2968253474-1415708722-1289182978-1001", "SubjectUserSid": "S-1-5-18", "SubjectUserName": "LAPTOP-1AMOMQ06$", "SubjectDomainName": "WORKGROUP", "SubjectLogonId": "0x3e7", "CallerProcessId": "0x2e38", "CallerProcessName": "C:\\Windows\\System32\\LogonUI.exe"}, "collected_at": "2026-09-03T06:35:19.387099+00:00"}
{"timestamp": "2026-09-03T06:35:16.0606422Z", "log_name": "Security", "event_id": 4798, "event_name": "Other Event", "provider": "Microsoft-Windows-Security-Auditing", "provider_guid": "{54849625-5478-4994-a5ba-3e3b0328c30d}", "level": "0", "task": "13824", "opcode": "0", "computer": "LAPTOP-1AMOMQ06", "record_id": 606864, "username": "Sreeram CK", "domain": "LAPTOP-1AMOMQ06", "logon_type": null, "authentication_package": null, "logon_process": null, "source_ip": null, "source_port": null, "workstation": null, "process_id": null, "process_name": null, "parent_process": null, "command_line": null, "event_data": {"TargetUserName": "Sreeram CK", "TargetDomainName": "LAPTOP-1AMOMQ06", "TargetSid": "S-1-5-21-2968253474-1415708722-1289182978-1001", "SubjectUserSid": "S-1-5-18", "SubjectUserName": "LAPTOP-1AMOMQ06$", "SubjectDomainName": "WORKGROUP", "SubjectLogonId": "0x3e7", "CallerProcessId": "0xdc0", "CallerProcessName": "C:\\Windows\\System32\\svchost.exe"}, "collected_at": "2026-09-03T06:35:19.387125+00:00"}
{"timestamp": "2026-09-03T06:35:16.0594823Z", "log_name": "Security", "event_id": 4798, "event_name": "Other Event", "provider": "Microsoft-Windows-Security-Auditing", "provider_guid": "{54849625-5478-4994-a5ba-3e3b0328c30d}", "level": "0", "task": "13824", "opcode": "0", "computer": "LAPTOP-1AMOMQ06", "record_id": 606863, "username": "Guest", "domain": "LAPTOP-1AMOMQ06", "logon_type": null, "authentication_package": null, "logon_process": null, "source_ip": null, "source_port": null, "workstation": null, "process_id": null, "process_name": null, "parent_process": null, "command_line": null, "event_data": {"TargetUserName": "Guest", "TargetDomainName": "LAPTOP-1AMOMQ06", "TargetSid": "S-1-5-21-2968253474-1415708722-1289182978-501", "SubjectUserSid": "S-1-5-18", "SubjectUserName": "LAPTOP-1AMOMQ06$", "SubjectDomainName": "WORKGROUP", "SubjectLogonId": "0x3e7", "CallerProcessId": "0xdc0", "CallerProcessName": "C:\\Windows\\System32\\svchost.exe"}, "collected_at": "2026-09-03T06:35:19.387151+00:00"}
{"timestamp": "2026-09-03T06:35:16.0583697Z", "log_name": "Security", "event_id": 4798, "event_name": "Other Event", "provider": "Microsoft-Windows-Security-Auditing", "provider_guid": "{54849625-5478-4994-a5ba-3e3b0328c30d}", "level": "0", "task": "13824", "opcode": "0", "computer": "LAPTOP-1AMOMQ06", "record_id": 606862, "username": "DefaultAccount", "domain": "LAPTOP-1AMOMQ06", "logon_type": null, "authentication_package": null, "logon_process": null, "source_ip": null, "source_port": null, "workstation": null, "process_id": null, "process_name": null, "parent_process": null, "command_line": null, "event_data": {"TargetUserName": "DefaultAccount", "TargetDomainName": "LAPTOP-1AMOMQ06", "TargetSid": "S-1-5-21-2968253474-1415708722-1289182978-503", "SubjectUserSid": "S-1-5-18", "SubjectUserName": "LAPTOP-1AMOMQ06$", "SubjectDomainName": "WORKGROUP", "SubjectLogonId": "0x3e7", "CallerProcessId": "0xdc0", "CallerProcessName": "C:\\Windows\\System32\\svchost.exe"}, "collected_at": "2026-09-03T06:35:19.387177+00:00"}
{"timestamp": "2026-09-03T06:35:16.0570141Z", "log_name": "Security", "event_id": 4798, "event_name": "Other Event", "provider": "Microsoft-Windows-Security-Auditing", "provider_guid": "{54849625-5478-4994-a5ba-3e3b0328c30d}", "level": "0", "task": "13824", "opcode": "0", "computer": "LAPTOP-1AMOMQ06", "record_id": 606861, "username": "Administrator", "domain": "LAPTOP-1AMOMQ06", "logon_type": null, "authentication_package": null, "logon_process": null, "source_ip": null, "source_port": null, "workstation": null, "process_id": null, "process_name": null, "parent_process": null, "command_line": null, "event_data": {"TargetUserName": "Administrator", "TargetDomainName": "LAPTOP-1AMOMQ06", "TargetSid": "S-1-5-21-2968253474-1415708722-1289182978-500", "SubjectUserSid": "S-1-5-18", "SubjectUserName": "LAPTOP-1AMOMQ06$", "SubjectDomainName": "WORKGROUP", "SubjectLogonId": "0x3e7", "CallerProcessId": "0xdc0", "CallerProcessName": "C:\\Windows\\System32\\svchost.exe"}, "collected_at": "2026-09-03T06:35:19.387202+00:00"}
{"timestamp": "2026-09-03T06:35:16.0443105Z", "log_name": "Security", "event_id": 4798, "event_name": "Other Event", "provider": "Microsoft-Windows-Security-Auditing", "provider_guid": "{54849625-5478-4994-a5ba-3e3b0328c30d}", "level": "0", "task": "13824", "opcode": "0", "computer": "LAPTOP-1AMOMQ06", "record_id": 606860, "username": "Sreeram CK", "domain": "LAPTOP-1AMOMQ06", "logon_type": null, "authentication_package": null, "logon_process": null, "source_ip": null, "source_port": null, "workstation": null, "process_id": null, "process_name": null, "parent_process": null, "command_line": null, "event_data": {"TargetUserName": "Sreeram CK", "TargetDomainName": "LAPTOP-1AMOMQ06", "TargetSid": "S-1-5-21-2968253474-1415708722-1289182978-1001", "SubjectUserSid": "S-1-5-18", "SubjectUserName": "LAPTOP-1AMOMQ06$", "SubjectDomainName": "WORKGROUP", "SubjectLogonId": "0x3e7", "CallerProcessId": "0xdc0", "CallerProcessName": "C:\\Windows\\System32\\svchost.exe"}, "collected_at": "2026-09-03T06:35:19.387228+00:00"}
{"timestamp": "2026-09-03T06:35:16.0406138Z", "log_name": "Security", "event_id": 4798, "event_name": "Other Event", "provider": "Microsoft-Windows-Security-Auditing", "provider_guid": "{54849625-5478-4994-a5ba-3e3b0328c30d}", "level": "0", "task": "13824", "opcode": "0", "computer": "LAPTOP-1AMOMQ06", "record_id": 606859, "username": "Guest", "domain": "LAPTOP-1AMOMQ06", "logon_type": null, "authentication_package": null, "logon_process": null, "source_ip": null, "source_port": null, "workstation": null, "process_id": null, "process_name": null, "parent_process": null, "command_line": null, "event_data": {"TargetUserName": "Guest", "TargetDomainName": "LAPTOP-1AMOMQ06", "TargetSid": "S-1-5-21-2968253474-1415708722-1289182978-501", "SubjectUserSid": "S-1-5-18", "SubjectUserName": "LAPTOP-1AMOMQ06$", "SubjectDomainName": "WORKGROUP", "SubjectLogonId": "0x3e7", "CallerProcessId": "0xdc0", "CallerProcessName": "C:\\Windows\\System32\\svchost.exe"}, "collected_at": "2026-09-03T06:35:19.387267+00:00"}
{"timestamp": "2026-09-03T06:35:16.0343126Z", "log_name": "Security", "event_id": 4798, "event_name": "Other Event", "provider": "Microsoft-Windows-Security-Auditing", "provider_guid": "{54849625-5478-4994-a5ba-3e3b0328c30d}", "level": "0", "task": "13824", "opcode": "0", "computer": "LAPTOP-1AMOMQ06", "record_id": 606858, "username": "DefaultAccount", "domain": "LAPTOP-1AMOMQ06", "logon_type": null, "authentication_package": null, "logon_process": null, "source_ip": null, "source_port": null, "workstation": null, "process_id": null, "process_name": null, "parent_process": null, "command_line": null, "event_data": {"TargetUserName": "DefaultAccount", "TargetDomainName": "LAPTOP-1AMOMQ06", "TargetSid": "S-1-5-21-2968253474-1415708722-1289182978-503", "SubjectUserSid": "S-1-5-18", "SubjectUserName": "LAPTOP-1AMOMQ06$", "SubjectDomainName": "WORKGROUP", "SubjectLogonId": "0x3e7", "CallerProcessId": "0xdc0", "CallerProcessName": "C:\\Windows\\System32\\svchost.exe"}, "collected_at": "2026-09-03T06:35:19.387298+00:00"}
{"timestamp": "2026-09-03T06:35:16.0329791Z", "log_name": "Security", "event_id": 4798, "event_name": "Other Event", "provider": "Microsoft-Windows-Security-Auditing", "provider_guid": "{54849625-5478-4994-a5ba-3e3b0328c30d}", "level": "0", "task": "13824", "opcode": "0", "computer": "LAPTOP-1AMOMQ06", "record_id": 606857, "username": "Administrator", "domain": "LAPTOP-1AMOMQ06", "logon_type": null, "authentication_package": null, "logon_process": null, "source_ip": null, "source_port": null, "workstation": null, "process_id": null, "process_name": null, "parent_process": null, "command_line": null, "event_data": {"TargetUserName": "Administrator", "TargetDomainName": "LAPTOP-1AMOMQ06", "TargetSid": "S-1-5-21-2968253474-1415708722-1289182978-500", "SubjectUserSid": "S-1-5-18", "SubjectUserName": "LAPTOP-1AMOMQ06$", "SubjectDomainName": "WORKGROUP", "SubjectLogonId": "0x3e7", "CallerProcessId": "0xdc0", "CallerProcessName": "C:\\Windows\\System32\\svchost.exe"}, "collected_at": "2026-09-03T06:35:19.387336+00:00"}
{"timestamp": "2026-09-03T06:35:15.7096692Z", "log_name": "Security", "event_id": 4672, "event_name": "Special Privileges Assigned", "provider": "Microsoft-Windows-Security-Auditing", "provider_guid": "{54849625-5478-4994-a5ba-3e3b0328c30d}", "level": "0", "task": "12548", "opcode": "0", "computer": "LAPTOP-1AMOMQ06", "record_id": 606856, "username": "SYSTEM", "domain": "NT AUTHORITY", "logon_type": null, "authentication_package": null, "logon_process": null, "source_ip": null, "source_port": null, "workstation": null, "process_id": null, "process_name": null, "parent_process": null, "command_line": null, "event_data": {"SubjectUserSid": "S-1-5-18", "SubjectUserName": "SYSTEM", "SubjectDomainName": "NT AUTHORITY", "SubjectLogonId": "0x3e7", "PrivilegeList": "SeAssignPrimaryTokenPrivilege\n\t\t\tSeTcbPrivilege\n\t\t\tSeSecurityPrivilege\n\t\t\tSeTakeOwnershipPrivilege\n\t\t\tSeLoadDriverPrivilege\n\t\t\tSeBackupPrivilege\n\t\t\tSeRestorePrivilege\n\t\t\tSeDebugPrivilege\n\t\t\tSeAuditPrivilege\n\t\t\tSeSystemEnvironmentPrivilege\n\t\t\tSeImpersonatePrivilege\n\t\t\tSeDelegateSessionUserImpersonatePrivilege"}, "collected_at": "2026-09-03T06:35:19.387364+00:00"}
{"timestamp": "2026-09-03T06:35:15.7096478Z", "log_name": "Security", "event_id": 4624, "event_name": "Successful Logon", "provider": "Microsoft-Windows-Security-Auditing", "provider_guid": "{54849625-5478-4994-a5ba-3e3b0328c30d}", "level": "0", "task": "12544", "opcode": "0", "computer": "LAPTOP-1AMOMQ06", "record_id": 606855, "username": "SYSTEM", "domain": "NT AUTHORITY", "logon_type": 5, "authentication_package": "Negotiate", "logon_process": "Advapi  ", "source_ip": null, "source_port": null, "workstation": null, "process_id": "0x49c", "process_name": "C:\\Windows\\System32\\services.exe", "parent_process": null, "command_line": null, "event_data": {"SubjectUserSid": "S-1-5-18", "SubjectUserName": "LAPTOP-1AMOMQ06$", "SubjectDomainName": "WORKGROUP", "SubjectLogonId": "0x3e7", "TargetUserSid": "S-1-5-18", "TargetUserName": "SYSTEM", "TargetDomainName": "NT AUTHORITY", "TargetLogonId": "0x3e7", "LogonType": "5", "LogonProcessName": "Advapi  ", "AuthenticationPackageName": "Negotiate", "WorkstationName": "-", "LogonGuid": "{00000000-0000-0000-0000-000000000000}", "TransmittedServices": "-", "LmPackageName": "-", "KeyLength": "0", "ProcessId": "0x49c", "ProcessName": "C:\\Windows\\System32\\services.exe", "IpAddress": "-", "IpPort": "-", "ImpersonationLevel": "%%1833", "RestrictedAdminMode": "-", "RemoteCredentialGuard": "-", "TargetOutboundUserName": "-", "TargetOutboundDomainName": "-", "VirtualAccount": "%%1843", "TargetLinkedLogonId": "0x0", "ElevatedToken": "%%1842"}, "collected_at": "2026-09-03T06:35:19.387399+00:00"}
{"timestamp": "2026-09-03T06:35:18.9055256Z", "log_name": "System", "event_id": 17, "event_name": "Other Event", "provider": "TPM", "provider_guid": "{1b6b0772-251b-4d42-917d-faca166bc059}", "level": "4", "task": "0", "opcode": "0", "computer": "LAPTOP-1AMOMQ06", "record_id": 20145, "username": null, "domain": null, "logon_type": null, "authentication_package": null, "logon_process": null, "source_ip": null, "source_port": null, "workstation": null, "process_id": null, "process_name": null, "parent_process": null, "command_line": null, "event_data": {"driverFile": "0x1e", "lineNumber": "923", "TpmCommandOrdinal": "350", "TpmResponseCode": "2446"}, "collected_at": "2026-09-03T06:35:19.420807+00:00"}
{"timestamp": "2026-09-03T06:35:21.6345269Z", "log_name": "Security", "event_id": 4634, "event_name": "Logoff", "provider": "Microsoft-Windows-Security-Auditing", "provider_guid": "{54849625-5478-4994-a5ba-3e3b0328c30d}", "level": "0", "task": "12545", "opcode": "0", "computer": "LAPTOP-1AMOMQ06", "record_id": 606936, "username": "Sreeram CK", "domain": "LAPTOP-1AMOMQ06", "logon_type": 2, "authentication_package": null, "logon_process": null, "source_ip": null, "source_port": null, "workstation": null, "process_id": null, "process_name": null, "parent_process": null, "command_line": null, "event_data": {"TargetUserSid": "S-1-5-21-2968253474-1415708722-1289182978-1001", "TargetUserName": "Sreeram CK", "TargetDomainName": "LAPTOP-1AMOMQ06", "TargetLogonId": "0xec72631", "LogonType": "2"}, "collected_at": "2026-09-03T06:35:24.476106+00:00"}
{"timestamp": "2026-09-03T06:35:21.6342620Z", "log_name": "Security", "event_id": 4634, "event_name": "Logoff", "provider": "Microsoft-Windows-Security-Auditing", "provider_guid": "{54849625-5478-4994-a5ba-3e3b0328c30d}", "level": "0", "task": "12545", "opcode": "0", "computer": "LAPTOP-1AMOMQ06", "record_id": 606935, "username": "Sreeram CK", "domain": "LAPTOP-1AMOMQ06", "logon_type": 2, "authentication_package": null, "logon_process": null, "source_ip": null, "source_port": null, "workstation": null, "process_id": null, "process_name": null, "parent_process": null, "command_line": null, "event_data": {"TargetUserSid": "S-1-5-21-2968253474-1415708722-1289182978-1001", "TargetUserName": "Sreeram CK", "TargetDomainName": "LAPTOP-1AMOMQ06", "TargetLogonId": "0xec7267d", "LogonType": "2"}, "collected_at": "2026-09-03T06:35:24.476182+00:00"}
{"timestamp": "2026-09-03T06:35:21.6168581Z", "log_name": "Security", "event_id": 4672, "event_name": "Special Privileges Assigned", "provider": "Microsoft-Windows-Security-Auditing", "provider_guid": "{54849625-5478-4994-a5ba-3e3b0328c30d}", "level": "0", "task": "12548", "opcode": "0", "computer": "LAPTOP-1AMOMQ06", "record_id": 606934, "username": "Sreeram CK", "domain": "LAPTOP-1AMOMQ06", "logon_type": null, "authentication_package": null, "logon_process": null, "source_ip": null, "source_port": null, "workstation": null, "process_id": null, "process_name": null, "parent_process": null, "command_line": null, "event_data": {"SubjectUserSid": "S-1-5-21-2968253474-1415708722-1289182978-1001", "SubjectUserName": "Sreeram CK", "SubjectDomainName": "LAPTOP-1AMOMQ06", "SubjectLogonId": "0xec72631", "PrivilegeList": "SeSecurityPrivilege\n\t\t\tSeTakeOwnershipPrivilege\n\t\t\tSeLoadDriverPrivilege\n\t\t\tSeBackupPrivilege\n\t\t\tSeRestorePrivilege\n\t\t\tSeDebugPrivilege\n\t\t\tSeSystemEnvironmentPrivilege\n\t\t\tSeImpersonatePrivilege\n\t\t\tSeDelegateSessionUserImpersonatePrivilege"}, "collected_at": "2026-09-03T06:35:24.476240+00:00"}
{"timestamp": "2026-09-03T06:35:21.6168142Z", "log_name": "Security", "event_id": 4624, "event_name": "Successful Logon", "provider": "Microsoft-Windows-Security-Auditing", "provider_guid": "{54849625-5478-4994-a5ba-3e3b0328c30d}", "level": "0", "task": "12544", "opcode": "0", "computer": "LAPTOP-1AMOMQ06", "record_id": 606933, "username": "Sreeram CK", "domain": "LAPTOP-1AMOMQ06", "logon_type": 2, "authentication_package": "Negotiate", "logon_process": "User32 ", "source_ip": "127.0.0.1", "source_port": 0, "workstation": "LAPTOP-1AMOMQ06", "process_id": "0x9d4", "process_name": "C:\\Windows\\System32\\svchost.exe", "parent_process": null, "command_line": null, "event_data": {"SubjectUserSid": "S-1-5-18", "SubjectUserName": "LAPTOP-1AMOMQ06$", "SubjectDomainName": "WORKGROUP", "SubjectLogonId": "0x3e7", "TargetUserSid": "S-1-5-21-2968253474-1415708722-1289182978-1001", "TargetUserName": "Sreeram CK", "TargetDomainName": "LAPTOP-1AMOMQ06", "TargetLogonId": "0xec7267d", "LogonType": "2", "LogonProcessName": "User32 ", "AuthenticationPackageName": "Negotiate", "WorkstationName": "LAPTOP-1AMOMQ06", "LogonGuid": "{00000000-0000-0000-0000-000000000000}", "TransmittedServices": "-", "LmPackageName": "-", "KeyLength": "0", "ProcessId": "0x9d4", "ProcessName": "C:\\Windows\\System32\\svchost.exe", "IpAddress": "127.0.0.1", "IpPort": "0", "ImpersonationLevel": "%%1833", "RestrictedAdminMode": "-", "RemoteCredentialGuard": "-", "TargetOutboundUserName": "-", "TargetOutboundDomainName": "-", "VirtualAccount": "%%1843", "TargetLinkedLogonId": "0xec72631", "ElevatedToken": "%%1843"}, "collected_at": "2026-09-03T06:35:24.476303+00:00"}
{"timestamp": "2026-09-03T06:35:21.6167919Z", "log_name": "Security", "event_id": 4624, "event_name": "Successful Logon", "provider": "Microsoft-Windows-Security-Auditing", "provider_guid": "{54849625-5478-4994-a5ba-3e3b0328c30d}", "level": "0", "task": "12544", "opcode": "0", "computer": "LAPTOP-1AMOMQ06", "record_id": 606932, "username": "Sreeram CK", "domain": "LAPTOP-1AMOMQ06", "logon_type": 2, "authentication_package": "Negotiate", "logon_process": "User32 ", "source_ip": "127.0.0.1", "source_port": 0, "workstation": "LAPTOP-1AMOMQ06", "process_id": "0x9d4", "process_name": "C:\\Windows\\System32\\svchost.exe", "parent_process": null, "command_line": null, "event_data": {"SubjectUserSid": "S-1-5-18", "SubjectUserName": "LAPTOP-1AMOMQ06$", "SubjectDomainName": "WORKGROUP", "SubjectLogonId": "0x3e7", "TargetUserSid": "S-1-5-21-2968253474-1415708722-1289182978-1001", "TargetUserName": "Sreeram CK", "TargetDomainName": "LAPTOP-1AMOMQ06", "TargetLogonId": "0xec72631", "LogonType": "2", "LogonProcessName": "User32 ", "AuthenticationPackageName": "Negotiate", "WorkstationName": "LAPTOP-1AMOMQ06", "LogonGuid": "{00000000-0000-0000-0000-000000000000}", "TransmittedServices": "-", "LmPackageName": "-", "KeyLength": "0", "ProcessId": "0x9d4", "ProcessName": "C:\\Windows\\System32\\svchost.exe", "IpAddress": "127.0.0.1", "IpPort": "0", "ImpersonationLevel": "%%1833", "RestrictedAdminMode": "-", "RemoteCredentialGuard": "-", "TargetOutboundUserName": "-", "TargetOutboundDomainName": "-", "VirtualAccount": "%%1843", "TargetLinkedLogonId": "0xec7267d", "ElevatedToken": "%%1842"}, "collected_at": "2026-09-03T06:35:24.476362+00:00"}
{"timestamp": "2026-09-03T06:35:21.6167519Z", "log_name": "Security", "event_id": 4648, "event_name": "Other Event", "provider": "Microsoft-Windows-Security-Auditing", "provider_guid": "{54849625-5478-4994-a5ba-3e3b0328c30d}", "level": "0", "task": "12544", "opcode": "0", "computer": "LAPTOP-1AMOMQ06", "record_id": 606931, "username": "Sreeram CK", "domain": "LAPTOP-1AMOMQ06", "logon_type": null, "authentication_package": null, "logon_process": null, "source_ip": "127.0.0.1", "source_port": 0, "workstation": null, "process_id": "0x9d4", "process_name": "C:\\Windows\\System32\\svchost.exe", "parent_process": null, "command_line": null, "event_data": {"SubjectUserSid": "S-1-5-18", "SubjectUserName": "LAPTOP-1AMOMQ06$", "SubjectDomainName": "WORKGROUP", "SubjectLogonId": "0x3e7", "LogonGuid": "{00000000-0000-0000-0000-000000000000}", "TargetUserName": "Sreeram CK", "TargetDomainName": "LAPTOP-1AMOMQ06", "TargetLogonGuid": "{00000000-0000-0000-0000-000000000000}", "TargetServerName": "localhost", "TargetInfo": "localhost", "ProcessId": "0x9d4", "ProcessName": "C:\\Windows\\System32\\svchost.exe", "IpAddress": "127.0.0.1", "IpPort": "0"}, "collected_at": "2026-09-03T06:35:24.476418+00:00"}
{"timestamp": "2026-09-03T06:35:21.5906437Z", "log_name": "Security", "event_id": 4798, "event_name": "Other Event", "provider": "Microsoft-Windows-Security-Auditing", "provider_guid": "{54849625-5478-4994-a5ba-3e3b0328c30d}", "level": "0", "task": "13824", "opcode": "0", "computer": "LAPTOP-1AMOMQ06", "record_id": 606930, "username": "Sreeram CK", "domain": "LAPTOP-1AMOMQ06", "logon_type": null, "authentication_package": null, "logon_process": null, "source_ip": null, "source_port": null, "workstation": null, "process_id": null, "process_name": null, "parent_process": null, "command_line": null, "event_data": {"TargetUserName": "Sreeram CK", "TargetDomainName": "LAPTOP-1AMOMQ06", "TargetSid": "S-1-5-21-2968253474-1415708722-1289182978-1001", "SubjectUserSid": "S-1-5-18", "SubjectUserName": "LAPTOP-1AMOMQ06$", "SubjectDomainName": "WORKGROUP", "SubjectLogonId": "0x3e7", "CallerProcessId": "0x4d0", "CallerProcessName": "C:\\Windows\\System32\\lsass.exe"}, "collected_at": "2026-09-03T06:35:24.476470+00:00"}
{"timestamp": "2026-09-03T06:35:19.8326895Z", "log_name": "Security", "event_id": 5379, "event_name": "Other Event", "provider": "Microsoft-Windows-Security-Auditing", "provider_guid": "{54849625-5478-4994-a5ba-3e3b0328c30d}", "level": "0", "task": "13824", "opcode": "0", "computer": "LAPTOP-1AMOMQ06", "record_id": 606929, "username": "Sreeram CK", "domain": "LAPTOP-1AMOMQ06", "logon_type": null, "authentication_package": null, "logon_process": null, "source_ip": null, "source_port": null, "workstation": null, "process_id": null, "process_name": null, "parent_process": null, "command_line": null, "event_data": {"SubjectUserSid": "S-1-5-21-2968253474-1415708722-1289182978-1001", "SubjectUserName": "Sreeram CK", "SubjectDomainName": "LAPTOP-1AMOMQ06", "SubjectLogonId": "0xe9f5ca7", "TargetName": "MicrosoftAccount:user=sreeramck6@gmail.com", "Type": "0", "CountOfCredentialsReturned": "1", "ReadOperation": "%%8100", "ReturnCode": "0", "ProcessCreationTime": "2026-09-02T16:14:10.4522375Z", "ClientProcessId": "6228"}, "collected_at": "2026-09-03T06:35:24.476520+00:00"}
{"timestamp": "2026-09-03T06:35:19.8319170Z", "log_name": "Security", "event_id": 5379, "event_name": "Other Event", "provider": "Microsoft-Windows-Security-Auditing", "provider_guid": "{54849625-5478-4994-a5ba-3e3b0328c30d}", "level": "0", "task": "13824", "opcode": "0", "computer": "LAPTOP-1AMOMQ06", "record_id": 606928, "username": "Sreeram CK", "domain": "LAPTOP-1AMOMQ06", "logon_type": null, "authentication_package": null, "logon_process": null, "source_ip": null, "source_port": null, "workstation": null, "process_id": null, "process_name": null, "parent_process": null, "command_line": null, "event_data": {"SubjectUserSid": "S-1-5-21-2968253474-1415708722-1289182978-1001", "SubjectUserName": "Sreeram CK", "SubjectDomainName": "LAPTOP-1AMOMQ06", "SubjectLogonId": "0xe9f5ca7", "TargetName": "MicrosoftAccount:user=sreeramck6@gmail.com", "Type": "0", "CountOfCredentialsReturned": "1", "ReadOperation": "%%8100", "ReturnCode": "0", "ProcessCreationTime": "2026-09-02T16:14:10.4522375Z", "ClientProcessId": "6228"}, "collected_at": "2026-09-03T06:35:24.476573+00:00"}
{"timestamp": "2026-09-03T06:35:19.8312024Z", "log_name": "Security", "event_id": 5379, "event_name": "Other Event", "provider": "Microsoft-Windows-Security-Auditing", "provider_guid": "{54849625-5478-4994-a5ba-3e3b0328c30d}", "level": "0", "task": "13824", "opcode": "0", "computer": "LAPTOP-1AMOMQ06", "record_id": 606927, "username": "Sreeram CK", "domain": "LAPTOP-1AMOMQ06", "logon_type": null, "authentication_package": null, "logon_process": null, "source_ip": null, "source_port": null, "workstation": null, "process_id": null, "process_name": null, "parent_process": null, "command_line": null, "event_data": {"SubjectUserSid": "S-1-5-21-2968253474-1415708722-1289182978-1001", "SubjectUserName": "Sreeram CK", "SubjectDomainName": "LAPTOP-1AMOMQ06", "SubjectLogonId": "0xe9f5ca7", "TargetName": "MicrosoftAccount:user=sreeramck6@gmail.com", "Type": "0", "CountOfCredentialsReturned": "1", "ReadOperation": "%%8100", "ReturnCode": "0", "ProcessCreationTime": "2026-09-02T16:14:10.4522375Z", "ClientProcessId": "6228"}, "collected_at": "2026-09-03T06:35:24.476626+00:00"}
{"timestamp": "2026-09-03T06:35:19.8305897Z", "log_name": "Security", "event_id": 5379, "event_name": "Other Event", "provider": "Microsoft-Windows-Security-Auditing", "provider_guid": "{54849625-5478-4994-a5ba-3e3b0328c30d}", "level": "0", "task": "13824", "opcode": "0", "computer": "LAPTOP-1AMOMQ06", "record_id": 606926, "username": "Sreeram CK", "domain": "LAPTOP-1AMOMQ06", "logon_type": null, "authentication_package": null, "logon_process": null, "source_ip": null, "source_port": null, "workstation": null, "process_id": null, "process_name": null, "parent_process": null, "command_line": null, "event_data": {"SubjectUserSid": "S-1-5-21-2968253474-1415708722-1289182978-1001", "SubjectUserName": "Sreeram CK", "SubjectDomainName": "LAPTOP-1AMOMQ06", "SubjectLogonId": "0xe9f5ca7", "TargetName": "MicrosoftAccount:user=sreeramck6@gmail.com", "Type": "0", "CountOfCredentialsReturned": "1", "ReadOperation": "%%8100", "ReturnCode": "0", "ProcessCreationTime": "2026-09-02T16:14:10.4522375Z", "ClientProcessId": "6228"}, "collected_at": "2026-09-03T06:35:24.476678+00:00"}
