{"timestamp": "2026-09-03T06:35:19.8297162Z", "log_name": "Security", "event_id": 5379, "event_name": "Other Event", "provider": "Microsoft-Windows-Security-Auditing", "provider_guid": "{54849625-5478-4994-a5ba-3e3b0328c30d}", "level": "0", "task": "13824", "opcode": "0", "computer": "LAPTOP-1AMOMQ06", "record_id": 606925, "username": "Sreeram CK", "domain": "LAPTOP-1AMOMQ06", "logon_type": null, "authentication_package": null, "logon_process": null, "source_ip": null, "source_port": null, "workstation": null, "process_id": null, "process_name": null, "parent_process": null, "command_line": null, "event_data": {"SubjectUserSid": "S-1-5-21-2968253474-1415708722-1289182978-1001", "SubjectUserName": "Sreeram CK", "SubjectDomainName": "LAPTOP-1AMOMQ06", "SubjectLogonId": "0xe9f5ca7", "TargetName": "MicrosoftAccount:user=sreeramck6@gmail.com", "Type": "0", "CountOfCredentialsReturned": "1", "ReadOperation": "%%8100", "ReturnCode": "0", "ProcessCreationTime": "2026-09-02T16:14:10.4522375Z", "ClientProcessId": "6228"}, "collected_at": "2026-09-03T06:35:24.476729+00:00"}
{"timestamp": "2026-09-03T06:35:19.8289472Z", "log_name": "Security", "event_id": 5379, "event_name": "Other Event", "provider": "Microsoft-Windows-Security-Auditing", "provider_guid": "{54849625-5478-4994-a5ba-3e3b0328c30d}", "level": "0", "task": "13824", "opcode": "0", "computer": "LAPTOP-1AMOMQ06", "record_id": 606924, "username": "Sreeram CK", "domain": "LAPTOP-1AMOMQ06", "logon_type": null, "authentication_package": null, "logon_process": null, "source_ip": null, "source_port": null, "workstation": null, "process_id": null, "process_name": null, "parent_process": null, "command_line": null, "event_data": {"SubjectUserSid": "S-1-5-21-2968253474-1415708722-1289182978-1001", "SubjectUserName": "Sreeram CK", "SubjectDomainName": "LAPTOP-1AMOMQ06", "SubjectLogonId": "0xe9f5ca7", "TargetName": "MicrosoftAccount:user=sreeramck6@gmail.com", "Type": "0", "CountOfCredentialsReturned": "1", "ReadOperation": "%%8100", "ReturnCode": "0", "ProcessCreationTime": "2026-09-02T16:14:10.4522375Z", "ClientProcessId": "6228"}, "collected_at": "2026-09-03T06:35:24.476784+00:00"}
{"timestamp": "2026-09-03T06:35:19.8279650Z", "log_name": "Security", "event_id": 5379, "event_name": "Other Event", "provider": "Microsoft-Windows-Security-Auditing", "provider_guid": "{54849625-5478-4994-a5ba-3e3b0328c30d}", "level": "0", "task": "13824", "opcode": "0", "computer": "LAPTOP-1AMOMQ06", "record_id": 606923, "username": "Sreeram CK", "domain": "LAPTOP-1AMOMQ06", "logon_type": null, "authentication_package": null, "logon_process": null, "source_ip": null, "source_port": null, "workstation": null, "process_id": null, "process_name": null, "parent_process": null, "command_line": null, "event_data": {"SubjectUserSid": "S-1-5-21-2968253474-1415708722-1289182978-1001", "SubjectUserName": "Sreeram CK", "SubjectDomainName": "LAPTOP-1AMOMQ06", "SubjectLogonId": "0xe9f5ca7", "TargetName": "MicrosoftAccount:user=sreeramck6@gmail.com", "Type": "0", "CountOfCredentialsReturned": "1", "ReadOperation": "%%8100", "ReturnCode": "0", "ProcessCreationTime": "2026-09-02T16:14:10.4522375Z", "ClientProcessId": "6228"}, "collected_at": "2026-09-03T06:35:24.476836+00:00"}
{"timestamp": "2026-09-03T06:35:19.8271850Z", "log_name": "Security", "event_id": 5379, "event_name": "Other Event", "provider": "Microsoft-Windows-Security-Auditing", "provider_guid": "{54849625-5478-4994-a5ba-3e3b0328c30d}", "level": "0", "task": "13824", "opcode": "0", "computer": "LAPTOP-1AMOMQ06", "record_id": 606922, "username": "Sreeram CK", "domain": "LAPTOP-1AMOMQ06", "logon_type": null, "authentication_package": null, "logon_process": null, "source_ip": null, "source_port": null, "workstation": null, "process_id": null, "process_name": null, "parent_process": null, "command_line": null, "event_data": {"SubjectUserSid": "S-1-5-21-2968253474-1415708722-1289182978-1001", "SubjectUserName": "Sreeram CK", "SubjectDomainName": "LAPTOP-1AMOMQ06", "SubjectLogonId": "0xe9f5ca7", "TargetName": "MicrosoftAccount:user=sreeramck6@gmail.com", "Type": "0", "CountOfCredentialsReturned": "1", "ReadOperation": "%%8100", "ReturnCode": "0", "ProcessCreationTime": "2026-09-02T16:14:10.4522375Z", "ClientProcessId": "6228"}, "collected_at": "2026-09-03T06:35:24.476895+00:00"}
{"timestamp": "2026-09-03T06:35:19.8262698Z", "log_name": "Security", "event_id": 5379, "event_name": "Other Event", "provider": "Microsoft-Windows-Security-Auditing", "provider_guid": "{54849625-5478-4994-a5ba-3e3b0328c30d}", "level": "0", "task": "13824", "opcode": "0", "computer": "LAPTOP-1AMOMQ06", "record_id": 606921, "username": "Sreeram CK", "domain": "LAPTOP-1AMOMQ06", "logon_type": null, "authentication_package": null, "logon_process": null, "source_ip": null, "source_port": null, "workstation": null, "process_id": null, "process_name": null, "parent_process": null, "command_line": null, "event_data": {"SubjectUserSid": "S-1-5-21-2968253474-1415708722-1289182978-1001", "SubjectUserName": "Sreeram CK", "SubjectDomainName": "LAPTOP-1AMOMQ06", "SubjectLogonId": "0xe9f5ca7", "TargetName": "MicrosoftAccount:user=sreeramck6@gmail.com", "Type": "0", "CountOfCredentialsReturned": "1", "ReadOperation": "%%8100", "ReturnCode": "0", "ProcessCreationTime": "2026-09-02T16:14:10.4522375Z", "ClientProcessId": "6228"}, "collected_at": "2026-09-03T06:35:24.476962+00:00"}
{"timestamp": "2026-09-03T06:35:19.8254274Z", "log_name": "Security", "event_id": 5379, "event_name": "Other Event", "provider": "Microsoft-Windows-Security-Auditing", "provider_guid": "{54849625-5478-4994-a5ba-3e3b0328c30d}", "level": "0", "task": "13824", "opcode": "0", "computer": "LAPTOP-1AMOMQ06", "record_id": 606920, "username": "Sreeram CK", "domain": "LAPTOP-1AMOMQ06", "logon_type": null, "authentication_package": null, "logon_process": null, "source_ip": null, "source_port": null, "workstation": null, "process_id": null, "process_name": null, "parent_process": null, "command_line": null, "event_data": {"SubjectUserSid": "S-1-5-21-2968253474-1415708722-1289182978-1001", "SubjectUserName": "Sreeram CK", "SubjectDomainName": "LAPTOP-1AMOMQ06", "SubjectLogonId": "0xe9f5ca7", "TargetName": "MicrosoftAccount:user=sreeramck6@gmail.com", "Type": "0", "CountOfCredentialsReturned": "1", "ReadOperation": "%%8100", "ReturnCode": "0", "ProcessCreationTime": "2026-09-02T16:14:10.4522375Z", "ClientProcessId": "6228"}, "collected_at": "2026-09-03T06:35:24.477027+00:00"}
{"timestamp": "2026-09-03T06:35:19.8244969Z", "log_name": "Security", "event_id": 5379, "event_name": "Other Event", "provider": "Microsoft-Windows-Security-Auditing", "provider_guid": "{54849625-5478-4994-a5ba-3e3b0328c30d}", "level": "0", "task": "13824", "opcode": "0", "computer": "LAPTOP-1AMOMQ06", "record_id": 606919, "username": "Sreeram CK", "domain": "LAPTOP-1AMOMQ06", "logon_type": null, "authentication_package": null, "logon_process": null, "source_ip": null, "source_port": null, "workstation": null, "process_id": null, "process_name": null, "parent_process": null, "command_line": null, "event_data": {"SubjectUserSid": "S-1-5-21-2968253474-1415708722-1289182978-1001", "SubjectUserName": "Sreeram CK", "SubjectDomainName": "LAPTOP-1AMOMQ06", "SubjectLogonId": "0xe9f5ca7", "TargetName": "MicrosoftAccount:user=sreeramck6@gmail.com", "Type": "0", "CountOfCredentialsReturned": "1", "ReadOperation": "%%8100", "ReturnCode": "0", "ProcessCreationTime": "2026-09-02T16:14:10.4522375Z", "ClientProcessId": "6228"}, "collected_at": "2026-09-03T06:35:24.477377+00:00"}
{"timestamp": "2026-09-03T06:35:19.8234548Z", "log_name": "Security", "event_id": 5379, "event_name": "Other Event", "provider": "Microsoft-Windows-Security-Auditing", "provider_guid": "{54849625-5478-4994-a5ba-3e3b0328c30d}", "level": "0", "task": "13824", "opcode": "0", "computer": "LAPTOP-1AMOMQ06", "record_id": 606918, "username": "Sreeram CK", "domain": "LAPTOP-1AMOMQ06", "logon_type": null, "authentication_package": null, "logon_process": null, "source_ip": null, "source_port": null, "workstation": null, "process_id": null, "process_name": null, "parent_process": null, "command_line": null, "event_data": {"SubjectUserSid": "S-1-5-21-2968253474-1415708722-1289182978-1001", "SubjectUserName": "Sreeram CK", "SubjectDomainName": "LAPTOP-1AMOMQ06", "SubjectLogonId": "0xe9f5ca7", "TargetName": "MicrosoftAccount:user=sreeramck6@gmail.com", "Type": "0", "CountOfCredentialsReturned": "1", "ReadOperation": "%%8100", "ReturnCode": "0", "ProcessCreationTime": "2026-09-02T16:14:10.4522375Z", "ClientProcessId": "6228"}, "collected_at": "2026-09-03T06:35:24.477490+00:00"}
{"timestamp": "2026-09-03T06:35:19.8223148Z", "log_name": "Security", "event_id": 5379, "event_name": "Other Event", "provider": "Microsoft-Windows-Security-Auditing", "provider_guid": "{54849625-5478-4994-a5ba-3e3b0328c30d}", "level": "0", "task": "13824", "opcode": "0", "computer": "LAPTOP-1AMOMQ06", "record_id": 606917, "username": "Sreeram CK", "domain": "LAPTOP-1AMOMQ06", "logon_type": null, "authentication_package": null, "logon_process": null, "source_ip": null, "source_port": null, "workstation": null, "process_id": null, "process_name": null, "parent_process": null, "command_line": null, "event_data": {"SubjectUserSid": "S-1-5-21-2968253474-1415708722-1289182978-1001", "SubjectUserName": "Sreeram CK", "SubjectDomainName": "LAPTOP-1AMOMQ06", "SubjectLogonId": "0xe9f5ca7", "TargetName": "MicrosoftAccount:user=sreeramck6@gmail.com", "Type": "0", "CountOfCredentialsReturned": "1", "ReadOperation": "%%8100", "ReturnCode": "0", "ProcessCreationTime": "2026-09-02T16:14:10.4522375Z", "ClientProcessId": "6228"}, "collected_at": "2026-09-03T06:35:24.477562+00:00"}
{"timestamp": "2026-09-03T06:35:19.8213065Z", "log_name": "Security", "event_id": 5379, "event_name": "Other Event", "provider": "Microsoft-Windows-Security-Auditing", "provider_guid": "{54849625-5478-4994-a5ba-3e3b0328c30d}", "level": "0", "task": "13824", "opcode": "0", "computer": "LAPTOP-1AMOMQ06", "record_id": 606916, "username": "Sreeram CK", "domain": "LAPTOP-1AMOMQ06", "logon_type": null, "authentication_package": null, "logon_process": null, "source_ip": null, "source_port": null, "workstation": null, "process_id": null, "process_name": null, "parent_process": null, "command_line": null, "event_data": {"SubjectUserSid": "S-1-5-21-2968253474-1415708722-1289182978-1001", "SubjectUserName": "Sreeram CK", "SubjectDomainName": "LAPTOP-1AMOMQ06", "SubjectLogonId": "0xe9f5ca7", "TargetName": "MicrosoftAccount:user=sreeramck6@gmail.com", "Type": "0", "CountOfCredentialsReturned": "1", "ReadOperation": "%%8100", "ReturnCode": "0", "ProcessCreationTime": "2026-09-02T16:14:10.4522375Z", "ClientProcessId": "6228"}, "collected_at": "2026-09-03T06:35:24.477632+00:00"}
{"timestamp": "2026-09-03T06:35:19.7091161Z", "log_name": "Security", "event_id": 5379, "event_name": "Other Event", "provider": "Microsoft-Windows-Security-Auditing", "provider_guid": "{54849625-5478-4994-a5ba-3e3b0328c30d}", "level": "0", "task": "13824", "opcode": "0", "computer": "LAPTOP-1AMOMQ06", "record_id": 606915, "username": "Sreeram CK", "domain": "LAPTOP-1AMOMQ06", "logon_type": null, "authentication_package": null, "logon_process": null, "source_ip": null, "source_port": null, "workstation": null, "process_id": null, "process_name": null, "parent_process": null, "command_line": null, "event_data": {"SubjectUserSid": "S-1-5-21-2968253474-1415708722-1289182978-1001", "SubjectUserName": "Sreeram CK", "SubjectDomainName": "LAPTOP-1AMOMQ06", "SubjectLogonId": "0xe9f5ca7", "TargetName": "MicrosoftAccount:user=sreeramck6@gmail.com", "Type": "0", "CountOfCredentialsReturned": "1", "ReadOperation": "%%8100", "ReturnCode": "0", "ProcessCreationTime": "2026-09-02T16:14:10.4522375Z", "ClientProcessId": "6228"}, "collected_at": "2026-09-03T06:35:24.477700+00:00"}
{"timestamp": "2026-09-03T06:35:19.7074361Z", "log_name": "Security", "event_id": 5379, "event_name": "Other Event", "provider": "Microsoft-Windows-Security-Auditing", "provider_guid": "{54849625-5478-4994-a5ba-3e3b0328c30d}", "level": "0", "task": "13824", "opcode": "0", "computer": "LAPTOP-1AMOMQ06", "record_id": 606914, "username": "Sreeram CK", "domain": "LAPTOP-1AMOMQ06", "logon_type": null, "authentication_package": null, "logon_process": null, "source_ip": null, "source_port": null, "workstation": null, "process_id": null, "process_name": null, "parent_process": null, "command_line": null, "event_data": {"SubjectUserSid": "S-1-5-21-2968253474-1415708722-1289182978-1001", "SubjectUserName": "Sreeram CK", "SubjectDomainName": "LAPTOP-1AMOMQ06", "SubjectLogonId": "0xe9f5ca7", "TargetName": "MicrosoftAccount:user=sreeramck6@gmail.com", "Type": "0", "CountOfCredentialsReturned": "1", "ReadOperation": "%%8100", "ReturnCode": "0", "ProcessCreationTime": "2026-09-02T16:14:10.4522375Z", "ClientProcessId": "6228"}, "collected_at": "2026-09-03T06:35:24.477774+00:00"}
{"timestamp": "2026-09-03T06:35:19.6962574Z", "log_name": "Security", "event_id": 5379, "event_name": "Other Event", "provider": "Microsoft-Windows-Security-Auditing", "provider_guid": "{54849625-5478-4994-a5ba-3e3b0328c30d}", "level": "0", "task": "13824", "opcode": "0", "computer": "LAPTOP-1AMOMQ06", "record_id": 606913, "username": "Sreeram CK", "domain": "LAPTOP-1AMOMQ06", "logon_type": null, "authentication_package": null, "logon_process": null, "source_ip": null, "source_port": null, "workstation": null, "process_id": null, "process_name": null, "parent_process": null, "command_line": null, "event_data": {"SubjectUserSid": "S-1-5-21-2968253474-1415708722-1289182978-1001", "SubjectUserName": "Sreeram CK", "SubjectDomainName": "LAPTOP-1AMOMQ06", "SubjectLogonId": "0xe9f5ca7", "TargetName": "MicrosoftAccount:user=sreeramck6@gmail.com", "Type": "0", "CountOfCredentialsReturned": "1", "ReadOperation": "%%8100", "ReturnCode": "0", "ProcessCreationTime": "2026-09-02T16:14:10.4522375Z", "ClientProcessId": "6228"}, "collected_at": "2026-09-03T06:35:24.477842+00:00"}
{"timestamp": "2026-09-03T06:35:19.6951220Z", "log_name": "Security", "event_id": 5379, "event_name": "Other Event", "provider": "Microsoft-Windows-Security-Auditing", "provider_guid": "{54849625-5478-4994-a5ba-3e3b0328c30d}", "level": "0", "task": "13824", "opcode": "0", "computer": "LAPTOP-1AMOMQ06", "record_id": 606912, "username": "Sreeram CK", "domain": "LAPTOP-1AMOMQ06", "logon_type": null, "authentication_package": null, "logon_process": null, "source_ip": null, "source_port": null, "workstation": null, "process_id": null, "process_name": null, "parent_process": null, "command_line": null, "event_data": {"SubjectUserSid": "S-1-5-21-2968253474-1415708722-1289182978-1001", "SubjectUserName": "Sreeram CK", "SubjectDomainName": "LAPTOP-1AMOMQ06", "SubjectLogonId": "0xe9f5ca7", "TargetName": "MicrosoftAccount:user=sreeramck6@gmail.com", "Type": "0", "CountOfCredentialsReturned": "1", "ReadOperation": "%%8100", "ReturnCode": "0", "ProcessCreationTime": "2026-09-02T16:14:10.4522375Z", "ClientProcessId": "6228"}, "collected_at": "2026-09-03T06:35:24.477909+00:00"}
{"timestamp": "2026-09-03T06:35:19.6942180Z", "log_name": "Security", "event_id": 5379, "event_name": "Other Event", "provider": "Microsoft-Windows-Security-Auditing", "provider_guid": "{54849625-5478-4994-a5ba-3e3b0328c30d}", "level": "0", "task": "13824", "opcode": "0", "computer": "LAPTOP-1AMOMQ06", "record_id": 606911, "username": "Sreeram CK", "domain": "LAPTOP-1AMOMQ06", "logon_type": null, "authentication_package": null, "logon_process": null, "source_ip": null, "source_port": null, "workstation": null, "process_id": null, "process_name": null, "parent_process": null, "command_line": null, "event_data": {"SubjectUserSid": "S-1-5-21-2968253474-1415708722-1289182978-1001", "SubjectUserName": "Sreeram CK", "SubjectDomainName": "LAPTOP-1AMOMQ06", "SubjectLogonId": "0xe9f5ca7", "TargetName": "MicrosoftAccount:user=sreeramck6@gmail.com", "Type": "0", "CountOfCredentialsReturned": "1", "ReadOperation": "%%8100", "ReturnCode": "0", "ProcessCreationTime": "2026-09-02T16:14:10.4522375Z", "ClientProcessId": "6228"}, "collected_at": "2026-09-03T06:35:24.477978+00:00"}
{"timestamp": "2026-09-03T06:35:19.6930669Z", "log_name": "Security", "event_id": 5379, "event_name": "Other Event", "provider": "Microsoft-Windows-Security-Auditing", "provider_guid": "{54849625-5478-4994-a5ba-3e3b0328c30d}", "level": "0", "task": "13824", "opcode": "0", "computer": "LAPTOP-1AMOMQ06", "record_id": 606910, "username": "Sreeram CK", "domain": "LAPTOP-1AMOMQ06", "logon_type": null, "authentication_package": null, "logon_process": null, "source_ip": null, "source_port": null, "workstation": null, "process_id": null, "process_name": null, "parent_process": null, "command_line": null, "event_data": {"SubjectUserSid": "S-1-5-21-2968253474-1415708722-1289182978-1001", "SubjectUserName": "Sreeram CK", "SubjectDomainName": "LAPTOP-1AMOMQ06", "SubjectLogonId": "0xe9f5ca7", "TargetName": "MicrosoftAccount:user=sreeramck6@gmail.com", "Type": "0", "CountOfCredentialsReturned": "1", "ReadOperation": "%%8100", "ReturnCode": "0", "ProcessCreationTime": "2026-09-02T16:14:10.4522375Z", "ClientProcessId": "6228"}, "collected_at": "2026-09-03T06:35:24.478046+00:00"}
{"timestamp": "2026-09-03T06:35:19.6921785Z", "log_name": "Security", "event_id": 5379, "event_name": "Other Event", "provider": "Microsoft-Windows-Security-Auditing", "provider_guid": "{54849625-5478-4994-a5ba-3e3b0328c30d}", "level": "0", "task": "13824", "opcode": "0", "computer": "LAPTOP-1AMOMQ06", "record_id": 606909, "username": "Sreeram CK", "domain": "LAPTOP-1AMOMQ06", "logon_type": null, "authentication_package": null, "logon_process": null, "source_ip": null, "source_port": null, "workstation": null, "process_id": null, "process_name": null, "parent_process": null, "command_line": null, "event_data": {"SubjectUserSid": "S-1-5-21-2968253474-1415708722-1289182978-1001", "SubjectUserName": "Sreeram CK", "SubjectDomainName": "LAPTOP-1AMOMQ06", "SubjectLogonId": "0xe9f5ca7", "TargetName": "MicrosoftAccount:user=sreeramck6@gmail.com", "Type": "0", "CountOfCredentialsReturned": "1", "ReadOperation": "%%8100", "ReturnCode": "0", "ProcessCreationTime": "2026-09-02T16:14:10.4522375Z", "ClientProcessId": "6228"}, "collected_at": "2026-09-03T06:35:24.478114+00:00"}
{"timestamp": "2026-09-03T06:35:19.6911667Z", "log_name": "Security", "event_id": 5379, "event_name": "Other Event", "provider": "Microsoft-Windows-Security-Auditing", "provider_guid": "{54849625-5478-4994-a5ba-3e3b0328c30d}", "level": "0", "task": "13824", "opcode": "0", "computer": "LAPTOP-1AMOMQ06", "record_id": 606908, "username": "Sreeram CK", "domain": "LAPTOP-1AMOMQ06", "logon_type": null, "authentication_package": null, "logon_process": null, "source_ip": null, "source_port": null, "workstation": null, "process_id": null, "process_name": null, "parent_process": null, "command_line": null, "event_data": {"SubjectUserSid": "S-1-5-21-2968253474-1415708722-1289182978-1001", "SubjectUserName": "Sreeram CK", "SubjectDomainName": "LAPTOP-1AMOMQ06", "SubjectLogonId": "0xe9f5ca7", "TargetName": "MicrosoftAccount:user=sreeramck6@gmail.com", "Type": "0", "CountOfCredentialsReturned": "1", "ReadOperation": "%%8100", "ReturnCode": "0", "ProcessCreationTime": "2026-09-02T16:14:10.4522375Z", "ClientProcessId": "6228"}, "collected_at": "2026-09-03T06:35:24.478182+00:00"}
{"timestamp": "2026-09-03T06:35:19.6901832Z", "log_name": "Security", "event_id": 5379, "event_name": "Other Event", "provider": "Microsoft-Windows-Security-Auditing", "provider_guid": "{54849625-5478-4994-a5ba-3e3b0328c30d}", "level": "0", "task": "13824", "opcode": "0", "computer": "LAPTOP-1AMOMQ06", "record_id": 606907, "username": "Sreeram CK", "domain": "LAPTOP-1AMOMQ06", "logon_type": null, "authentication_package": null, "logon_process": null, "source_ip": null, "source_port": null, "workstation": null, "process_id": null, "process_name": null, "parent_process": null, "command_line": null, "event_data": {"SubjectUserSid": "S-1-5-21-2968253474-1415708722-1289182978-1001", "SubjectUserName": "Sreeram CK", "SubjectDomainName": "LAPTOP-1AMOMQ06", "SubjectLogonId": "0xe9f5ca7", "TargetName": "MicrosoftAccount:user=sreeramck6@gmail.com", "Type": "0", "CountOfCredentialsReturned": "1", "ReadOperation": "%%8100", "ReturnCode": "0", "ProcessCreationTime": "2026-09-02T16:14:10.4522375Z", "ClientProcessId": "6228"}, "collected_at": "2026-09-03T06:35:24.478260+00:00"}
{"timestamp": "2026-09-03T06:35:19.6886011Z", "log_name": "Security", "event_id": 5379, "event_name": "Other Event", "provider": "Microsoft-Windows-Security-Auditing", "provider_guid": "{54849625-5478-4994-a5ba-3e3b0328c30d}", "level": "0", "task": "13824", "opcode": "0", "computer": "LAPTOP-1AMOMQ06", "record_id": 606906, "username": "Sreeram CK", "domain": "LAPTOP-1AMOMQ06", "logon_type": null, "authentication_package": null, "logon_process": null, "source_ip": null, "source_port": null, "workstation": null, "process_id": null, "process_name": null, "parent_process": null, "command_line": null, "event_data": {"SubjectUserSid": "S-1-5-21-2968253474-1415708722-1289182978-1001", "SubjectUserName": "Sreeram CK", "SubjectDomainName": "LAPTOP-1AMOMQ06", "SubjectLogonId": "0xe9f5ca7", "TargetName": "MicrosoftAccount:user=sreeramck6@gmail.com", "Type": "0", "CountOfCredentialsReturned": "1", "ReadOperation": "%%8100", "ReturnCode": "0", "ProcessCreationTime": "2026-09-02T16:14:10.4522375Z", "ClientProcessId": "6228"}, "collected_at": "2026-09-03T06:35:24.478368+00:00"}
{"timestamp": "2026-09-03T06:35:19.6876464Z", "log_name": "Security", "event_id": 5379, "event_name": "Other Event", "provider": "Microsoft-Windows-Security-Auditing", "provider_guid": "{54849625-5478-4994-a5ba-3e3b0328c30d}", "level": "0", "task": "13824", "opcode": "0", "computer": "LAPTOP-1AMOMQ06", "record_id": 606905, "username": "Sreeram CK", "domain": "LAPTOP-1AMOMQ06", "logon_type": null, "authentication_package": null, "logon_process": null, "source_ip": null, "source_port": null, "workstation": null, "process_id": null, "process_name": null, "parent_process": null, "command_line": null, "event_data": {"SubjectUserSid": "S-1-5-21-2968253474-1415708722-1289182978-1001", "SubjectUserName": "Sreeram CK", "SubjectDomainName": "LAPTOP-1AMOMQ06", "SubjectLogonId": "0xe9f5ca7", "TargetName": "MicrosoftAccount:user=sreeramck6@gmail.com", "Type": "0", "CountOfCredentialsReturned": "1", "ReadOperation": "%%8100", "ReturnCode": "0", "ProcessCreationTime": "2026-09-02T16:14:10.4522375Z", "ClientProcessId": "6228"}, "collected_at": "2026-09-03T06:35:24.478439+00:00"}
{"timestamp": "2026-09-03T06:35:19.6863939Z", "log_name": "Security", "event_id": 5379, "event_name": "Other Event", "provider": "Microsoft-Windows-Security-Auditing", "provider_guid": "{54849625-5478-4994-a5ba-3e3b0328c30d}", "level": "0", "task": "13824", "opcode": "0", "computer": "LAPTOP-1AMOMQ06", "record_id": 606904, "username": "Sreeram CK", "domain": "LAPTOP-1AMOMQ06", "logon_type": null, "authentication_package": null, "logon_process": null, "source_ip": null, "source_port": null, "workstation": null, "process_id": null, "process_name": null, "parent_process": null, "command_line": null, "event_data": {"SubjectUserSid": "S-1-5-21-2968253474-1415708722-1289182978-1001", "SubjectUserName": "Sreeram CK", "SubjectDomainName": "LAPTOP-1AMOMQ06", "SubjectLogonId": "0xe9f5ca7", "TargetName": "MicrosoftAccount:user=sreeramck6@gmail.com", "Type": "0", "CountOfCredentialsReturned": "1", "ReadOperation": "%%8100", "ReturnCode": "0", "ProcessCreationTime": "2026-09-02T16:14:10.4522375Z", "ClientProcessId": "6228"}, "collected_at": "2026-09-03T06:35:24.478507+00:00"}
{"timestamp": "2026-09-03T06:35:19.6854258Z", "log_name": "Security", "event_id": 5379, "event_name": "Other Event", "provider": "Microsoft-Windows-Security-Auditing", "provider_guid": "{54849625-5478-4994-a5ba-3e3b0328c30d}", "level": "0", "task": "13824", "opcode": "0", "computer": "LAPTOP-1AMOMQ06", "record_id": 606903, "username": "Sreeram CK", "domain": "LAPTOP-1AMOMQ06", "logon_type": null, "authentication_package": null, "logon_process": null, "source_ip": null, "source_port": null, "workstation": null, "process_id": null, "process_name": null, "parent_process": null, "command_line": null, "event_data": {"SubjectUserSid": "S-1-5-21-2968253474-1415708722-1289182978-1001", "SubjectUserName": "Sreeram CK", "SubjectDomainName": "LAPTOP-1AMOMQ06", "SubjectLogonId": "0xe9f5ca7", "TargetName": "MicrosoftAccount:user=sreeramck6@gmail.com", "Type": "0", "CountOfCredentialsReturned": "1", "ReadOperation": "%%8100", "ReturnCode": "0", "ProcessCreationTime": "2026-09-02T16:14:10.4522375Z", "ClientProcessId": "6228"}, "collected_at": "2026-09-03T06:35:24.478579+00:00"}
{"timestamp": "2026-09-03T06:35:19.6842227Z", "log_name": "Security", "event_id": 5379, "event_name": "Other Event", "provider": "Microsoft-Windows-Security-Auditing", "provider_guid": "{54849625-5478-4994-a5ba-3e3b0328c30d}", "level": "0", "task": "13824", "opcode": "0", "computer": "LAPTOP-1AMOMQ06", "record_id": 606902, "username": "Sreeram CK", "domain": "LAPTOP-1AMOMQ06", "logon_type": null, "authentication_package": null, "logon_process": null, "source_ip": null, "source_port": null, "workstation": null, "process_id": null, "process_name": null, "parent_process": null, "command_line": null, "event_data": {"SubjectUserSid": "S-1-5-21-2968253474-1415708722-1289182978-1001", "SubjectUserName": "Sreeram CK", "SubjectDomainName": "LAPTOP-1AMOMQ06", "SubjectLogonId": "0xe9f5ca7", "TargetName": "MicrosoftAccount:user=sreeramck6@gmail.com", "Type": "0", "CountOfCredentialsReturned": "1", "ReadOperation": "%%8100", "ReturnCode": "0", "ProcessCreationTime": "2026-09-02T16:14:10.4522375Z", "ClientProcessId": "6228"}, "collected_at": "2026-09-03T06:35:24.478671+00:00"}
{"timestamp": "2026-09-03T06:35:19.6829425Z", "log_name": "Security", "event_id": 5379, "event_name": "Other Event", "provider": "Microsoft-Windows-Security-Auditing", "provider_guid": "{54849625-5478-4994-a5ba-3e3b0328c30d}", "level": "0", "task": "13824", "opcode": "0", "computer": "LAPTOP-1AMOMQ06", "record_id": 606901, "username": "Sreeram CK", "domain": "LAPTOP-1AMOMQ06", "logon_type": null, "authentication_package": null, "logon_process": null, "source_ip": null, "source_port": null, "workstation": null, "process_id": null, "process_name": null, "parent_process": null, "command_line": null, "event_data": {"SubjectUserSid": "S-1-5-21-2968253474-1415708722-1289182978-1001", "SubjectUserName": "Sreeram CK", "SubjectDomainName": "LAPTOP-1AMOMQ06", "SubjectLogonId": "0xe9f5ca7", "TargetName": "MicrosoftAccount:user=sreeramck6@gmail.com", "Type": "0", "CountOfCredentialsReturned": "1", "ReadOperation": "%%8100", "ReturnCode": "0", "ProcessCreationTime": "2026-09-02T16:14:10.4522375Z", "ClientProcessId": "6228"}, "collected_at": "2026-09-03T06:35:24.478744+00:00"}
{"timestamp": "2026-09-03T06:35:19.6592026Z", "log_name": "Security", "event_id": 5379, "event_name": "Other Event", "provider": "Microsoft-Windows-Security-Auditing", "provider_guid": "{54849625-5478-4994-a5ba-3e3b0328c30d}", "level": "0", "task": "13824", "opcode": "0", "computer": "LAPTOP-1AMOMQ06", "record_id": 606900, "username": "Sreeram CK", "domain": "LAPTOP-1AMOMQ06", "logon_type": null, "authentication_package": null, "logon_process": null, "source_ip": null, "source_port": null, "workstation": null, "process_id": null, "process_name": null, "parent_process": null, "command_line": null, "event_data": {"SubjectUserSid": "S-1-5-21-2968253474-1415708722-1289182978-1001", "SubjectUserName": "Sreeram CK", "SubjectDomainName": "LAPTOP-1AMOMQ06", "SubjectLogonId": "0xe9f5ca7", "TargetName": "MicrosoftAccount:user=sreeramck6@gmail.com", "Type": "0", "CountOfCredentialsReturned": "1", "ReadOperation": "%%8100", "ReturnCode": "0", "ProcessCreationTime": "2026-09-02T16:14:10.4522375Z", "ClientProcessId": "6228"}, "collected_at": "2026-09-03T06:35:24.478814+00:00"}
{"timestamp": "2026-09-03T06:35:19.6581487Z", "log_name": "Security", "event_id": 5379, "event_name": "Other Event", "provider": "Microsoft-Windows-Security-Auditing", "provider_guid": "{54849625-5478-4994-a5ba-3e3b0328c30d}", "level": "0", "task": "13824", "opcode": "0", "computer": "LAPTOP-1AMOMQ06", "record_id": 606899, "username": "Sreeram CK", "domain": "LAPTOP-1AMOMQ06", "logon_type": null, "authentication_package": null, "logon_process": null, "source_ip": null, "source_port": null, "workstation": null, "process_id": null, "process_name": null, "parent_process": null, "command_line": null, "event_data": {"SubjectUserSid": "S-1-5-21-2968253474-1415708722-1289182978-1001", "SubjectUserName": "Sreeram CK", "SubjectDomainName": "LAPTOP-1AMOMQ06", "SubjectLogonId": "0xe9f5ca7", "TargetName": "MicrosoftAccount:user=sreeramck6@gmail.com", "Type": "0", "CountOfCredentialsReturned": "1", "ReadOperation": "%%8100", "ReturnCode": "0", "ProcessCreationTime": "2026-09-02T16:14:10.4522375Z", "ClientProcessId": "6228"}, "collected_at": "2026-09-03T06:35:24.478909+00:00"}
{"timestamp": "2026-09-03T06:35:19.6571561Z", "log_name": "Security", "event_id": 5379, "event_name": "Other Event", "provider": "Microsoft-Windows-Security-Auditing", "provider_guid": "{54849625-5478-4994-a5ba-3e3b0328c30d}", "level": "0", "task": "13824", "opcode": "0", "computer": "LAPTOP-1AMOMQ06", "record_id": 606898, "username": "Sreeram CK", "domain": "LAPTOP-1AMOMQ06", "logon_type": null, "authentication_package": null, "logon_process": null, "source_ip": null, "source_port": null, "workstation": null, "process_id": null, "process_name": null, "parent_process": null, "command_line": null, "event_data": {"SubjectUserSid": "S-1-5-21-2968253474-1415708722-1289182978-1001", "SubjectUserName": "Sreeram CK", "SubjectDomainName": "LAPTOP-1AMOMQ06", "SubjectLogonId": "0xe9f5ca7", "TargetName": "MicrosoftAccount:user=sreeramck6@gmail.com", "Type": "0", "CountOfCredentialsReturned": "1", "ReadOperation": "%%8100", "ReturnCode": "0", "ProcessCreationTime": "2026-09-02T16:14:10.4522375Z", "ClientProcessId": "6228"}, "collected_at": "2026-09-03T06:35:24.479032+00:00"}
{"timestamp": "2026-09-03T06:35:19.6561265Z", "log_name": "Security", "event_id": 5379, "event_name": "Other Event", "provider": "Microsoft-Windows-Security-Auditing", "provider_guid": "{54849625-5478-4994-a5ba-3e3b0328c30d}", "level": "0", "task": "13824", "opcode": "0", "computer": "LAPTOP-1AMOMQ06", "record_id": 606897, "username": "Sreeram CK", "domain": "LAPTOP-1AMOMQ06", "logon_type": null, "authentication_package": null, "logon_process": null, "source_ip": null, "source_port": null, "workstation": null, "process_id": null, "process_name": null, "parent_process": null, "command_line": null, "event_data": {"SubjectUserSid": "S-1-5-21-2968253474-1415708722-1289182978-1001", "SubjectUserName": "Sreeram CK", "SubjectDomainName": "LAPTOP-1AMOMQ06", "SubjectLogonId": "0xe9f5ca7", "TargetName": "MicrosoftAccount:user=sreeramck6@gmail.com", "Type": "0", "CountOfCredentialsReturned": "1", "ReadOperation": "%%8100", "ReturnCode": "0", "ProcessCreationTime": "2026-09-02T16:14:10.4522375Z", "ClientProcessId": "6228"}, "collected_at": "2026-09-03T06:35:24.479108+00:00"}
{"timestamp": "2026-09-03T06:35:19.6552803Z", "log_name": "Security", "event_id": 5379, "event_name": "Other Event", "provider": "Microsoft-Windows-Security-Auditing", "provider_guid": "{54849625-5478-4994-a5ba-3e3b0328c30d}", "level": "0", "task": "13824", "opcode": "0", "computer": "LAPTOP-1AMOMQ06", "record_id": 606896, "username": "Sreeram CK", "domain": "LAPTOP-1AMOMQ06", "logon_type": null, "authentication_package": null, "logon_process": null, "source_ip": null, "source_port": null, "workstation": null, "process_id": null, "process_name": null, "parent_process": null, "command_line": null, "event_data": {"SubjectUserSid": "S-1-5-21-2968253474-1415708722-1289182978-1001", "SubjectUserName": "Sreeram CK", "SubjectDomainName": "LAPTOP-1AMOMQ06", "SubjectLogonId": "0xe9f5ca7", "TargetName": "MicrosoftAccount:user=sreeramck6@gmail.com", "Type": "0", "CountOfCredentialsReturned": "1", "ReadOperation": "%%8100", "ReturnCode": "0", "ProcessCreationTime": "2026-09-02T16:14:10.4522375Z", "ClientProcessId": "6228"}, "collected_at": "2026-09-03T06:35:24.479181+00:00"}
{"timestamp": "2026-09-03T06:35:19.6541771Z", "log_name": "Security", "event_id": 5379, "event_name": "Other Event", "provider": "Microsoft-Windows-Security-Auditing", "provider_guid": "{54849625-5478-4994-a5ba-3e3b0328c30d}", "level": "0", "task": "13824", "opcode": "0", "computer": "LAPTOP-1AMOMQ06", "record_id": 606895, "username": "Sreeram CK", "domain": "LAPTOP-1AMOMQ06", "logon_type": null, "authentication_package": null, "logon_process": null, "source_ip": null, "source_port": null, "workstation": null, "process_id": null, "process_name": null, "parent_process": null, "command_line": null, "event_data": {"SubjectUserSid": "S-1-5-21-2968253474-1415708722-1289182978-1001", "SubjectUserName": "Sreeram CK", "SubjectDomainName": "LAPTOP-1AMOMQ06", "SubjectLogonId": "0xe9f5ca7", "TargetName": "MicrosoftAccount:user=sreeramck6@gmail.com", "Type": "0", "CountOfCredentialsReturned": "1", "ReadOperation": "%%8100", "ReturnCode": "0", "ProcessCreationTime": "2026-09-02T16:14:10.4522375Z", "ClientProcessId": "6228"}, "collected_at": "2026-09-03T06:35:24.479252+00:00"}
{"timestamp": "2026-09-03T06:35:19.6533097Z", "log_name": "Security", "event_id": 5379, "event_name": "Other Event", "provider": "Microsoft-Windows-Security-Auditing", "provider_guid": "{54849625-5478-4994-a5ba-3e3b0328c30d}", "level": "0", "task": "13824", "opcode": "0", "computer": "LAPTOP-1AMOMQ06", "record_id": 606894, "username": "Sreeram CK", "domain": "LAPTOP-1AMOMQ06", "logon_type": null, "authentication_package": null, "logon_process": null, "source_ip": null, "source_port": null, "workstation": null, "process_id": null, "process_name": null, "parent_process": null, "command_line": null, "event_data": {"SubjectUserSid": "S-1-5-21-2968253474-1415708722-1289182978-1001", "SubjectUserName": "Sreeram CK", "SubjectDomainName": "LAPTOP-1AMOMQ06", "SubjectLogonId": "0xe9f5ca7", "TargetName": "MicrosoftAccount:user=sreeramck6@gmail.com", "Type": "0", "CountOfCredentialsReturned": "1", "ReadOperation": "%%8100", "ReturnCode": "0", "ProcessCreationTime": "2026-09-02T16:14:10.4522375Z", "ClientProcessId": "6228"}, "collected_at": "2026-09-03T06:35:24.479323+00:00"}
{"timestamp": "2026-09-03T06:35:19.6523176Z", "log_name": "Security", "event_id": 5379, "event_name": "Other Event", "provider": "Microsoft-Windows-Security-Auditing", "provider_guid": "{54849625-5478-4994-a5ba-3e3b0328c30d}", "level": "0", "task": "13824", "opcode": "0", "computer": "LAPTOP-1AMOMQ06", "record_id": 606893, "username": "Sreeram CK", "domain": "LAPTOP-1AMOMQ06", "logon_type": null, "authentication_package": null, "logon_process": null, "source_ip": null, "source_port": null, "workstation": null, "process_id": null, "process_name": null, "parent_process": null, "command_line": null, "event_data": {"SubjectUserSid": "S-1-5-21-2968253474-1415708722-1289182978-1001", "SubjectUserName": "Sreeram CK", "SubjectDomainName": "LAPTOP-1AMOMQ06", "SubjectLogonId": "0xe9f5ca7", "TargetName": "MicrosoftAccount:user=sreeramck6@gmail.com", "Type": "0", "CountOfCredentialsReturned": "1", "ReadOperation": "%%8100", "ReturnCode": "0", "ProcessCreationTime": "2026-09-02T16:14:10.4522375Z", "ClientProcessId": "6228"}, "collected_at": "2026-09-03T06:35:24.479398+00:00"}
{"timestamp": "2026-09-03T06:35:19.6513867Z", "log_name": "Security", "event_id": 5379, "event_name": "Other Event", "provider": "Microsoft-Windows-Security-Auditing", "provider_guid": "{54849625-5478-4994-a5ba-3e3b0328c30d}", "level": "0", "task": "13824", "opcode": "0", "computer": "LAPTOP-1AMOMQ06", "record_id": 606892, "username": "Sreeram CK", "domain": "LAPTOP-1AMOMQ06", "logon_type": null, "authentication_package": null, "logon_process": null, "source_ip": null, "source_port": null, "workstation": null, "process_id": null, "process_name": null, "parent_process": null, "command_line": null, "event_data": {"SubjectUserSid": "S-1-5-21-2968253474-1415708722-1289182978-1001", "SubjectUserName": "Sreeram CK", "SubjectDomainName": "LAPTOP-1AMOMQ06", "SubjectLogonId": "0xe9f5ca7", "TargetName": "MicrosoftAccount:user=sreeramck6@gmail.com", "Type": "0", "CountOfCredentialsReturned": "1", "ReadOperation": "%%8100", "ReturnCode": "0", "ProcessCreationTime": "2026-09-02T16:14:10.4522375Z", "ClientProcessId": "6228"}, "collected_at": "2026-09-03T06:35:24.479474+00:00"}
{"timestamp": "2026-09-03T06:35:19.6503493Z", "log_name": "Security", "event_id": 5379, "event_name": "Other Event", "provider": "Microsoft-Windows-Security-Auditing", "provider_guid": "{54849625-5478-4994-a5ba-3e3b0328c30d}", "level": "0", "task": "13824", "opcode": "0", "computer": "LAPTOP-1AMOMQ06", "record_id": 606891, "username": "Sreeram CK", "domain": "LAPTOP-1AMOMQ06", "logon_type": null, "authentication_package": null, "logon_process": null, "source_ip": null, "source_port": null, "workstation": null, "process_id": null, "process_name": null, "parent_process": null, "command_line": null, "event_data": {"SubjectUserSid": "S-1-5-21-2968253474-1415708722-1289182978-1001", "SubjectUserName": "Sreeram CK", "SubjectDomainName": "LAPTOP-1AMOMQ06", "SubjectLogonId": "0xe9f5ca7", "TargetName": "MicrosoftAccount:user=sreeramck6@gmail.com", "Type": "0", "CountOfCredentialsReturned": "1", "ReadOperation": "%%8100", "ReturnCode": "0", "ProcessCreationTime": "2026-09-02T16:14:10.4522375Z", "ClientProcessId": "6228"}, "collected_at": "2026-09-03T06:35:24.479548+00:00"}
{"timestamp": "2026-09-03T06:35:19.6493488Z", "log_name": "Security", "event_id": 5379, "event_name": "Other Event", "provider": "Microsoft-Windows-Security-Auditing", "provider_guid": "{54849625-5478-4994-a5ba-3e3b0328c30d}", "level": "0", "task": "13824", "opcode": "0", "computer": "LAPTOP-1AMOMQ06", "record_id": 606890, "username": "Sreeram CK", "domain": "LAPTOP-1AMOMQ06", "logon_type": null, "authentication_package": null, "logon_process": null, "source_ip": null, "source_port": null, "workstation": null, "process_id": null, "process_name": null, "parent_process": null, "command_line": null, "event_data": {"SubjectUserSid": "S-1-5-21-2968253474-1415708722-1289182978-1001", "SubjectUserName": "Sreeram CK", "SubjectDomainName": "LAPTOP-1AMOMQ06", "SubjectLogonId": "0xe9f5ca7", "TargetName": "MicrosoftAccount:user=sreeramck6@gmail.com", "Type": "0", "CountOfCredentialsReturned": "1", "ReadOperation": "%%8100", "ReturnCode": "0", "ProcessCreationTime": "2026-09-02T16:14:10.4522375Z", "ClientProcessId": "6228"}, "collected_at": "2026-09-03T06:35:24.479617+00:00"}
{"timestamp": "2026-09-03T06:35:19.6483143Z", "log_name": "Security", "event_id": 5379, "event_name": "Other Event", "provider": "Microsoft-Windows-Security-Auditing", "provider_guid": "{54849625-5478-4994-a5ba-3e3b0328c30d}", "level": "0", "task": "13824", "opcode": "0", "computer": "LAPTOP-1AMOMQ06", "record_id": 606889, "username": "Sreeram CK", "domain": "LAPTOP-1AMOMQ06", "logon_type": null, "authentication_package": null, "logon_process": null, "source_ip": null, "source_port": null, "workstation": null, "process_id": null, "process_name": null, "parent_process": null, "command_line": null, "event_data": {"SubjectUserSid": "S-1-5-21-2968253474-1415708722-1289182978-1001", "SubjectUserName": "Sreeram CK", "SubjectDomainName": "LAPTOP-1AMOMQ06", "SubjectLogonId": "0xe9f5ca7", "TargetName": "MicrosoftAccount:user=sreeramck6@gmail.com", "Type": "0", "CountOfCredentialsReturned": "1", "ReadOperation": "%%8100", "ReturnCode": "0", "ProcessCreationTime": "2026-09-02T16:14:10.4522375Z", "ClientProcessId": "6228"}, "collected_at": "2026-09-03T06:35:24.479685+00:00"}
{"timestamp": "2026-09-03T06:35:19.6473296Z", "log_name": "Security", "event_id": 5379, "event_name": "Other Event", "provider": "Microsoft-Windows-Security-Auditing", "provider_guid": "{54849625-5478-4994-a5ba-3e3b0328c30d}", "level": "0", "task": "13824", "opcode": "0", "computer": "LAPTOP-1AMOMQ06", "record_id": 606888, "username": "Sreeram CK", "domain": "LAPTOP-1AMOMQ06", "logon_type": null, "authentication_package": null, "logon_process": null, "source_ip": null, "source_port": null, "workstation": null, "process_id": null, "process_name": null, "parent_process": null, "command_line": null, "event_data": {"SubjectUserSid": "S-1-5-21-2968253474-1415708722-1289182978-1001", "SubjectUserName": "Sreeram CK", "SubjectDomainName": "LAPTOP-1AMOMQ06", "SubjectLogonId": "0xe9f5ca7", "TargetName": "MicrosoftAccount:user=sreeramck6@gmail.com", "Type": "0", "CountOfCredentialsReturned": "1", "ReadOperation": "%%8100", "ReturnCode": "0", "ProcessCreationTime": "2026-09-02T16:14:10.4522375Z", "ClientProcessId": "6228"}, "collected_at": "2026-09-03T06:35:24.479752+00:00"}
{"timestamp": "2026-09-03T06:35:19.6229991Z", "log_name": "Security", "event_id": 5379, "event_name": "Other Event", "provider": "Microsoft-Windows-Security-Auditing", "provider_guid": "{54849625-5478-4994-a5ba-3e3b0328c30d}", "level": "0", "task": "13824", "opcode": "0", "computer": "LAPTOP-1AMOMQ06", "record_id": 606887, "username": "Sreeram CK", "domain": "LAPTOP-1AMOMQ06", "logon_type": null, "authentication_package": null, "logon_process": null, "source_ip": null, "source_port": null, "workstation": null, "process_id": null, "process_name": null, "parent_process": null, "command_line": null, "event_data": {"SubjectUserSid": "S-1-5-21-2968253474-1415708722-1289182978-1001", "SubjectUserName": "Sreeram CK", "SubjectDomainName": "LAPTOP-1AMOMQ06", "SubjectLogonId": "0xe9f5ca7", "TargetName": "MicrosoftAccount:user=sreeramck6@gmail.com", "Type": "1", "CountOfCredentialsReturned": "1", "ReadOperation": "%%8099", "ReturnCode": "0", "ProcessCreationTime": "2026-09-02T16:14:10.4522375Z", "ClientProcessId": "6228"}, "collected_at": "2026-09-03T06:35:24.479817+00:00"}
{"timestamp": "2026-09-03T06:35:50.0764391Z", "log_name": "Security", "event_id": 4672, "event_name": "Special Privileges Assigned", "provider": "Microsoft-Windows-Security-Auditing", "provider_guid": "{54849625-5478-4994-a5ba-3e3b0328c30d}", "level": "0", "task": "12548", "opcode": "0", "computer": "LAPTOP-1AMOMQ06", "record_id": 606938, "username": "SYSTEM", "domain": "NT AUTHORITY", "logon_type": null, "authentication_package": null, "logon_process": null, "source_ip": null, "source_port": null, "workstation": null, "process_id": null, "process_name": null, "parent_process": null, "command_line": null, "event_data": {"SubjectUserSid": "S-1-5-18", "SubjectUserName": "SYSTEM", "SubjectDomainName": "NT AUTHORITY", "SubjectLogonId": "0x3e7", "PrivilegeList": "SeAssignPrimaryTokenPrivilege\n\t\t\tSeTcbPrivilege\n\t\t\tSeSecurityPrivilege\n\t\t\tSeTakeOwnershipPrivilege\n\t\t\tSeLoadDriverPrivilege\n\t\t\tSeBackupPrivilege\n\t\t\tSeRestorePrivilege\n\t\t\tSeDebugPrivilege\n\t\t\tSeAuditPrivilege\n\t\t\tSeSystemEnvironmentPrivilege\n\t\t\tSeImpersonatePrivilege\n\t\t\tSeDelegateSessionUserImpersonatePrivilege"}, "collected_at": "2026-09-03T06:35:54.954534+00:00"}
{"timestamp": "2026-09-03T06:35:50.0764247Z", "log_name": "Security", "event_id": 4624, "event_name": "Successful Logon", "provider": "Microsoft-Windows-Security-Auditing", "provider_guid": "{54849625-5478-4994-a5ba-3e3b0328c30d}", "level": "0", "task": "12544", "opcode": "0", "computer": "LAPTOP-1AMOMQ06", "record_id": 606937, "username": "SYSTEM", "domain": "NT AUTHORITY", "logon_type": 5, "authentication_package": "Negotiate", "logon_process": "Advapi  ", "source_ip": null, "source_port": null, "workstation": null, "process_id": "0x49c", "process_name": "C:\\Windows\\System32\\services.exe", "parent_process": null, "command_line": null, "event_data": {"SubjectUserSid": "S-1-5-18", "SubjectUserName": "LAPTOP-1AMOMQ06$", "SubjectDomainName": "WORKGROUP", "SubjectLogonId": "0x3e7", "TargetUserSid": "S-1-5-18", "TargetUserName": "SYSTEM", "TargetDomainName": "NT AUTHORITY", "TargetLogonId": "0x3e7", "LogonType": "5", "LogonProcessName": "Advapi  ", "AuthenticationPackageName": "Negotiate", "WorkstationName": "-", "LogonGuid": "{00000000-0000-0000-0000-000000000000}", "TransmittedServices": "-", "LmPackageName": "-", "KeyLength": "0", "ProcessId": "0x49c", "ProcessName": "C:\\Windows\\System32\\services.exe", "IpAddress": "-", "IpPort": "-", "ImpersonationLevel": "%%1833", "RestrictedAdminMode": "-", "RemoteCredentialGuard": "-", "TargetOutboundUserName": "-", "TargetOutboundDomainName": "-", "VirtualAccount": "%%1843", "TargetLinkedLogonId": "0x0", "ElevatedToken": "%%1842"}, "collected_at": "2026-09-03T06:35:54.954614+00:00"}
{"timestamp": "2026-09-03T06:36:17.5566888Z", "log_name": "Security", "event_id": 4625, "event_name": "Failed Logon", "provider": "Microsoft-Windows-Security-Auditing", "provider_guid": "{54849625-5478-4994-a5ba-3e3b0328c30d}", "level": "0", "task": "12544", "opcode": "0", "computer": "LAPTOP-1AMOMQ06", "record_id": 606950, "username": "Sreeram CK", "domain": "LAPTOP-1AMOMQ06", "logon_type": 2, "authentication_package": "Negotiate", "logon_process": "User32 ", "source_ip": "127.0.0.1", "source_port": 0, "workstation": "LAPTOP-1AMOMQ06", "process_id": "0x9d4", "process_name": "C:\\Windows\\System32\\svchost.exe", "parent_process": null, "command_line": null, "event_data": {"SubjectUserSid": "S-1-5-18", "SubjectUserName": "LAPTOP-1AMOMQ06$", "SubjectDomainName": "WORKGROUP", "SubjectLogonId": "0x3e7", "TargetUserSid": "S-1-0-0", "TargetUserName": "Sreeram CK", "TargetDomainName": "LAPTOP-1AMOMQ06", "Status": "0xc000006d", "FailureReason": "%%2313", "SubStatus": "0xc000006a", "LogonType": "2", "LogonProcessName": "User32 ", "AuthenticationPackageName": "Negotiate", "WorkstationName": "LAPTOP-1AMOMQ06", "TransmittedServices": "-", "LmPackageName": "-", "KeyLength": "0", "ProcessId": "0x9d4", "ProcessName": "C:\\Windows\\System32\\svchost.exe", "IpAddress": "127.0.0.1", "IpPort": "0"}, "collected_at": "2026-09-03T06:36:20.301554+00:00"}
{"timestamp": "2026-09-03T06:36:14.9279376Z", "log_name": "Security", "event_id": 4798, "event_name": "Other Event", "provider": "Microsoft-Windows-Security-Auditing", "provider_guid": "{54849625-5478-4994-a5ba-3e3b0328c30d}", "level": "0", "task": "13824", "opcode": "0", "computer": "LAPTOP-1AMOMQ06", "record_id": 606949, "username": "Sreeram CK", "domain": "LAPTOP-1AMOMQ06", "logon_type": null, "authentication_package": null, "logon_process": null, "source_ip": null, "source_port": null, "workstation": null, "process_id": null, "process_name": null, "parent_process": null, "command_line": null, "event_data": {"TargetUserName": "Sreeram CK", "TargetDomainName": "LAPTOP-1AMOMQ06", "TargetSid": "S-1-5-21-2968253474-1415708722-1289182978-1001", "SubjectUserSid": "S-1-5-18", "SubjectUserName": "LAPTOP-1AMOMQ06$", "SubjectDomainName": "WORKGROUP", "SubjectLogonId": "0x3e7", "CallerProcessId": "0xdc0", "CallerProcessName": "C:\\Windows\\System32\\svchost.exe"}, "collected_at": "2026-09-03T06:36:20.301622+00:00"}
{"timestamp": "2026-09-03T06:36:14.9270428Z", "log_name": "Security", "event_id": 4798, "event_name": "Other Event", "provider": "Microsoft-Windows-Security-Auditing", "provider_guid": "{54849625-5478-4994-a5ba-3e3b0328c30d}", "level": "0", "task": "13824", "opcode": "0", "computer": "LAPTOP-1AMOMQ06", "record_id": 606948, "username": "Sreeram CK", "domain": "LAPTOP-1AMOMQ06", "logon_type": null, "authentication_package": null, "logon_process": null, "source_ip": null, "source_port": null, "workstation": null, "process_id": null, "process_name": null, "parent_process": null, "command_line": null, "event_data": {"TargetUserName": "Sreeram CK", "TargetDomainName": "LAPTOP-1AMOMQ06", "TargetSid": "S-1-5-21-2968253474-1415708722-1289182978-1001", "SubjectUserSid": "S-1-5-18", "SubjectUserName": "LAPTOP-1AMOMQ06$", "SubjectDomainName": "WORKGROUP", "SubjectLogonId": "0x3e7", "CallerProcessId": "0x34dc", "CallerProcessName": "C:\\Windows\\System32\\LogonUI.exe"}, "collected_at": "2026-09-03T06:36:20.301672+00:00"}
{"timestamp": "2026-09-03T06:36:14.9269945Z", "log_name": "Security", "event_id": 4798, "event_name": "Other Event", "provider": "Microsoft-Windows-Security-Auditing", "provider_guid": "{54849625-5478-4994-a5ba-3e3b0328c30d}", "level": "0", "task": "13824", "opcode": "0", "computer": "LAPTOP-1AMOMQ06", "record_id": 606947, "username": "Guest", "domain": "LAPTOP-1AMOMQ06", "logon_type": null, "authentication_package": null, "logon_process": null, "source_ip": null, "source_port": null, "workstation": null, "process_id": null, "process_name": null, "parent_process": null, "command_line": null, "event_data": {"TargetUserName": "Guest", "TargetDomainName": "LAPTOP-1AMOMQ06", "TargetSid": "S-1-5-21-2968253474-1415708722-1289182978-501", "SubjectUserSid": "S-1-5-18", "SubjectUserName": "LAPTOP-1AMOMQ06$", "SubjectDomainName": "WORKGROUP", "SubjectLogonId": "0x3e7", "CallerProcessId": "0xdc0", "CallerProcessName": "C:\\Windows\\System32\\svchost.exe"}, "collected_at": "2026-09-03T06:36:20.301729+00:00"}
