{"timestamp": "2026-08-29T06:45:56.4541456Z", "log_name": "Security", "event_id": 4672, "event_name": "Special Privileges Assigned", "provider": "Microsoft-Windows-Security-Auditing", "provider_guid": "{54849625-5478-4994-a5ba-3e3b0328c30d}", "level": "0", "task": "12548", "opcode": "0", "computer": "LAPTOP-1AMOMQ06", "record_id": 589840, "username": "SYSTEM", "domain": "NT AUTHORITY", "logon_type": null, "authentication_package": null, "logon_process": null, "source_ip": null, "source_port": null, "workstation": null, "process_id": null, "process_name": null, "parent_process": null, "command_line": null, "event_data": {"SubjectUserSid": "S-1-5-18", "SubjectUserName": "SYSTEM", "SubjectDomainName": "NT AUTHORITY", "SubjectLogonId": "0x3e7", "PrivilegeList": "SeAssignPrimaryTokenPrivilege\n\t\t\tSeTcbPrivilege\n\t\t\tSeSecurityPrivilege\n\t\t\tSeTakeOwnershipPrivilege\n\t\t\tSeLoadDriverPrivilege\n\t\t\tSeBackupPrivilege\n\t\t\tSeRestorePrivilege\n\t\t\tSeDebugPrivilege\n\t\t\tSeAuditPrivilege\n\t\t\tSeSystemEnvironmentPrivilege\n\t\t\tSeImpersonatePrivilege\n\t\t\tSeDelegateSessionUserImpersonatePrivilege"}, "collected_at": "2026-08-29T06:45:59.954343+00:00"}
{"timestamp": "2026-08-29T06:45:56.4541403Z", "log_name": "Security", "event_id": 4624, "event_name": "Successful Logon", "provider": "Microsoft-Windows-Security-Auditing", "provider_guid": "{54849625-5478-4994-a5ba-3e3b0328c30d}", "level": "0", "task": "12544", "opcode": "0", "computer": "LAPTOP-1AMOMQ06", "record_id": 589839, "username": "SYSTEM", "domain": "NT AUTHORITY", "logon_type": 5, "authentication_package": "Negotiate", "logon_process": "Advapi  ", "source_ip": null, "source_port": null, "workstation": null, "process_id": "0x49c", "process_name": "C:\\Windows\\System32\\services.exe", "parent_process": null, "command_line": null, "event_data": {"SubjectUserSid": "S-1-5-18", "SubjectUserName": "LAPTOP-1AMOMQ06$", "SubjectDomainName": "WORKGROUP", "SubjectLogonId": "0x3e7", "TargetUserSid": "S-1-5-18", "TargetUserName": "SYSTEM", "TargetDomainName": "NT AUTHORITY", "TargetLogonId": "0x3e7", "LogonType": "5", "LogonProcessName": "Advapi  ", "AuthenticationPackageName": "Negotiate", "WorkstationName": "-", "LogonGuid": "{00000000-0000-0000-0000-000000000000}", "TransmittedServices": "-", "LmPackageName": "-", "KeyLength": "0", "ProcessId": "0x49c", "ProcessName": "C:\\Windows\\System32\\services.exe", "IpAddress": "-", "IpPort": "-", "ImpersonationLevel": "%%1833", "RestrictedAdminMode": "-", "RemoteCredentialGuard": "-", "TargetOutboundUserName": "-", "TargetOutboundDomainName": "-", "VirtualAccount": "%%1843", "TargetLinkedLogonId": "0x0", "ElevatedToken": "%%1842"}, "collected_at": "2026-08-29T06:45:59.954377+00:00"}
{"timestamp": "2026-08-29T07:22:12.1391242Z", "log_name": "Security", "event_id": 5379, "event_name": "Other Event", "provider": "Microsoft-Windows-Security-Auditing", "provider_guid": "{54849625-5478-4994-a5ba-3e3b0328c30d}", "level": "0", "task": "13824", "opcode": "0", "computer": "LAPTOP-1AMOMQ06", "record_id": 590088, "username": "Sreeram CK", "domain": "LAPTOP-1AMOMQ06", "logon_type": null, "authentication_package": null, "logon_process": null, "source_ip": null, "source_port": null, "workstation": null, "process_id": null, "process_name": null, "parent_process": null, "command_line": null, "event_data": {"SubjectUserSid": "S-1-5-21-2968253474-1415708722-1289182978-1001", "SubjectUserName": "Sreeram CK", "SubjectDomainName": "LAPTOP-1AMOMQ06", "SubjectLogonId": "0x9383bc6", "TargetName": "MicrosoftAccount:user=sreeramck6@gmail.com", "Type": "0", "CountOfCredentialsReturned": "1", "ReadOperation": "%%8100", "ReturnCode": "0", "ProcessCreationTime": "2026-08-29T07:21:50.6587335Z", "ClientProcessId": "19560"}, "collected_at": "2026-08-29T07:22:14.016317+00:00"}
{"timestamp": "2026-08-29T07:22:12.1388676Z", "log_name": "Security", "event_id": 5379, "event_name": "Other Event", "provider": "Microsoft-Windows-Security-Auditing", "provider_guid": "{54849625-5478-4994-a5ba-3e3b0328c30d}", "level": "0", "task": "13824", "opcode": "0", "computer": "LAPTOP-1AMOMQ06", "record_id": 590087, "username": "Sreeram CK", "domain": "LAPTOP-1AMOMQ06", "logon_type": null, "authentication_package": null, "logon_process": null, "source_ip": null, "source_port": null, "workstation": null, "process_id": null, "process_name": null, "parent_process": null, "command_line": null, "event_data": {"SubjectUserSid": "S-1-5-21-2968253474-1415708722-1289182978-1001", "SubjectUserName": "Sreeram CK", "SubjectDomainName": "LAPTOP-1AMOMQ06", "SubjectLogonId": "0x9383bc6", "TargetName": "MicrosoftAccount:user=sreeramck6@gmail.com", "Type": "0", "CountOfCredentialsReturned": "1", "ReadOperation": "%%8100", "ReturnCode": "0", "ProcessCreationTime": "2026-08-29T07:21:50.6587335Z", "ClientProcessId": "19560"}, "collected_at": "2026-08-29T07:22:14.016347+00:00"}
{"timestamp": "2026-08-29T07:22:12.1385783Z", "log_name": "Security", "event_id": 5379, "event_name": "Other Event", "provider": "Microsoft-Windows-Security-Auditing", "provider_guid": "{54849625-5478-4994-a5ba-3e3b0328c30d}", "level": "0", "task": "13824", "opcode": "0", "computer": "LAPTOP-1AMOMQ06", "record_id": 590086, "username": "Sreeram CK", "domain": "LAPTOP-1AMOMQ06", "logon_type": null, "authentication_package": null, "logon_process": null, "source_ip": null, "source_port": null, "workstation": null, "process_id": null, "process_name": null, "parent_process": null, "command_line": null, "event_data": {"SubjectUserSid": "S-1-5-21-2968253474-1415708722-1289182978-1001", "SubjectUserName": "Sreeram CK", "SubjectDomainName": "LAPTOP-1AMOMQ06", "SubjectLogonId": "0x9383bc6", "TargetName": "MicrosoftAccount:user=sreeramck6@gmail.com", "Type": "0", "CountOfCredentialsReturned": "1", "ReadOperation": "%%8100", "ReturnCode": "0", "ProcessCreationTime": "2026-08-29T07:21:50.6587335Z", "ClientProcessId": "19560"}, "collected_at": "2026-08-29T07:22:14.016368+00:00"}
{"timestamp": "2026-08-29T07:22:12.1383423Z", "log_name": "Security", "event_id": 5379, "event_name": "Other Event", "provider": "Microsoft-Windows-Security-Auditing", "provider_guid": "{54849625-5478-4994-a5ba-3e3b0328c30d}", "level": "0", "task": "13824", "opcode": "0", "computer": "LAPTOP-1AMOMQ06", "record_id": 590085, "username": "Sreeram CK", "domain": "LAPTOP-1AMOMQ06", "logon_type": null, "authentication_package": null, "logon_process": null, "source_ip": null, "source_port": null, "workstation": null, "process_id": null, "process_name": null, "parent_process": null, "command_line": null, "event_data": {"SubjectUserSid": "S-1-5-21-2968253474-1415708722-1289182978-1001", "SubjectUserName": "Sreeram CK", "SubjectDomainName": "LAPTOP-1AMOMQ06", "SubjectLogonId": "0x9383bc6", "TargetName": "MicrosoftAccount:user=sreeramck6@gmail.com", "Type": "0", "CountOfCredentialsReturned": "1", "ReadOperation": "%%8100", "ReturnCode": "0", "ProcessCreationTime": "2026-08-29T07:21:50.6587335Z", "ClientProcessId": "19560"}, "collected_at": "2026-08-29T07:22:14.016388+00:00"}
{"timestamp": "2026-08-29T07:22:12.1380735Z", "log_name": "Security", "event_id": 5379, "event_name": "Other Event", "provider": "Microsoft-Windows-Security-Auditing", "provider_guid": "{54849625-5478-4994-a5ba-3e3b0328c30d}", "level": "0", "task": "13824", "opcode": "0", "computer": "LAPTOP-1AMOMQ06", "record_id": 590084, "username": "Sreeram CK", "domain": "LAPTOP-1AMOMQ06", "logon_type": null, "authentication_package": null, "logon_process": null, "source_ip": null, "source_port": null, "workstation": null, "process_id": null, "process_name": null, "parent_process": null, "command_line": null, "event_data": {"SubjectUserSid": "S-1-5-21-2968253474-1415708722-1289182978-1001", "SubjectUserName": "Sreeram CK", "SubjectDomainName": "LAPTOP-1AMOMQ06", "SubjectLogonId": "0x9383bc6", "TargetName": "MicrosoftAccount:user=sreeramck6@gmail.com", "Type": "0", "CountOfCredentialsReturned": "1", "ReadOperation": "%%8100", "ReturnCode": "0", "ProcessCreationTime": "2026-08-29T07:21:50.6587335Z", "ClientProcessId": "19560"}, "collected_at": "2026-08-29T07:22:14.016408+00:00"}
{"timestamp": "2026-08-29T07:22:12.1378549Z", "log_name": "Security", "event_id": 5379, "event_name": "Other Event", "provider": "Microsoft-Windows-Security-Auditing", "provider_guid": "{54849625-5478-4994-a5ba-3e3b0328c30d}", "level": "0", "task": "13824", "opcode": "0", "computer": "LAPTOP-1AMOMQ06", "record_id": 590083, "username": "Sreeram CK", "domain": "LAPTOP-1AMOMQ06", "logon_type": null, "authentication_package": null, "logon_process": null, "source_ip": null, "source_port": null, "workstation": null, "process_id": null, "process_name": null, "parent_process": null, "command_line": null, "event_data": {"SubjectUserSid": "S-1-5-21-2968253474-1415708722-1289182978-1001", "SubjectUserName": "Sreeram CK", "SubjectDomainName": "LAPTOP-1AMOMQ06", "SubjectLogonId": "0x9383bc6", "TargetName": "MicrosoftAccount:user=sreeramck6@gmail.com", "Type": "0", "CountOfCredentialsReturned": "1", "ReadOperation": "%%8100", "ReturnCode": "0", "ProcessCreationTime": "2026-08-29T07:21:50.6587335Z", "ClientProcessId": "19560"}, "collected_at": "2026-08-29T07:22:14.016427+00:00"}
{"timestamp": "2026-08-29T07:22:12.1375874Z", "log_name": "Security", "event_id": 5379, "event_name": "Other Event", "provider": "Microsoft-Windows-Security-Auditing", "provider_guid": "{54849625-5478-4994-a5ba-3e3b0328c30d}", "level": "0", "task": "13824", "opcode": "0", "computer": "LAPTOP-1AMOMQ06", "record_id": 590082, "username": "Sreeram CK", "domain": "LAPTOP-1AMOMQ06", "logon_type": null, "authentication_package": null, "logon_process": null, "source_ip": null, "source_port": null, "workstation": null, "process_id": null, "process_name": null, "parent_process": null, "command_line": null, "event_data": {"SubjectUserSid": "S-1-5-21-2968253474-1415708722-1289182978-1001", "SubjectUserName": "Sreeram CK", "SubjectDomainName": "LAPTOP-1AMOMQ06", "SubjectLogonId": "0x9383bc6", "TargetName": "MicrosoftAccount:user=sreeramck6@gmail.com", "Type": "0", "CountOfCredentialsReturned": "1", "ReadOperation": "%%8100", "ReturnCode": "0", "ProcessCreationTime": "2026-08-29T07:21:50.6587335Z", "ClientProcessId": "19560"}, "collected_at": "2026-08-29T07:22:14.016447+00:00"}
{"timestamp": "2026-08-29T07:22:12.1373516Z", "log_name": "Security", "event_id": 5379, "event_name": "Other Event", "provider": "Microsoft-Windows-Security-Auditing", "provider_guid": "{54849625-5478-4994-a5ba-3e3b0328c30d}", "level": "0", "task": "13824", "opcode": "0", "computer": "LAPTOP-1AMOMQ06", "record_id": 590081, "username": "Sreeram CK", "domain": "LAPTOP-1AMOMQ06", "logon_type": null, "authentication_package": null, "logon_process": null, "source_ip": null, "source_port": null, "workstation": null, "process_id": null, "process_name": null, "parent_process": null, "command_line": null, "event_data": {"SubjectUserSid": "S-1-5-21-2968253474-1415708722-1289182978-1001", "SubjectUserName": "Sreeram CK", "SubjectDomainName": "LAPTOP-1AMOMQ06", "SubjectLogonId": "0x9383bc6", "TargetName": "MicrosoftAccount:user=sreeramck6@gmail.com", "Type": "0", "CountOfCredentialsReturned": "1", "ReadOperation": "%%8100", "ReturnCode": "0", "ProcessCreationTime": "2026-08-29T07:21:50.6587335Z", "ClientProcessId": "19560"}, "collected_at": "2026-08-29T07:22:14.016465+00:00"}
{"timestamp": "2026-08-29T07:22:12.1370522Z", "log_name": "Security", "event_id": 5379, "event_name": "Other Event", "provider": "Microsoft-Windows-Security-Auditing", "provider_guid": "{54849625-5478-4994-a5ba-3e3b0328c30d}", "level": "0", "task": "13824", "opcode": "0", "computer": "LAPTOP-1AMOMQ06", "record_id": 590080, "username": "Sreeram CK", "domain": "LAPTOP-1AMOMQ06", "logon_type": null, "authentication_package": null, "logon_process": null, "source_ip": null, "source_port": null, "workstation": null, "process_id": null, "process_name": null, "parent_process": null, "command_line": null, "event_data": {"SubjectUserSid": "S-1-5-21-2968253474-1415708722-1289182978-1001", "SubjectUserName": "Sreeram CK", "SubjectDomainName": "LAPTOP-1AMOMQ06", "SubjectLogonId": "0x9383bc6", "TargetName": "MicrosoftAccount:user=sreeramck6@gmail.com", "Type": "0", "CountOfCredentialsReturned": "1", "ReadOperation": "%%8100", "ReturnCode": "0", "ProcessCreationTime": "2026-08-29T07:21:50.6587335Z", "ClientProcessId": "19560"}, "collected_at": "2026-08-29T07:22:14.016484+00:00"}
{"timestamp": "2026-08-29T07:22:12.1367992Z", "log_name": "Security", "event_id": 5379, "event_name": "Other Event", "provider": "Microsoft-Windows-Security-Auditing", "provider_guid": "{54849625-5478-4994-a5ba-3e3b0328c30d}", "level": "0", "task": "13824", "opcode": "0", "computer": "LAPTOP-1AMOMQ06", "record_id": 590079, "username": "Sreeram CK", "domain": "LAPTOP-1AMOMQ06", "logon_type": null, "authentication_package": null, "logon_process": null, "source_ip": null, "source_port": null, "workstation": null, "process_id": null, "process_name": null, "parent_process": null, "command_line": null, "event_data": {"SubjectUserSid": "S-1-5-21-2968253474-1415708722-1289182978-1001", "SubjectUserName": "Sreeram CK", "SubjectDomainName": "LAPTOP-1AMOMQ06", "SubjectLogonId": "0x9383bc6", "TargetName": "MicrosoftAccount:user=sreeramck6@gmail.com", "Type": "0", "CountOfCredentialsReturned": "1", "ReadOperation": "%%8100", "ReturnCode": "0", "ProcessCreationTime": "2026-08-29T07:21:50.6587335Z", "ClientProcessId": "19560"}, "collected_at": "2026-08-29T07:22:14.016504+00:00"}
{"timestamp": "2026-08-29T07:22:12.1365039Z", "log_name": "Security", "event_id": 5379, "event_name": "Other Event", "provider": "Microsoft-Windows-Security-Auditing", "provider_guid": "{54849625-5478-4994-a5ba-3e3b0328c30d}", "level": "0", "task": "13824", "opcode": "0", "computer": "LAPTOP-1AMOMQ06", "record_id": 590078, "username": "Sreeram CK", "domain": "LAPTOP-1AMOMQ06", "logon_type": null, "authentication_package": null, "logon_process": null, "source_ip": null, "source_port": null, "workstation": null, "process_id": null, "process_name": null, "parent_process": null, "command_line": null, "event_data": {"SubjectUserSid": "S-1-5-21-2968253474-1415708722-1289182978-1001", "SubjectUserName": "Sreeram CK", "SubjectDomainName": "LAPTOP-1AMOMQ06", "SubjectLogonId": "0x9383bc6", "TargetName": "MicrosoftAccount:user=sreeramck6@gmail.com", "Type": "0", "CountOfCredentialsReturned": "1", "ReadOperation": "%%8100", "ReturnCode": "0", "ProcessCreationTime": "2026-08-29T07:21:50.6587335Z", "ClientProcessId": "19560"}, "collected_at": "2026-08-29T07:22:14.016523+00:00"}
{"timestamp": "2026-08-29T07:22:12.1362608Z", "log_name": "Security", "event_id": 5379, "event_name": "Other Event", "provider": "Microsoft-Windows-Security-Auditing", "provider_guid": "{54849625-5478-4994-a5ba-3e3b0328c30d}", "level": "0", "task": "13824", "opcode": "0", "computer": "LAPTOP-1AMOMQ06", "record_id": 590077, "username": "Sreeram CK", "domain": "LAPTOP-1AMOMQ06", "logon_type": null, "authentication_package": null, "logon_process": null, "source_ip": null, "source_port": null, "workstation": null, "process_id": null, "process_name": null, "parent_process": null, "command_line": null, "event_data": {"SubjectUserSid": "S-1-5-21-2968253474-1415708722-1289182978-1001", "SubjectUserName": "Sreeram CK", "SubjectDomainName": "LAPTOP-1AMOMQ06", "SubjectLogonId": "0x9383bc6", "TargetName": "MicrosoftAccount:user=sreeramck6@gmail.com", "Type": "0", "CountOfCredentialsReturned": "1", "ReadOperation": "%%8100", "ReturnCode": "0", "ProcessCreationTime": "2026-08-29T07:21:50.6587335Z", "ClientProcessId": "19560"}, "collected_at": "2026-08-29T07:22:14.016543+00:00"}
{"timestamp": "2026-08-29T07:22:12.1359696Z", "log_name": "Security", "event_id": 5379, "event_name": "Other Event", "provider": "Microsoft-Windows-Security-Auditing", "provider_guid": "{54849625-5478-4994-a5ba-3e3b0328c30d}", "level": "0", "task": "13824", "opcode": "0", "computer": "LAPTOP-1AMOMQ06", "record_id": 590076, "username": "Sreeram CK", "domain": "LAPTOP-1AMOMQ06", "logon_type": null, "authentication_package": null, "logon_process": null, "source_ip": null, "source_port": null, "workstation": null, "process_id": null, "process_name": null, "parent_process": null, "command_line": null, "event_data": {"SubjectUserSid": "S-1-5-21-2968253474-1415708722-1289182978-1001", "SubjectUserName": "Sreeram CK", "SubjectDomainName": "LAPTOP-1AMOMQ06", "SubjectLogonId": "0x9383bc6", "TargetName": "MicrosoftAccount:user=sreeramck6@gmail.com", "Type": "0", "CountOfCredentialsReturned": "1", "ReadOperation": "%%8100", "ReturnCode": "0", "ProcessCreationTime": "2026-08-29T07:21:50.6587335Z", "ClientProcessId": "19560"}, "collected_at": "2026-08-29T07:22:14.016562+00:00"}
{"timestamp": "2026-08-29T07:22:12.1356536Z", "log_name": "Security", "event_id": 5379, "event_name": "Other Event", "provider": "Microsoft-Windows-Security-Auditing", "provider_guid": "{54849625-5478-4994-a5ba-3e3b0328c30d}", "level": "0", "task": "13824", "opcode": "0", "computer": "LAPTOP-1AMOMQ06", "record_id": 590075, "username": "Sreeram CK", "domain": "LAPTOP-1AMOMQ06", "logon_type": null, "authentication_package": null, "logon_process": null, "source_ip": null, "source_port": null, "workstation": null, "process_id": null, "process_name": null, "parent_process": null, "command_line": null, "event_data": {"SubjectUserSid": "S-1-5-21-2968253474-1415708722-1289182978-1001", "SubjectUserName": "Sreeram CK", "SubjectDomainName": "LAPTOP-1AMOMQ06", "SubjectLogonId": "0x9383bc6", "TargetName": "MicrosoftAccount:user=sreeramck6@gmail.com", "Type": "0", "CountOfCredentialsReturned": "1", "ReadOperation": "%%8100", "ReturnCode": "0", "ProcessCreationTime": "2026-08-29T07:21:50.6587335Z", "ClientProcessId": "19560"}, "collected_at": "2026-08-29T07:22:14.016581+00:00"}
{"timestamp": "2026-08-29T07:22:12.1123727Z", "log_name": "Security", "event_id": 5379, "event_name": "Other Event", "provider": "Microsoft-Windows-Security-Auditing", "provider_guid": "{54849625-5478-4994-a5ba-3e3b0328c30d}", "level": "0", "task": "13824", "opcode": "0", "computer": "LAPTOP-1AMOMQ06", "record_id": 590074, "username": "Sreeram CK", "domain": "LAPTOP-1AMOMQ06", "logon_type": null, "authentication_package": null, "logon_process": null, "source_ip": null, "source_port": null, "workstation": null, "process_id": null, "process_name": null, "parent_process": null, "command_line": null, "event_data": {"SubjectUserSid": "S-1-5-21-2968253474-1415708722-1289182978-1001", "SubjectUserName": "Sreeram CK", "SubjectDomainName": "LAPTOP-1AMOMQ06", "SubjectLogonId": "0x9383bc6", "TargetName": "MicrosoftAccount:user=sreeramck6@gmail.com", "Type": "0", "CountOfCredentialsReturned": "1", "ReadOperation": "%%8100", "ReturnCode": "0", "ProcessCreationTime": "2026-08-29T07:21:50.6587335Z", "ClientProcessId": "19560"}, "collected_at": "2026-08-29T07:22:14.016600+00:00"}
{"timestamp": "2026-08-29T07:22:12.1114365Z", "log_name": "Security", "event_id": 5379, "event_name": "Other Event", "provider": "Microsoft-Windows-Security-Auditing", "provider_guid": "{54849625-5478-4994-a5ba-3e3b0328c30d}", "level": "0", "task": "13824", "opcode": "0", "computer": "LAPTOP-1AMOMQ06", "record_id": 590073, "username": "Sreeram CK", "domain": "LAPTOP-1AMOMQ06", "logon_type": null, "authentication_package": null, "logon_process": null, "source_ip": null, "source_port": null, "workstation": null, "process_id": null, "process_name": null, "parent_process": null, "command_line": null, "event_data": {"SubjectUserSid": "S-1-5-21-2968253474-1415708722-1289182978-1001", "SubjectUserName": "Sreeram CK", "SubjectDomainName": "LAPTOP-1AMOMQ06", "SubjectLogonId": "0x9383bc6", "TargetName": "MicrosoftAccount:user=sreeramck6@gmail.com", "Type": "0", "CountOfCredentialsReturned": "1", "ReadOperation": "%%8100", "ReturnCode": "0", "ProcessCreationTime": "2026-08-29T07:21:50.6587335Z", "ClientProcessId": "19560"}, "collected_at": "2026-08-29T07:22:14.016619+00:00"}
{"timestamp": "2026-08-29T07:22:12.1080792Z", "log_name": "Security", "event_id": 5379, "event_name": "Other Event", "provider": "Microsoft-Windows-Security-Auditing", "provider_guid": "{54849625-5478-4994-a5ba-3e3b0328c30d}", "level": "0", "task": "13824", "opcode": "0", "computer": "LAPTOP-1AMOMQ06", "record_id": 590072, "username": "Sreeram CK", "domain": "LAPTOP-1AMOMQ06", "logon_type": null, "authentication_package": null, "logon_process": null, "source_ip": null, "source_port": null, "workstation": null, "process_id": null, "process_name": null, "parent_process": null, "command_line": null, "event_data": {"SubjectUserSid": "S-1-5-21-2968253474-1415708722-1289182978-1001", "SubjectUserName": "Sreeram CK", "SubjectDomainName": "LAPTOP-1AMOMQ06", "SubjectLogonId": "0x9383bc6", "TargetName": "MicrosoftAccount:user=sreeramck6@gmail.com", "Type": "0", "CountOfCredentialsReturned": "1", "ReadOperation": "%%8100", "ReturnCode": "0", "ProcessCreationTime": "2026-08-29T07:21:50.6587335Z", "ClientProcessId": "19560"}, "collected_at": "2026-08-29T07:22:14.016638+00:00"}
{"timestamp": "2026-08-29T07:22:12.1078101Z", "log_name": "Security", "event_id": 5379, "event_name": "Other Event", "provider": "Microsoft-Windows-Security-Auditing", "provider_guid": "{54849625-5478-4994-a5ba-3e3b0328c30d}", "level": "0", "task": "13824", "opcode": "0", "computer": "LAPTOP-1AMOMQ06", "record_id": 590071, "username": "Sreeram CK", "domain": "LAPTOP-1AMOMQ06", "logon_type": null, "authentication_package": null, "logon_process": null, "source_ip": null, "source_port": null, "workstation": null, "process_id": null, "process_name": null, "parent_process": null, "command_line": null, "event_data": {"SubjectUserSid": "S-1-5-21-2968253474-1415708722-1289182978-1001", "SubjectUserName": "Sreeram CK", "SubjectDomainName": "LAPTOP-1AMOMQ06", "SubjectLogonId": "0x9383bc6", "TargetName": "MicrosoftAccount:user=sreeramck6@gmail.com", "Type": "0", "CountOfCredentialsReturned": "1", "ReadOperation": "%%8100", "ReturnCode": "0", "ProcessCreationTime": "2026-08-29T07:21:50.6587335Z", "ClientProcessId": "19560"}, "collected_at": "2026-08-29T07:22:14.016657+00:00"}
{"timestamp": "2026-08-29T07:22:12.1075786Z", "log_name": "Security", "event_id": 5379, "event_name": "Other Event", "provider": "Microsoft-Windows-Security-Auditing", "provider_guid": "{54849625-5478-4994-a5ba-3e3b0328c30d}", "level": "0", "task": "13824", "opcode": "0", "computer": "LAPTOP-1AMOMQ06", "record_id": 590070, "username": "Sreeram CK", "domain": "LAPTOP-1AMOMQ06", "logon_type": null, "authentication_package": null, "logon_process": null, "source_ip": null, "source_port": null, "workstation": null, "process_id": null, "process_name": null, "parent_process": null, "command_line": null, "event_data": {"SubjectUserSid": "S-1-5-21-2968253474-1415708722-1289182978-1001", "SubjectUserName": "Sreeram CK", "SubjectDomainName": "LAPTOP-1AMOMQ06", "SubjectLogonId": "0x9383bc6", "TargetName": "MicrosoftAccount:user=sreeramck6@gmail.com", "Type": "0", "CountOfCredentialsReturned": "1", "ReadOperation": "%%8100", "ReturnCode": "0", "ProcessCreationTime": "2026-08-29T07:21:50.6587335Z", "ClientProcessId": "19560"}, "collected_at": "2026-08-29T07:22:14.016678+00:00"}
{"timestamp": "2026-08-29T07:22:12.1073021Z", "log_name": "Security", "event_id": 5379, "event_name": "Other Event", "provider": "Microsoft-Windows-Security-Auditing", "provider_guid": "{54849625-5478-4994-a5ba-3e3b0328c30d}", "level": "0", "task": "13824", "opcode": "0", "computer": "LAPTOP-1AMOMQ06", "record_id": 590069, "username": "Sreeram CK", "domain": "LAPTOP-1AMOMQ06", "logon_type": null, "authentication_package": null, "logon_process": null, "source_ip": null, "source_port": null, "workstation": null, "process_id": null, "process_name": null, "parent_process": null, "command_line": null, "event_data": {"SubjectUserSid": "S-1-5-21-2968253474-1415708722-1289182978-1001", "SubjectUserName": "Sreeram CK", "SubjectDomainName": "LAPTOP-1AMOMQ06", "SubjectLogonId": "0x9383bc6", "TargetName": "MicrosoftAccount:user=sreeramck6@gmail.com", "Type": "0", "CountOfCredentialsReturned": "1", "ReadOperation": "%%8100", "ReturnCode": "0", "ProcessCreationTime": "2026-08-29T07:21:50.6587335Z", "ClientProcessId": "19560"}, "collected_at": "2026-08-29T07:22:14.016697+00:00"}
{"timestamp": "2026-08-29T07:22:12.1070665Z", "log_name": "Security", "event_id": 5379, "event_name": "Other Event", "provider": "Microsoft-Windows-Security-Auditing", "provider_guid": "{54849625-5478-4994-a5ba-3e3b0328c30d}", "level": "0", "task": "13824", "opcode": "0", "computer": "LAPTOP-1AMOMQ06", "record_id": 590068, "username": "Sreeram CK", "domain": "LAPTOP-1AMOMQ06", "logon_type": null, "authentication_package": null, "logon_process": null, "source_ip": null, "source_port": null, "workstation": null, "process_id": null, "process_name": null, "parent_process": null, "command_line": null, "event_data": {"SubjectUserSid": "S-1-5-21-2968253474-1415708722-1289182978-1001", "SubjectUserName": "Sreeram CK", "SubjectDomainName": "LAPTOP-1AMOMQ06", "SubjectLogonId": "0x9383bc6", "TargetName": "MicrosoftAccount:user=sreeramck6@gmail.com", "Type": "0", "CountOfCredentialsReturned": "1", "ReadOperation": "%%8100", "ReturnCode": "0", "ProcessCreationTime": "2026-08-29T07:21:50.6587335Z", "ClientProcessId": "19560"}, "collected_at": "2026-08-29T07:22:14.016716+00:00"}
{"timestamp": "2026-08-29T07:22:12.1067600Z", "log_name": "Security", "event_id": 5379, "event_name": "Other Event", "provider": "Microsoft-Windows-Security-Auditing", "provider_guid": "{54849625-5478-4994-a5ba-3e3b0328c30d}", "level": "0", "task": "13824", "opcode": "0", "computer": "LAPTOP-1AMOMQ06", "record_id": 590067, "username": "Sreeram CK", "domain": "LAPTOP-1AMOMQ06", "logon_type": null, "authentication_package": null, "logon_process": null, "source_ip": null, "source_port": null, "workstation": null, "process_id": null, "process_name": null, "parent_process": null, "command_line": null, "event_data": {"SubjectUserSid": "S-1-5-21-2968253474-1415708722-1289182978-1001", "SubjectUserName": "Sreeram CK", "SubjectDomainName": "LAPTOP-1AMOMQ06", "SubjectLogonId": "0x9383bc6", "TargetName": "MicrosoftAccount:user=sreeramck6@gmail.com", "Type": "0", "CountOfCredentialsReturned": "1", "ReadOperation": "%%8100", "ReturnCode": "0", "ProcessCreationTime": "2026-08-29T07:21:50.6587335Z", "ClientProcessId": "19560"}, "collected_at": "2026-08-29T07:22:14.016734+00:00"}
{"timestamp": "2026-08-29T07:22:12.1064981Z", "log_name": "Security", "event_id": 5379, "event_name": "Other Event", "provider": "Microsoft-Windows-Security-Auditing", "provider_guid": "{54849625-5478-4994-a5ba-3e3b0328c30d}", "level": "0", "task": "13824", "opcode": "0", "computer": "LAPTOP-1AMOMQ06", "record_id": 590066, "username": "Sreeram CK", "domain": "LAPTOP-1AMOMQ06", "logon_type": null, "authentication_package": null, "logon_process": null, "source_ip": null, "source_port": null, "workstation": null, "process_id": null, "process_name": null, "parent_process": null, "command_line": null, "event_data": {"SubjectUserSid": "S-1-5-21-2968253474-1415708722-1289182978-1001", "SubjectUserName": "Sreeram CK", "SubjectDomainName": "LAPTOP-1AMOMQ06", "SubjectLogonId": "0x9383bc6", "TargetName": "MicrosoftAccount:user=sreeramck6@gmail.com", "Type": "0", "CountOfCredentialsReturned": "1", "ReadOperation": "%%8100", "ReturnCode": "0", "ProcessCreationTime": "2026-08-29T07:21:50.6587335Z", "ClientProcessId": "19560"}, "collected_at": "2026-08-29T07:22:14.016754+00:00"}
{"timestamp": "2026-08-29T07:22:12.1062163Z", "log_name": "Security", "event_id": 5379, "event_name": "Other Event", "provider": "Microsoft-Windows-Security-Auditing", "provider_guid": "{54849625-5478-4994-a5ba-3e3b0328c30d}", "level": "0", "task": "13824", "opcode": "0", "computer": "LAPTOP-1AMOMQ06", "record_id": 590065, "username": "Sreeram CK", "domain": "LAPTOP-1AMOMQ06", "logon_type": null, "authentication_package": null, "logon_process": null, "source_ip": null, "source_port": null, "workstation": null, "process_id": null, "process_name": null, "parent_process": null, "command_line": null, "event_data": {"SubjectUserSid": "S-1-5-21-2968253474-1415708722-1289182978-1001", "SubjectUserName": "Sreeram CK", "SubjectDomainName": "LAPTOP-1AMOMQ06", "SubjectLogonId": "0x9383bc6", "TargetName": "MicrosoftAccount:user=sreeramck6@gmail.com", "Type": "0", "CountOfCredentialsReturned": "1", "ReadOperation": "%%8100", "ReturnCode": "0", "ProcessCreationTime": "2026-08-29T07:21:50.6587335Z", "ClientProcessId": "19560"}, "collected_at": "2026-08-29T07:22:14.016773+00:00"}
{"timestamp": "2026-08-29T07:22:12.1059905Z", "log_name": "Security", "event_id": 5379, "event_name": "Other Event", "provider": "Microsoft-Windows-Security-Auditing", "provider_guid": "{54849625-5478-4994-a5ba-3e3b0328c30d}", "level": "0", "task": "13824", "opcode": "0", "computer": "LAPTOP-1AMOMQ06", "record_id": 590064, "username": "Sreeram CK", "domain": "LAPTOP-1AMOMQ06", "logon_type": null, "authentication_package": null, "logon_process": null, "source_ip": null, "source_port": null, "workstation": null, "process_id": null, "process_name": null, "parent_process": null, "command_line": null, "event_data": {"SubjectUserSid": "S-1-5-21-2968253474-1415708722-1289182978-1001", "SubjectUserName": "Sreeram CK", "SubjectDomainName": "LAPTOP-1AMOMQ06", "SubjectLogonId": "0x9383bc6", "TargetName": "MicrosoftAccount:user=sreeramck6@gmail.com", "Type": "0", "CountOfCredentialsReturned": "1", "ReadOperation": "%%8100", "ReturnCode": "0", "ProcessCreationTime": "2026-08-29T07:21:50.6587335Z", "ClientProcessId": "19560"}, "collected_at": "2026-08-29T07:22:14.016791+00:00"}
{"timestamp": "2026-08-29T07:22:12.1056915Z", "log_name": "Security", "event_id": 5379, "event_name": "Other Event", "provider": "Microsoft-Windows-Security-Auditing", "provider_guid": "{54849625-5478-4994-a5ba-3e3b0328c30d}", "level": "0", "task": "13824", "opcode": "0", "computer": "LAPTOP-1AMOMQ06", "record_id": 590063, "username": "Sreeram CK", "domain": "LAPTOP-1AMOMQ06", "logon_type": null, "authentication_package": null, "logon_process": null, "source_ip": null, "source_port": null, "workstation": null, "process_id": null, "process_name": null, "parent_process": null, "command_line": null, "event_data": {"SubjectUserSid": "S-1-5-21-2968253474-1415708722-1289182978-1001", "SubjectUserName": "Sreeram CK", "SubjectDomainName": "LAPTOP-1AMOMQ06", "SubjectLogonId": "0x9383bc6", "TargetName": "MicrosoftAccount:user=sreeramck6@gmail.com", "Type": "0", "CountOfCredentialsReturned": "1", "ReadOperation": "%%8100", "ReturnCode": "0", "ProcessCreationTime": "2026-08-29T07:21:50.6587335Z", "ClientProcessId": "19560"}, "collected_at": "2026-08-29T07:22:14.016810+00:00"}
{"timestamp": "2026-08-29T07:22:12.1054290Z", "log_name": "Security", "event_id": 5379, "event_name": "Other Event", "provider": "Microsoft-Windows-Security-Auditing", "provider_guid": "{54849625-5478-4994-a5ba-3e3b0328c30d}", "level": "0", "task": "13824", "opcode": "0", "computer": "LAPTOP-1AMOMQ06", "record_id": 590062, "username": "Sreeram CK", "domain": "LAPTOP-1AMOMQ06", "logon_type": null, "authentication_package": null, "logon_process": null, "source_ip": null, "source_port": null, "workstation": null, "process_id": null, "process_name": null, "parent_process": null, "command_line": null, "event_data": {"SubjectUserSid": "S-1-5-21-2968253474-1415708722-1289182978-1001", "SubjectUserName": "Sreeram CK", "SubjectDomainName": "LAPTOP-1AMOMQ06", "SubjectLogonId": "0x9383bc6", "TargetName": "MicrosoftAccount:user=sreeramck6@gmail.com", "Type": "0", "CountOfCredentialsReturned": "1", "ReadOperation": "%%8100", "ReturnCode": "0", "ProcessCreationTime": "2026-08-29T07:21:50.6587335Z", "ClientProcessId": "19560"}, "collected_at": "2026-08-29T07:22:14.016829+00:00"}
{"timestamp": "2026-08-29T07:22:12.1051179Z", "log_name": "Security", "event_id": 5379, "event_name": "Other Event", "provider": "Microsoft-Windows-Security-Auditing", "provider_guid": "{54849625-5478-4994-a5ba-3e3b0328c30d}", "level": "0", "task": "13824", "opcode": "0", "computer": "LAPTOP-1AMOMQ06", "record_id": 590061, "username": "Sreeram CK", "domain": "LAPTOP-1AMOMQ06", "logon_type": null, "authentication_package": null, "logon_process": null, "source_ip": null, "source_port": null, "workstation": null, "process_id": null, "process_name": null, "parent_process": null, "command_line": null, "event_data": {"SubjectUserSid": "S-1-5-21-2968253474-1415708722-1289182978-1001", "SubjectUserName": "Sreeram CK", "SubjectDomainName": "LAPTOP-1AMOMQ06", "SubjectLogonId": "0x9383bc6", "TargetName": "MicrosoftAccount:user=sreeramck6@gmail.com", "Type": "0", "CountOfCredentialsReturned": "1", "ReadOperation": "%%8100", "ReturnCode": "0", "ProcessCreationTime": "2026-08-29T07:21:50.6587335Z", "ClientProcessId": "19560"}, "collected_at": "2026-08-29T07:22:14.016849+00:00"}
{"timestamp": "2026-08-29T07:22:12.1047905Z", "log_name": "Security", "event_id": 5379, "event_name": "Other Event", "provider": "Microsoft-Windows-Security-Auditing", "provider_guid": "{54849625-5478-4994-a5ba-3e3b0328c30d}", "level": "0", "task": "13824", "opcode": "0", "computer": "LAPTOP-1AMOMQ06", "record_id": 590060, "username": "Sreeram CK", "domain": "LAPTOP-1AMOMQ06", "logon_type": null, "authentication_package": null, "logon_process": null, "source_ip": null, "source_port": null, "workstation": null, "process_id": null, "process_name": null, "parent_process": null, "command_line": null, "event_data": {"SubjectUserSid": "S-1-5-21-2968253474-1415708722-1289182978-1001", "SubjectUserName": "Sreeram CK", "SubjectDomainName": "LAPTOP-1AMOMQ06", "SubjectLogonId": "0x9383bc6", "TargetName": "MicrosoftAccount:user=sreeramck6@gmail.com", "Type": "0", "CountOfCredentialsReturned": "1", "ReadOperation": "%%8100", "ReturnCode": "0", "ProcessCreationTime": "2026-08-29T07:21:50.6587335Z", "ClientProcessId": "19560"}, "collected_at": "2026-08-29T07:22:14.016868+00:00"}
{"timestamp": "2026-08-29T07:22:12.0971611Z", "log_name": "Security", "event_id": 5379, "event_name": "Other Event", "provider": "Microsoft-Windows-Security-Auditing", "provider_guid": "{54849625-5478-4994-a5ba-3e3b0328c30d}", "level": "0", "task": "13824", "opcode": "0", "computer": "LAPTOP-1AMOMQ06", "record_id": 590059, "username": "Sreeram CK", "domain": "LAPTOP-1AMOMQ06", "logon_type": null, "authentication_package": null, "logon_process": null, "source_ip": null, "source_port": null, "workstation": null, "process_id": null, "process_name": null, "parent_process": null, "command_line": null, "event_data": {"SubjectUserSid": "S-1-5-21-2968253474-1415708722-1289182978-1001", "SubjectUserName": "Sreeram CK", "SubjectDomainName": "LAPTOP-1AMOMQ06", "SubjectLogonId": "0x9383bc6", "TargetName": "MicrosoftAccount:user=sreeramck6@gmail.com", "Type": "0", "CountOfCredentialsReturned": "1", "ReadOperation": "%%8100", "ReturnCode": "0", "ProcessCreationTime": "2026-08-29T07:21:50.6587335Z", "ClientProcessId": "19560"}, "collected_at": "2026-08-29T07:22:14.016887+00:00"}
{"timestamp": "2026-08-29T07:22:12.0970491Z", "log_name": "Security", "event_id": 5379, "event_name": "Other Event", "provider": "Microsoft-Windows-Security-Auditing", "provider_guid": "{54849625-5478-4994-a5ba-3e3b0328c30d}", "level": "0", "task": "13824", "opcode": "0", "computer": "LAPTOP-1AMOMQ06", "record_id": 590058, "username": "Sreeram CK", "domain": "LAPTOP-1AMOMQ06", "logon_type": null, "authentication_package": null, "logon_process": null, "source_ip": null, "source_port": null, "workstation": null, "process_id": null, "process_name": null, "parent_process": null, "command_line": null, "event_data": {"SubjectUserSid": "S-1-5-21-2968253474-1415708722-1289182978-1001", "SubjectUserName": "Sreeram CK", "SubjectDomainName": "LAPTOP-1AMOMQ06", "SubjectLogonId": "0x9383bc6", "TargetName": "MicrosoftAccount:user=sreeramck6@gmail.com", "Type": "0", "CountOfCredentialsReturned": "1", "ReadOperation": "%%8100", "ReturnCode": "0", "ProcessCreationTime": "2026-08-29T07:21:50.6587335Z", "ClientProcessId": "19560"}, "collected_at": "2026-08-29T07:22:14.016906+00:00"}
{"timestamp": "2026-08-29T07:22:12.0969580Z", "log_name": "Security", "event_id": 5379, "event_name": "Other Event", "provider": "Microsoft-Windows-Security-Auditing", "provider_guid": "{54849625-5478-4994-a5ba-3e3b0328c30d}", "level": "0", "task": "13824", "opcode": "0", "computer": "LAPTOP-1AMOMQ06", "record_id": 590057, "username": "Sreeram CK", "domain": "LAPTOP-1AMOMQ06", "logon_type": null, "authentication_package": null, "logon_process": null, "source_ip": null, "source_port": null, "workstation": null, "process_id": null, "process_name": null, "parent_process": null, "command_line": null, "event_data": {"SubjectUserSid": "S-1-5-21-2968253474-1415708722-1289182978-1001", "SubjectUserName": "Sreeram CK", "SubjectDomainName": "LAPTOP-1AMOMQ06", "SubjectLogonId": "0x9383bc6", "TargetName": "MicrosoftAccount:user=sreeramck6@gmail.com", "Type": "0", "CountOfCredentialsReturned": "1", "ReadOperation": "%%8100", "ReturnCode": "0", "ProcessCreationTime": "2026-08-29T07:21:50.6587335Z", "ClientProcessId": "19560"}, "collected_at": "2026-08-29T07:22:14.016926+00:00"}
{"timestamp": "2026-08-29T07:22:12.0968474Z", "log_name": "Security", "event_id": 5379, "event_name": "Other Event", "provider": "Microsoft-Windows-Security-Auditing", "provider_guid": "{54849625-5478-4994-a5ba-3e3b0328c30d}", "level": "0", "task": "13824", "opcode": "0", "computer": "LAPTOP-1AMOMQ06", "record_id": 590056, "username": "Sreeram CK", "domain": "LAPTOP-1AMOMQ06", "logon_type": null, "authentication_package": null, "logon_process": null, "source_ip": null, "source_port": null, "workstation": null, "process_id": null, "process_name": null, "parent_process": null, "command_line": null, "event_data": {"SubjectUserSid": "S-1-5-21-2968253474-1415708722-1289182978-1001", "SubjectUserName": "Sreeram CK", "SubjectDomainName": "LAPTOP-1AMOMQ06", "SubjectLogonId": "0x9383bc6", "TargetName": "MicrosoftAccount:user=sreeramck6@gmail.com", "Type": "0", "CountOfCredentialsReturned": "1", "ReadOperation": "%%8100", "ReturnCode": "0", "ProcessCreationTime": "2026-08-29T07:21:50.6587335Z", "ClientProcessId": "19560"}, "collected_at": "2026-08-29T07:22:14.016945+00:00"}
{"timestamp": "2026-08-29T07:22:12.0967547Z", "log_name": "Security", "event_id": 5379, "event_name": "Other Event", "provider": "Microsoft-Windows-Security-Auditing", "provider_guid": "{54849625-5478-4994-a5ba-3e3b0328c30d}", "level": "0", "task": "13824", "opcode": "0", "computer": "LAPTOP-1AMOMQ06", "record_id": 590055, "username": "Sreeram CK", "domain": "LAPTOP-1AMOMQ06", "logon_type": null, "authentication_package": null, "logon_process": null, "source_ip": null, "source_port": null, "workstation": null, "process_id": null, "process_name": null, "parent_process": null, "command_line": null, "event_data": {"SubjectUserSid": "S-1-5-21-2968253474-1415708722-1289182978-1001", "SubjectUserName": "Sreeram CK", "SubjectDomainName": "LAPTOP-1AMOMQ06", "SubjectLogonId": "0x9383bc6", "TargetName": "MicrosoftAccount:user=sreeramck6@gmail.com", "Type": "0", "CountOfCredentialsReturned": "1", "ReadOperation": "%%8100", "ReturnCode": "0", "ProcessCreationTime": "2026-08-29T07:21:50.6587335Z", "ClientProcessId": "19560"}, "collected_at": "2026-08-29T07:22:14.016963+00:00"}
{"timestamp": "2026-08-29T07:22:12.0966374Z", "log_name": "Security", "event_id": 5379, "event_name": "Other Event", "provider": "Microsoft-Windows-Security-Auditing", "provider_guid": "{54849625-5478-4994-a5ba-3e3b0328c30d}", "level": "0", "task": "13824", "opcode": "0", "computer": "LAPTOP-1AMOMQ06", "record_id": 590054, "username": "Sreeram CK", "domain": "LAPTOP-1AMOMQ06", "logon_type": null, "authentication_package": null, "logon_process": null, "source_ip": null, "source_port": null, "workstation": null, "process_id": null, "process_name": null, "parent_process": null, "command_line": null, "event_data": {"SubjectUserSid": "S-1-5-21-2968253474-1415708722-1289182978-1001", "SubjectUserName": "Sreeram CK", "SubjectDomainName": "LAPTOP-1AMOMQ06", "SubjectLogonId": "0x9383bc6", "TargetName": "MicrosoftAccount:user=sreeramck6@gmail.com", "Type": "0", "CountOfCredentialsReturned": "1", "ReadOperation": "%%8100", "ReturnCode": "0", "ProcessCreationTime": "2026-08-29T07:21:50.6587335Z", "ClientProcessId": "19560"}, "collected_at": "2026-08-29T07:22:14.016982+00:00"}
{"timestamp": "2026-08-29T07:22:12.0965440Z", "log_name": "Security", "event_id": 5379, "event_name": "Other Event", "provider": "Microsoft-Windows-Security-Auditing", "provider_guid": "{54849625-5478-4994-a5ba-3e3b0328c30d}", "level": "0", "task": "13824", "opcode": "0", "computer": "LAPTOP-1AMOMQ06", "record_id": 590053, "username": "Sreeram CK", "domain": "LAPTOP-1AMOMQ06", "logon_type": null, "authentication_package": null, "logon_process": null, "source_ip": null, "source_port": null, "workstation": null, "process_id": null, "process_name": null, "parent_process": null, "command_line": null, "event_data": {"SubjectUserSid": "S-1-5-21-2968253474-1415708722-1289182978-1001", "SubjectUserName": "Sreeram CK", "SubjectDomainName": "LAPTOP-1AMOMQ06", "SubjectLogonId": "0x9383bc6", "TargetName": "MicrosoftAccount:user=sreeramck6@gmail.com", "Type": "0", "CountOfCredentialsReturned": "1", "ReadOperation": "%%8100", "ReturnCode": "0", "ProcessCreationTime": "2026-08-29T07:21:50.6587335Z", "ClientProcessId": "19560"}, "collected_at": "2026-08-29T07:22:14.017001+00:00"}
{"timestamp": "2026-08-29T07:22:12.0964274Z", "log_name": "Security", "event_id": 5379, "event_name": "Other Event", "provider": "Microsoft-Windows-Security-Auditing", "provider_guid": "{54849625-5478-4994-a5ba-3e3b0328c30d}", "level": "0", "task": "13824", "opcode": "0", "computer": "LAPTOP-1AMOMQ06", "record_id": 590052, "username": "Sreeram CK", "domain": "LAPTOP-1AMOMQ06", "logon_type": null, "authentication_package": null, "logon_process": null, "source_ip": null, "source_port": null, "workstation": null, "process_id": null, "process_name": null, "parent_process": null, "command_line": null, "event_data": {"SubjectUserSid": "S-1-5-21-2968253474-1415708722-1289182978-1001", "SubjectUserName": "Sreeram CK", "SubjectDomainName": "LAPTOP-1AMOMQ06", "SubjectLogonId": "0x9383bc6", "TargetName": "MicrosoftAccount:user=sreeramck6@gmail.com", "Type": "0", "CountOfCredentialsReturned": "1", "ReadOperation": "%%8100", "ReturnCode": "0", "ProcessCreationTime": "2026-08-29T07:21:50.6587335Z", "ClientProcessId": "19560"}, "collected_at": "2026-08-29T07:22:14.017019+00:00"}
{"timestamp": "2026-08-29T07:22:12.0963224Z", "log_name": "Security", "event_id": 5379, "event_name": "Other Event", "provider": "Microsoft-Windows-Security-Auditing", "provider_guid": "{54849625-5478-4994-a5ba-3e3b0328c30d}", "level": "0", "task": "13824", "opcode": "0", "computer": "LAPTOP-1AMOMQ06", "record_id": 590051, "username": "Sreeram CK", "domain": "LAPTOP-1AMOMQ06", "logon_type": null, "authentication_package": null, "logon_process": null, "source_ip": null, "source_port": null, "workstation": null, "process_id": null, "process_name": null, "parent_process": null, "command_line": null, "event_data": {"SubjectUserSid": "S-1-5-21-2968253474-1415708722-1289182978-1001", "SubjectUserName": "Sreeram CK", "SubjectDomainName": "LAPTOP-1AMOMQ06", "SubjectLogonId": "0x9383bc6", "TargetName": "MicrosoftAccount:user=sreeramck6@gmail.com", "Type": "0", "CountOfCredentialsReturned": "1", "ReadOperation": "%%8100", "ReturnCode": "0", "ProcessCreationTime": "2026-08-29T07:21:50.6587335Z", "ClientProcessId": "19560"}, "collected_at": "2026-08-29T07:22:14.017042+00:00"}
{"timestamp": "2026-08-29T07:22:12.0961895Z", "log_name": "Security", "event_id": 5379, "event_name": "Other Event", "provider": "Microsoft-Windows-Security-Auditing", "provider_guid": "{54849625-5478-4994-a5ba-3e3b0328c30d}", "level": "0", "task": "13824", "opcode": "0", "computer": "LAPTOP-1AMOMQ06", "record_id": 590050, "username": "Sreeram CK", "domain": "LAPTOP-1AMOMQ06", "logon_type": null, "authentication_package": null, "logon_process": null, "source_ip": null, "source_port": null, "workstation": null, "process_id": null, "process_name": null, "parent_process": null, "command_line": null, "event_data": {"SubjectUserSid": "S-1-5-21-2968253474-1415708722-1289182978-1001", "SubjectUserName": "Sreeram CK", "SubjectDomainName": "LAPTOP-1AMOMQ06", "SubjectLogonId": "0x9383bc6", "TargetName": "MicrosoftAccount:user=sreeramck6@gmail.com", "Type": "0", "CountOfCredentialsReturned": "1", "ReadOperation": "%%8100", "ReturnCode": "0", "ProcessCreationTime": "2026-08-29T07:21:50.6587335Z", "ClientProcessId": "19560"}, "collected_at": "2026-08-29T07:22:14.017061+00:00"}
{"timestamp": "2026-08-29T07:22:12.0959994Z", "log_name": "Security", "event_id": 5379, "event_name": "Other Event", "provider": "Microsoft-Windows-Security-Auditing", "provider_guid": "{54849625-5478-4994-a5ba-3e3b0328c30d}", "level": "0", "task": "13824", "opcode": "0", "computer": "LAPTOP-1AMOMQ06", "record_id": 590049, "username": "Sreeram CK", "domain": "LAPTOP-1AMOMQ06", "logon_type": null, "authentication_package": null, "logon_process": null, "source_ip": null, "source_port": null, "workstation": null, "process_id": null, "process_name": null, "parent_process": null, "command_line": null, "event_data": {"SubjectUserSid": "S-1-5-21-2968253474-1415708722-1289182978-1001", "SubjectUserName": "Sreeram CK", "SubjectDomainName": "LAPTOP-1AMOMQ06", "SubjectLogonId": "0x9383bc6", "TargetName": "MicrosoftAccount:user=sreeramck6@gmail.com", "Type": "0", "CountOfCredentialsReturned": "1", "ReadOperation": "%%8100", "ReturnCode": "0", "ProcessCreationTime": "2026-08-29T07:21:50.6587335Z", "ClientProcessId": "19560"}, "collected_at": "2026-08-29T07:22:14.017079+00:00"}
{"timestamp": "2026-08-29T07:22:12.0956441Z", "log_name": "Security", "event_id": 5379, "event_name": "Other Event", "provider": "Microsoft-Windows-Security-Auditing", "provider_guid": "{54849625-5478-4994-a5ba-3e3b0328c30d}", "level": "0", "task": "13824", "opcode": "0", "computer": "LAPTOP-1AMOMQ06", "record_id": 590048, "username": "Sreeram CK", "domain": "LAPTOP-1AMOMQ06", "logon_type": null, "authentication_package": null, "logon_process": null, "source_ip": null, "source_port": null, "workstation": null, "process_id": null, "process_name": null, "parent_process": null, "command_line": null, "event_data": {"SubjectUserSid": "S-1-5-21-2968253474-1415708722-1289182978-1001", "SubjectUserName": "Sreeram CK", "SubjectDomainName": "LAPTOP-1AMOMQ06", "SubjectLogonId": "0x9383bc6", "TargetName": "MicrosoftAccount:user=sreeramck6@gmail.com", "Type": "0", "CountOfCredentialsReturned": "1", "ReadOperation": "%%8100", "ReturnCode": "0", "ProcessCreationTime": "2026-08-29T07:21:50.6587335Z", "ClientProcessId": "19560"}, "collected_at": "2026-08-29T07:22:14.017098+00:00"}
{"timestamp": "2026-08-29T07:22:12.0953683Z", "log_name": "Security", "event_id": 5379, "event_name": "Other Event", "provider": "Microsoft-Windows-Security-Auditing", "provider_guid": "{54849625-5478-4994-a5ba-3e3b0328c30d}", "level": "0", "task": "13824", "opcode": "0", "computer": "LAPTOP-1AMOMQ06", "record_id": 590047, "username": "Sreeram CK", "domain": "LAPTOP-1AMOMQ06", "logon_type": null, "authentication_package": null, "logon_process": null, "source_ip": null, "source_port": null, "workstation": null, "process_id": null, "process_name": null, "parent_process": null, "command_line": null, "event_data": {"SubjectUserSid": "S-1-5-21-2968253474-1415708722-1289182978-1001", "SubjectUserName": "Sreeram CK", "SubjectDomainName": "LAPTOP-1AMOMQ06", "SubjectLogonId": "0x9383bc6", "TargetName": "MicrosoftAccount:user=sreeramck6@gmail.com", "Type": "0", "CountOfCredentialsReturned": "1", "ReadOperation": "%%8100", "ReturnCode": "0", "ProcessCreationTime": "2026-08-29T07:21:50.6587335Z", "ClientProcessId": "19560"}, "collected_at": "2026-08-29T07:22:14.017118+00:00"}
{"timestamp": "2026-08-29T07:22:12.0873805Z", "log_name": "Security", "event_id": 5379, "event_name": "Other Event", "provider": "Microsoft-Windows-Security-Auditing", "provider_guid": "{54849625-5478-4994-a5ba-3e3b0328c30d}", "level": "0", "task": "13824", "opcode": "0", "computer": "LAPTOP-1AMOMQ06", "record_id": 590046, "username": "Sreeram CK", "domain": "LAPTOP-1AMOMQ06", "logon_type": null, "authentication_package": null, "logon_process": null, "source_ip": null, "source_port": null, "workstation": null, "process_id": null, "process_name": null, "parent_process": null, "command_line": null, "event_data": {"SubjectUserSid": "S-1-5-21-2968253474-1415708722-1289182978-1001", "SubjectUserName": "Sreeram CK", "SubjectDomainName": "LAPTOP-1AMOMQ06", "SubjectLogonId": "0x9383bc6", "TargetName": "MicrosoftAccount:user=sreeramck6@gmail.com", "Type": "1", "CountOfCredentialsReturned": "1", "ReadOperation": "%%8099", "ReturnCode": "0", "ProcessCreationTime": "2026-08-29T07:21:50.6587335Z", "ClientProcessId": "19560"}, "collected_at": "2026-08-29T07:22:14.017137+00:00"}
