{"timestamp": "2026-09-03T06:36:14.9255619Z", "log_name": "Security", "event_id": 4798, "event_name": "Other Event", "provider": "Microsoft-Windows-Security-Auditing", "provider_guid": "{54849625-5478-4994-a5ba-3e3b0328c30d}", "level": "0", "task": "13824", "opcode": "0", "computer": "LAPTOP-1AMOMQ06", "record_id": 606946, "username": "DefaultAccount", "domain": "LAPTOP-1AMOMQ06", "logon_type": null, "authentication_package": null, "logon_process": null, "source_ip": null, "source_port": null, "workstation": null, "process_id": null, "process_name": null, "parent_process": null, "command_line": null, "event_data": {"TargetUserName": "DefaultAccount", "TargetDomainName": "LAPTOP-1AMOMQ06", "TargetSid": "S-1-5-21-2968253474-1415708722-1289182978-503", "SubjectUserSid": "S-1-5-18", "SubjectUserName": "LAPTOP-1AMOMQ06$", "SubjectDomainName": "WORKGROUP", "SubjectLogonId": "0x3e7", "CallerProcessId": "0xdc0", "CallerProcessName": "C:\\Windows\\System32\\svchost.exe"}, "collected_at": "2026-09-03T06:36:20.301775+00:00"}
{"timestamp": "2026-09-03T06:36:14.9243649Z", "log_name": "Security", "event_id": 4798, "event_name": "Other Event", "provider": "Microsoft-Windows-Security-Auditing", "provider_guid": "{54849625-5478-4994-a5ba-3e3b0328c30d}", "level": "0", "task": "13824", "opcode": "0", "computer": "LAPTOP-1AMOMQ06", "record_id": 606945, "username": "Administrator", "domain": "LAPTOP-1AMOMQ06", "logon_type": null, "authentication_package": null, "logon_process": null, "source_ip": null, "source_port": null, "workstation": null, "process_id": null, "process_name": null, "parent_process": null, "command_line": null, "event_data": {"TargetUserName": "Administrator", "TargetDomainName": "LAPTOP-1AMOMQ06", "TargetSid": "S-1-5-21-2968253474-1415708722-1289182978-500", "SubjectUserSid": "S-1-5-18", "SubjectUserName": "LAPTOP-1AMOMQ06$", "SubjectDomainName": "WORKGROUP", "SubjectLogonId": "0x3e7", "CallerProcessId": "0xdc0", "CallerProcessName": "C:\\Windows\\System32\\svchost.exe"}, "collected_at": "2026-09-03T06:36:20.301823+00:00"}
{"timestamp": "2026-09-03T06:36:14.9158490Z", "log_name": "Security", "event_id": 4798, "event_name": "Other Event", "provider": "Microsoft-Windows-Security-Auditing", "provider_guid": "{54849625-5478-4994-a5ba-3e3b0328c30d}", "level": "0", "task": "13824", "opcode": "0", "computer": "LAPTOP-1AMOMQ06", "record_id": 606944, "username": "Sreeram CK", "domain": "LAPTOP-1AMOMQ06", "logon_type": null, "authentication_package": null, "logon_process": null, "source_ip": null, "source_port": null, "workstation": null, "process_id": null, "process_name": null, "parent_process": null, "command_line": null, "event_data": {"TargetUserName": "Sreeram CK", "TargetDomainName": "LAPTOP-1AMOMQ06", "TargetSid": "S-1-5-21-2968253474-1415708722-1289182978-1001", "SubjectUserSid": "S-1-5-18", "SubjectUserName": "LAPTOP-1AMOMQ06$", "SubjectDomainName": "WORKGROUP", "SubjectLogonId": "0x3e7", "CallerProcessId": "0xdc0", "CallerProcessName": "C:\\Windows\\System32\\svchost.exe"}, "collected_at": "2026-09-03T06:36:20.301871+00:00"}
{"timestamp": "2026-09-03T06:36:14.9150317Z", "log_name": "Security", "event_id": 4798, "event_name": "Other Event", "provider": "Microsoft-Windows-Security-Auditing", "provider_guid": "{54849625-5478-4994-a5ba-3e3b0328c30d}", "level": "0", "task": "13824", "opcode": "0", "computer": "LAPTOP-1AMOMQ06", "record_id": 606943, "username": "Guest", "domain": "LAPTOP-1AMOMQ06", "logon_type": null, "authentication_package": null, "logon_process": null, "source_ip": null, "source_port": null, "workstation": null, "process_id": null, "process_name": null, "parent_process": null, "command_line": null, "event_data": {"TargetUserName": "Guest", "TargetDomainName": "LAPTOP-1AMOMQ06", "TargetSid": "S-1-5-21-2968253474-1415708722-1289182978-501", "SubjectUserSid": "S-1-5-18", "SubjectUserName": "LAPTOP-1AMOMQ06$", "SubjectDomainName": "WORKGROUP", "SubjectLogonId": "0x3e7", "CallerProcessId": "0xdc0", "CallerProcessName": "C:\\Windows\\System32\\svchost.exe"}, "collected_at": "2026-09-03T06:36:20.301918+00:00"}
{"timestamp": "2026-09-03T06:36:14.9142439Z", "log_name": "Security", "event_id": 4798, "event_name": "Other Event", "provider": "Microsoft-Windows-Security-Auditing", "provider_guid": "{54849625-5478-4994-a5ba-3e3b0328c30d}", "level": "0", "task": "13824", "opcode": "0", "computer": "LAPTOP-1AMOMQ06", "record_id": 606942, "username": "DefaultAccount", "domain": "LAPTOP-1AMOMQ06", "logon_type": null, "authentication_package": null, "logon_process": null, "source_ip": null, "source_port": null, "workstation": null, "process_id": null, "process_name": null, "parent_process": null, "command_line": null, "event_data": {"TargetUserName": "DefaultAccount", "TargetDomainName": "LAPTOP-1AMOMQ06", "TargetSid": "S-1-5-21-2968253474-1415708722-1289182978-503", "SubjectUserSid": "S-1-5-18", "SubjectUserName": "LAPTOP-1AMOMQ06$", "SubjectDomainName": "WORKGROUP", "SubjectLogonId": "0x3e7", "CallerProcessId": "0xdc0", "CallerProcessName": "C:\\Windows\\System32\\svchost.exe"}, "collected_at": "2026-09-03T06:36:20.302039+00:00"}
{"timestamp": "2026-09-03T06:36:14.9129800Z", "log_name": "Security", "event_id": 4798, "event_name": "Other Event", "provider": "Microsoft-Windows-Security-Auditing", "provider_guid": "{54849625-5478-4994-a5ba-3e3b0328c30d}", "level": "0", "task": "13824", "opcode": "0", "computer": "LAPTOP-1AMOMQ06", "record_id": 606941, "username": "Administrator", "domain": "LAPTOP-1AMOMQ06", "logon_type": null, "authentication_package": null, "logon_process": null, "source_ip": null, "source_port": null, "workstation": null, "process_id": null, "process_name": null, "parent_process": null, "command_line": null, "event_data": {"TargetUserName": "Administrator", "TargetDomainName": "LAPTOP-1AMOMQ06", "TargetSid": "S-1-5-21-2968253474-1415708722-1289182978-500", "SubjectUserSid": "S-1-5-18", "SubjectUserName": "LAPTOP-1AMOMQ06$", "SubjectDomainName": "WORKGROUP", "SubjectLogonId": "0x3e7", "CallerProcessId": "0xdc0", "CallerProcessName": "C:\\Windows\\System32\\svchost.exe"}, "collected_at": "2026-09-03T06:36:20.302092+00:00"}
{"timestamp": "2026-09-03T06:36:14.6455237Z", "log_name": "Security", "event_id": 4672, "event_name": "Special Privileges Assigned", "provider": "Microsoft-Windows-Security-Auditing", "provider_guid": "{54849625-5478-4994-a5ba-3e3b0328c30d}", "level": "0", "task": "12548", "opcode": "0", "computer": "LAPTOP-1AMOMQ06", "record_id": 606940, "username": "SYSTEM", "domain": "NT AUTHORITY", "logon_type": null, "authentication_package": null, "logon_process": null, "source_ip": null, "source_port": null, "workstation": null, "process_id": null, "process_name": null, "parent_process": null, "command_line": null, "event_data": {"SubjectUserSid": "S-1-5-18", "SubjectUserName": "SYSTEM", "SubjectDomainName": "NT AUTHORITY", "SubjectLogonId": "0x3e7", "PrivilegeList": "SeAssignPrimaryTokenPrivilege\n\t\t\tSeTcbPrivilege\n\t\t\tSeSecurityPrivilege\n\t\t\tSeTakeOwnershipPrivilege\n\t\t\tSeLoadDriverPrivilege\n\t\t\tSeBackupPrivilege\n\t\t\tSeRestorePrivilege\n\t\t\tSeDebugPrivilege\n\t\t\tSeAuditPrivilege\n\t\t\tSeSystemEnvironmentPrivilege\n\t\t\tSeImpersonatePrivilege\n\t\t\tSeDelegateSessionUserImpersonatePrivilege"}, "collected_at": "2026-09-03T06:36:20.302141+00:00"}
{"timestamp": "2026-09-03T06:36:14.6455102Z", "log_name": "Security", "event_id": 4624, "event_name": "Successful Logon", "provider": "Microsoft-Windows-Security-Auditing", "provider_guid": "{54849625-5478-4994-a5ba-3e3b0328c30d}", "level": "0", "task": "12544", "opcode": "0", "computer": "LAPTOP-1AMOMQ06", "record_id": 606939, "username": "SYSTEM", "domain": "NT AUTHORITY", "logon_type": 5, "authentication_package": "Negotiate", "logon_process": "Advapi  ", "source_ip": null, "source_port": null, "workstation": null, "process_id": "0x49c", "process_name": "C:\\Windows\\System32\\services.exe", "parent_process": null, "command_line": null, "event_data": {"SubjectUserSid": "S-1-5-18", "SubjectUserName": "LAPTOP-1AMOMQ06$", "SubjectDomainName": "WORKGROUP", "SubjectLogonId": "0x3e7", "TargetUserSid": "S-1-5-18", "TargetUserName": "SYSTEM", "TargetDomainName": "NT AUTHORITY", "TargetLogonId": "0x3e7", "LogonType": "5", "LogonProcessName": "Advapi  ", "AuthenticationPackageName": "Negotiate", "WorkstationName": "-", "LogonGuid": "{00000000-0000-0000-0000-000000000000}", "TransmittedServices": "-", "LmPackageName": "-", "KeyLength": "0", "ProcessId": "0x49c", "ProcessName": "C:\\Windows\\System32\\services.exe", "IpAddress": "-", "IpPort": "-", "ImpersonationLevel": "%%1833", "RestrictedAdminMode": "-", "RemoteCredentialGuard": "-", "TargetOutboundUserName": "-", "TargetOutboundDomainName": "-", "VirtualAccount": "%%1843", "TargetLinkedLogonId": "0x0", "ElevatedToken": "%%1842"}, "collected_at": "2026-09-03T06:36:20.302203+00:00"}
{"timestamp": "2026-09-03T06:36:19.6895070Z", "log_name": "System", "event_id": 17, "event_name": "Other Event", "provider": "TPM", "provider_guid": "{1b6b0772-251b-4d42-917d-faca166bc059}", "level": "4", "task": "0", "opcode": "0", "computer": "LAPTOP-1AMOMQ06", "record_id": 20147, "username": null, "domain": null, "logon_type": null, "authentication_package": null, "logon_process": null, "source_ip": null, "source_port": null, "workstation": null, "process_id": null, "process_name": null, "parent_process": null, "command_line": null, "event_data": {"driverFile": "0x1e", "lineNumber": "923", "TpmCommandOrdinal": "350", "TpmResponseCode": "2446"}, "collected_at": "2026-09-03T06:36:20.346910+00:00"}
{"timestamp": "2026-09-03T06:36:17.5267741Z", "log_name": "System", "event_id": 17, "event_name": "Other Event", "provider": "TPM", "provider_guid": "{1b6b0772-251b-4d42-917d-faca166bc059}", "level": "4", "task": "0", "opcode": "0", "computer": "LAPTOP-1AMOMQ06", "record_id": 20146, "username": null, "domain": null, "logon_type": null, "authentication_package": null, "logon_process": null, "source_ip": null, "source_port": null, "workstation": null, "process_id": null, "process_name": null, "parent_process": null, "command_line": null, "event_data": {"driverFile": "0x1e", "lineNumber": "923", "TpmCommandOrdinal": "350", "TpmResponseCode": "2446"}, "collected_at": "2026-09-03T06:36:20.346983+00:00"}
{"timestamp": "2026-09-03T06:36:22.3058542Z", "log_name": "Security", "event_id": 4634, "event_name": "Logoff", "provider": "Microsoft-Windows-Security-Auditing", "provider_guid": "{54849625-5478-4994-a5ba-3e3b0328c30d}", "level": "0", "task": "12545", "opcode": "0", "computer": "LAPTOP-1AMOMQ06", "record_id": 606958, "username": "Sreeram CK", "domain": "LAPTOP-1AMOMQ06", "logon_type": 2, "authentication_package": null, "logon_process": null, "source_ip": null, "source_port": null, "workstation": null, "process_id": null, "process_name": null, "parent_process": null, "command_line": null, "event_data": {"TargetUserSid": "S-1-5-21-2968253474-1415708722-1289182978-1001", "TargetUserName": "Sreeram CK", "TargetDomainName": "LAPTOP-1AMOMQ06", "TargetLogonId": "0xecd9457", "LogonType": "2"}, "collected_at": "2026-09-03T06:36:25.401586+00:00"}
{"timestamp": "2026-09-03T06:36:22.3056481Z", "log_name": "Security", "event_id": 4634, "event_name": "Logoff", "provider": "Microsoft-Windows-Security-Auditing", "provider_guid": "{54849625-5478-4994-a5ba-3e3b0328c30d}", "level": "0", "task": "12545", "opcode": "0", "computer": "LAPTOP-1AMOMQ06", "record_id": 606957, "username": "Sreeram CK", "domain": "LAPTOP-1AMOMQ06", "logon_type": 2, "authentication_package": null, "logon_process": null, "source_ip": null, "source_port": null, "workstation": null, "process_id": null, "process_name": null, "parent_process": null, "command_line": null, "event_data": {"TargetUserSid": "S-1-5-21-2968253474-1415708722-1289182978-1001", "TargetUserName": "Sreeram CK", "TargetDomainName": "LAPTOP-1AMOMQ06", "TargetLogonId": "0xecd948f", "LogonType": "2"}, "collected_at": "2026-09-03T06:36:25.401634+00:00"}
{"timestamp": "2026-09-03T06:36:22.3041036Z", "log_name": "Security", "event_id": 4672, "event_name": "Special Privileges Assigned", "provider": "Microsoft-Windows-Security-Auditing", "provider_guid": "{54849625-5478-4994-a5ba-3e3b0328c30d}", "level": "0", "task": "12548", "opcode": "0", "computer": "LAPTOP-1AMOMQ06", "record_id": 606956, "username": "Sreeram CK", "domain": "LAPTOP-1AMOMQ06", "logon_type": null, "authentication_package": null, "logon_process": null, "source_ip": null, "source_port": null, "workstation": null, "process_id": null, "process_name": null, "parent_process": null, "command_line": null, "event_data": {"SubjectUserSid": "S-1-5-21-2968253474-1415708722-1289182978-1001", "SubjectUserName": "Sreeram CK", "SubjectDomainName": "LAPTOP-1AMOMQ06", "SubjectLogonId": "0xecd9457", "PrivilegeList": "SeSecurityPrivilege\n\t\t\tSeTakeOwnershipPrivilege\n\t\t\tSeLoadDriverPrivilege\n\t\t\tSeBackupPrivilege\n\t\t\tSeRestorePrivilege\n\t\t\tSeDebugPrivilege\n\t\t\tSeSystemEnvironmentPrivilege\n\t\t\tSeImpersonatePrivilege\n\t\t\tSeDelegateSessionUserImpersonatePrivilege"}, "collected_at": "2026-09-03T06:36:25.401669+00:00"}
{"timestamp": "2026-09-03T06:36:22.3040905Z", "log_name": "Security", "event_id": 4624, "event_name": "Successful Logon", "provider": "Microsoft-Windows-Security-Auditing", "provider_guid": "{54849625-5478-4994-a5ba-3e3b0328c30d}", "level": "0", "task": "12544", "opcode": "0", "computer": "LAPTOP-1AMOMQ06", "record_id": 606955, "username": "Sreeram CK", "domain": "LAPTOP-1AMOMQ06", "logon_type": 2, "authentication_package": "Negotiate", "logon_process": "User32 ", "source_ip": "127.0.0.1", "source_port": 0, "workstation": "LAPTOP-1AMOMQ06", "process_id": "0x9d4", "process_name": "C:\\Windows\\System32\\svchost.exe", "parent_process": null, "command_line": null, "event_data": {"SubjectUserSid": "S-1-5-18", "SubjectUserName": "LAPTOP-1AMOMQ06$", "SubjectDomainName": "WORKGROUP", "SubjectLogonId": "0x3e7", "TargetUserSid": "S-1-5-21-2968253474-1415708722-1289182978-1001", "TargetUserName": "Sreeram CK", "TargetDomainName": "LAPTOP-1AMOMQ06", "TargetLogonId": "0xecd948f", "LogonType": "2", "LogonProcessName": "User32 ", "AuthenticationPackageName": "Negotiate", "WorkstationName": "LAPTOP-1AMOMQ06", "LogonGuid": "{00000000-0000-0000-0000-000000000000}", "TransmittedServices": "-", "LmPackageName": "-", "KeyLength": "0", "ProcessId": "0x9d4", "ProcessName": "C:\\Windows\\System32\\svchost.exe", "IpAddress": "127.0.0.1", "IpPort": "0", "ImpersonationLevel": "%%1833", "RestrictedAdminMode": "-", "RemoteCredentialGuard": "-", "TargetOutboundUserName": "-", "TargetOutboundDomainName": "-", "VirtualAccount": "%%1843", "TargetLinkedLogonId": "0xecd9457", "ElevatedToken": "%%1843"}, "collected_at": "2026-09-03T06:36:25.401708+00:00"}
{"timestamp": "2026-09-03T06:36:22.3040606Z", "log_name": "Security", "event_id": 4624, "event_name": "Successful Logon", "provider": "Microsoft-Windows-Security-Auditing", "provider_guid": "{54849625-5478-4994-a5ba-3e3b0328c30d}", "level": "0", "task": "12544", "opcode": "0", "computer": "LAPTOP-1AMOMQ06", "record_id": 606954, "username": "Sreeram CK", "domain": "LAPTOP-1AMOMQ06", "logon_type": 2, "authentication_package": "Negotiate", "logon_process": "User32 ", "source_ip": "127.0.0.1", "source_port": 0, "workstation": "LAPTOP-1AMOMQ06", "process_id": "0x9d4", "process_name": "C:\\Windows\\System32\\svchost.exe", "parent_process": null, "command_line": null, "event_data": {"SubjectUserSid": "S-1-5-18", "SubjectUserName": "LAPTOP-1AMOMQ06$", "SubjectDomainName": "WORKGROUP", "SubjectLogonId": "0x3e7", "TargetUserSid": "S-1-5-21-2968253474-1415708722-1289182978-1001", "TargetUserName": "Sreeram CK", "TargetDomainName": "LAPTOP-1AMOMQ06", "TargetLogonId": "0xecd9457", "LogonType": "2", "LogonProcessName": "User32 ", "AuthenticationPackageName": "Negotiate", "WorkstationName": "LAPTOP-1AMOMQ06", "LogonGuid": "{00000000-0000-0000-0000-000000000000}", "TransmittedServices": "-", "LmPackageName": "-", "KeyLength": "0", "ProcessId": "0x9d4", "ProcessName": "C:\\Windows\\System32\\svchost.exe", "IpAddress": "127.0.0.1", "IpPort": "0", "ImpersonationLevel": "%%1833", "RestrictedAdminMode": "-", "RemoteCredentialGuard": "-", "TargetOutboundUserName": "-", "TargetOutboundDomainName": "-", "VirtualAccount": "%%1843", "TargetLinkedLogonId": "0xecd948f", "ElevatedToken": "%%1842"}, "collected_at": "2026-09-03T06:36:25.401746+00:00"}
{"timestamp": "2026-09-03T06:36:22.3040262Z", "log_name": "Security", "event_id": 4648, "event_name": "Other Event", "provider": "Microsoft-Windows-Security-Auditing", "provider_guid": "{54849625-5478-4994-a5ba-3e3b0328c30d}", "level": "0", "task": "12544", "opcode": "0", "computer": "LAPTOP-1AMOMQ06", "record_id": 606953, "username": "Sreeram CK", "domain": "LAPTOP-1AMOMQ06", "logon_type": null, "authentication_package": null, "logon_process": null, "source_ip": "127.0.0.1", "source_port": 0, "workstation": null, "process_id": "0x9d4", "process_name": "C:\\Windows\\System32\\svchost.exe", "parent_process": null, "command_line": null, "event_data": {"SubjectUserSid": "S-1-5-18", "SubjectUserName": "LAPTOP-1AMOMQ06$", "SubjectDomainName": "WORKGROUP", "SubjectLogonId": "0x3e7", "LogonGuid": "{00000000-0000-0000-0000-000000000000}", "TargetUserName": "Sreeram CK", "TargetDomainName": "LAPTOP-1AMOMQ06", "TargetLogonGuid": "{00000000-0000-0000-0000-000000000000}", "TargetServerName": "localhost", "TargetInfo": "localhost", "ProcessId": "0x9d4", "ProcessName": "C:\\Windows\\System32\\svchost.exe", "IpAddress": "127.0.0.1", "IpPort": "0"}, "collected_at": "2026-09-03T06:36:25.401784+00:00"}
{"timestamp": "2026-09-03T06:36:22.2783163Z", "log_name": "Security", "event_id": 4798, "event_name": "Other Event", "provider": "Microsoft-Windows-Security-Auditing", "provider_guid": "{54849625-5478-4994-a5ba-3e3b0328c30d}", "level": "0", "task": "13824", "opcode": "0", "computer": "LAPTOP-1AMOMQ06", "record_id": 606952, "username": "Sreeram CK", "domain": "LAPTOP-1AMOMQ06", "logon_type": null, "authentication_package": null, "logon_process": null, "source_ip": null, "source_port": null, "workstation": null, "process_id": null, "process_name": null, "parent_process": null, "command_line": null, "event_data": {"TargetUserName": "Sreeram CK", "TargetDomainName": "LAPTOP-1AMOMQ06", "TargetSid": "S-1-5-21-2968253474-1415708722-1289182978-1001", "SubjectUserSid": "S-1-5-18", "SubjectUserName": "LAPTOP-1AMOMQ06$", "SubjectDomainName": "WORKGROUP", "SubjectLogonId": "0x3e7", "CallerProcessId": "0x4d0", "CallerProcessName": "C:\\Windows\\System32\\lsass.exe"}, "collected_at": "2026-09-03T06:36:25.401826+00:00"}
{"timestamp": "2026-09-03T06:36:19.7312023Z", "log_name": "Security", "event_id": 4625, "event_name": "Failed Logon", "provider": "Microsoft-Windows-Security-Auditing", "provider_guid": "{54849625-5478-4994-a5ba-3e3b0328c30d}", "level": "0", "task": "12544", "opcode": "0", "computer": "LAPTOP-1AMOMQ06", "record_id": 606951, "username": "Sreeram CK", "domain": "LAPTOP-1AMOMQ06", "logon_type": 2, "authentication_package": "Negotiate", "logon_process": "User32 ", "source_ip": "127.0.0.1", "source_port": 0, "workstation": "LAPTOP-1AMOMQ06", "process_id": "0x9d4", "process_name": "C:\\Windows\\System32\\svchost.exe", "parent_process": null, "command_line": null, "event_data": {"SubjectUserSid": "S-1-5-18", "SubjectUserName": "LAPTOP-1AMOMQ06$", "SubjectDomainName": "WORKGROUP", "SubjectLogonId": "0x3e7", "TargetUserSid": "S-1-0-0", "TargetUserName": "Sreeram CK", "TargetDomainName": "LAPTOP-1AMOMQ06", "Status": "0xc000006d", "FailureReason": "%%2313", "SubStatus": "0xc000006a", "LogonType": "2", "LogonProcessName": "User32 ", "AuthenticationPackageName": "Negotiate", "WorkstationName": "LAPTOP-1AMOMQ06", "TransmittedServices": "-", "LmPackageName": "-", "KeyLength": "0", "ProcessId": "0x9d4", "ProcessName": "C:\\Windows\\System32\\svchost.exe", "IpAddress": "127.0.0.1", "IpPort": "0"}, "collected_at": "2026-09-03T06:36:25.401861+00:00"}
{"timestamp": "2026-09-03T07:00:20.0922716Z", "log_name": "Security", "event_id": 5379, "event_name": "Other Event", "provider": "Microsoft-Windows-Security-Auditing", "provider_guid": "{54849625-5478-4994-a5ba-3e3b0328c30d}", "level": "0", "task": "13824", "opcode": "0", "computer": "LAPTOP-1AMOMQ06", "record_id": 607939, "username": "Sreeram CK", "domain": "LAPTOP-1AMOMQ06", "logon_type": null, "authentication_package": null, "logon_process": null, "source_ip": null, "source_port": null, "workstation": null, "process_id": null, "process_name": null, "parent_process": null, "command_line": null, "event_data": {"SubjectUserSid": "S-1-5-21-2968253474-1415708722-1289182978-1001", "SubjectUserName": "Sreeram CK", "SubjectDomainName": "LAPTOP-1AMOMQ06", "SubjectLogonId": "0xe9f5ca7", "TargetName": "MicrosoftAccount:user=sreeramck6@gmail.com", "Type": "0", "CountOfCredentialsReturned": "1", "ReadOperation": "%%8100", "ReturnCode": "0", "ProcessCreationTime": "2026-09-02T16:14:10.4522375Z", "ClientProcessId": "6228"}, "collected_at": "2026-09-03T07:00:21.370864+00:00"}
{"timestamp": "2026-09-03T07:00:20.0921535Z", "log_name": "Security", "event_id": 5379, "event_name": "Other Event", "provider": "Microsoft-Windows-Security-Auditing", "provider_guid": "{54849625-5478-4994-a5ba-3e3b0328c30d}", "level": "0", "task": "13824", "opcode": "0", "computer": "LAPTOP-1AMOMQ06", "record_id": 607938, "username": "Sreeram CK", "domain": "LAPTOP-1AMOMQ06", "logon_type": null, "authentication_package": null, "logon_process": null, "source_ip": null, "source_port": null, "workstation": null, "process_id": null, "process_name": null, "parent_process": null, "command_line": null, "event_data": {"SubjectUserSid": "S-1-5-21-2968253474-1415708722-1289182978-1001", "SubjectUserName": "Sreeram CK", "SubjectDomainName": "LAPTOP-1AMOMQ06", "SubjectLogonId": "0xe9f5ca7", "TargetName": "MicrosoftAccount:user=sreeramck6@gmail.com", "Type": "0", "CountOfCredentialsReturned": "1", "ReadOperation": "%%8100", "ReturnCode": "0", "ProcessCreationTime": "2026-09-02T16:14:10.4522375Z", "ClientProcessId": "6228"}, "collected_at": "2026-09-03T07:00:21.370911+00:00"}
{"timestamp": "2026-09-03T07:00:20.0919704Z", "log_name": "Security", "event_id": 5379, "event_name": "Other Event", "provider": "Microsoft-Windows-Security-Auditing", "provider_guid": "{54849625-5478-4994-a5ba-3e3b0328c30d}", "level": "0", "task": "13824", "opcode": "0", "computer": "LAPTOP-1AMOMQ06", "record_id": 607937, "username": "Sreeram CK", "domain": "LAPTOP-1AMOMQ06", "logon_type": null, "authentication_package": null, "logon_process": null, "source_ip": null, "source_port": null, "workstation": null, "process_id": null, "process_name": null, "parent_process": null, "command_line": null, "event_data": {"SubjectUserSid": "S-1-5-21-2968253474-1415708722-1289182978-1001", "SubjectUserName": "Sreeram CK", "SubjectDomainName": "LAPTOP-1AMOMQ06", "SubjectLogonId": "0xe9f5ca7", "TargetName": "MicrosoftAccount:user=sreeramck6@gmail.com", "Type": "0", "CountOfCredentialsReturned": "1", "ReadOperation": "%%8100", "ReturnCode": "0", "ProcessCreationTime": "2026-09-02T16:14:10.4522375Z", "ClientProcessId": "6228"}, "collected_at": "2026-09-03T07:00:21.370942+00:00"}
{"timestamp": "2026-09-03T07:00:20.0917851Z", "log_name": "Security", "event_id": 5379, "event_name": "Other Event", "provider": "Microsoft-Windows-Security-Auditing", "provider_guid": "{54849625-5478-4994-a5ba-3e3b0328c30d}", "level": "0", "task": "13824", "opcode": "0", "computer": "LAPTOP-1AMOMQ06", "record_id": 607936, "username": "Sreeram CK", "domain": "LAPTOP-1AMOMQ06", "logon_type": null, "authentication_package": null, "logon_process": null, "source_ip": null, "source_port": null, "workstation": null, "process_id": null, "process_name": null, "parent_process": null, "command_line": null, "event_data": {"SubjectUserSid": "S-1-5-21-2968253474-1415708722-1289182978-1001", "SubjectUserName": "Sreeram CK", "SubjectDomainName": "LAPTOP-1AMOMQ06", "SubjectLogonId": "0xe9f5ca7", "TargetName": "MicrosoftAccount:user=sreeramck6@gmail.com", "Type": "0", "CountOfCredentialsReturned": "1", "ReadOperation": "%%8100", "ReturnCode": "0", "ProcessCreationTime": "2026-09-02T16:14:10.4522375Z", "ClientProcessId": "6228"}, "collected_at": "2026-09-03T07:00:21.370972+00:00"}
{"timestamp": "2026-09-03T07:00:20.0915432Z", "log_name": "Security", "event_id": 5379, "event_name": "Other Event", "provider": "Microsoft-Windows-Security-Auditing", "provider_guid": "{54849625-5478-4994-a5ba-3e3b0328c30d}", "level": "0", "task": "13824", "opcode": "0", "computer": "LAPTOP-1AMOMQ06", "record_id": 607935, "username": "Sreeram CK", "domain": "LAPTOP-1AMOMQ06", "logon_type": null, "authentication_package": null, "logon_process": null, "source_ip": null, "source_port": null, "workstation": null, "process_id": null, "process_name": null, "parent_process": null, "command_line": null, "event_data": {"SubjectUserSid": "S-1-5-21-2968253474-1415708722-1289182978-1001", "SubjectUserName": "Sreeram CK", "SubjectDomainName": "LAPTOP-1AMOMQ06", "SubjectLogonId": "0xe9f5ca7", "TargetName": "MicrosoftAccount:user=sreeramck6@gmail.com", "Type": "0", "CountOfCredentialsReturned": "1", "ReadOperation": "%%8100", "ReturnCode": "0", "ProcessCreationTime": "2026-09-02T16:14:10.4522375Z", "ClientProcessId": "6228"}, "collected_at": "2026-09-03T07:00:21.371003+00:00"}
{"timestamp": "2026-09-03T07:00:20.0914465Z", "log_name": "Security", "event_id": 5379, "event_name": "Other Event", "provider": "Microsoft-Windows-Security-Auditing", "provider_guid": "{54849625-5478-4994-a5ba-3e3b0328c30d}", "level": "0", "task": "13824", "opcode": "0", "computer": "LAPTOP-1AMOMQ06", "record_id": 607934, "username": "Sreeram CK", "domain": "LAPTOP-1AMOMQ06", "logon_type": null, "authentication_package": null, "logon_process": null, "source_ip": null, "source_port": null, "workstation": null, "process_id": null, "process_name": null, "parent_process": null, "command_line": null, "event_data": {"SubjectUserSid": "S-1-5-21-2968253474-1415708722-1289182978-1001", "SubjectUserName": "Sreeram CK", "SubjectDomainName": "LAPTOP-1AMOMQ06", "SubjectLogonId": "0xe9f5ca7", "TargetName": "MicrosoftAccount:user=sreeramck6@gmail.com", "Type": "0", "CountOfCredentialsReturned": "1", "ReadOperation": "%%8100", "ReturnCode": "0", "ProcessCreationTime": "2026-09-02T16:14:10.4522375Z", "ClientProcessId": "6228"}, "collected_at": "2026-09-03T07:00:21.371034+00:00"}
{"timestamp": "2026-09-03T07:00:20.0912638Z", "log_name": "Security", "event_id": 5379, "event_name": "Other Event", "provider": "Microsoft-Windows-Security-Auditing", "provider_guid": "{54849625-5478-4994-a5ba-3e3b0328c30d}", "level": "0", "task": "13824", "opcode": "0", "computer": "LAPTOP-1AMOMQ06", "record_id": 607933, "username": "Sreeram CK", "domain": "LAPTOP-1AMOMQ06", "logon_type": null, "authentication_package": null, "logon_process": null, "source_ip": null, "source_port": null, "workstation": null, "process_id": null, "process_name": null, "parent_process": null, "command_line": null, "event_data": {"SubjectUserSid": "S-1-5-21-2968253474-1415708722-1289182978-1001", "SubjectUserName": "Sreeram CK", "SubjectDomainName": "LAPTOP-1AMOMQ06", "SubjectLogonId": "0xe9f5ca7", "TargetName": "MicrosoftAccount:user=sreeramck6@gmail.com", "Type": "0", "CountOfCredentialsReturned": "1", "ReadOperation": "%%8100", "ReturnCode": "0", "ProcessCreationTime": "2026-09-02T16:14:10.4522375Z", "ClientProcessId": "6228"}, "collected_at": "2026-09-03T07:00:21.371065+00:00"}
{"timestamp": "2026-09-03T07:00:20.0911506Z", "log_name": "Security", "event_id": 5379, "event_name": "Other Event", "provider": "Microsoft-Windows-Security-Auditing", "provider_guid": "{54849625-5478-4994-a5ba-3e3b0328c30d}", "level": "0", "task": "13824", "opcode": "0", "computer": "LAPTOP-1AMOMQ06", "record_id": 607932, "username": "Sreeram CK", "domain": "LAPTOP-1AMOMQ06", "logon_type": null, "authentication_package": null, "logon_process": null, "source_ip": null, "source_port": null, "workstation": null, "process_id": null, "process_name": null, "parent_process": null, "command_line": null, "event_data": {"SubjectUserSid": "S-1-5-21-2968253474-1415708722-1289182978-1001", "SubjectUserName": "Sreeram CK", "SubjectDomainName": "LAPTOP-1AMOMQ06", "SubjectLogonId": "0xe9f5ca7", "TargetName": "MicrosoftAccount:user=sreeramck6@gmail.com", "Type": "0", "CountOfCredentialsReturned": "1", "ReadOperation": "%%8100", "ReturnCode": "0", "ProcessCreationTime": "2026-09-02T16:14:10.4522375Z", "ClientProcessId": "6228"}, "collected_at": "2026-09-03T07:00:21.371095+00:00"}
{"timestamp": "2026-09-03T07:00:20.0910348Z", "log_name": "Security", "event_id": 5379, "event_name": "Other Event", "provider": "Microsoft-Windows-Security-Auditing", "provider_guid": "{54849625-5478-4994-a5ba-3e3b0328c30d}", "level": "0", "task": "13824", "opcode": "0", "computer": "LAPTOP-1AMOMQ06", "record_id": 607931, "username": "Sreeram CK", "domain": "LAPTOP-1AMOMQ06", "logon_type": null, "authentication_package": null, "logon_process": null, "source_ip": null, "source_port": null, "workstation": null, "process_id": null, "process_name": null, "parent_process": null, "command_line": null, "event_data": {"SubjectUserSid": "S-1-5-21-2968253474-1415708722-1289182978-1001", "SubjectUserName": "Sreeram CK", "SubjectDomainName": "LAPTOP-1AMOMQ06", "SubjectLogonId": "0xe9f5ca7", "TargetName": "MicrosoftAccount:user=sreeramck6@gmail.com", "Type": "0", "CountOfCredentialsReturned": "1", "ReadOperation": "%%8100", "ReturnCode": "0", "ProcessCreationTime": "2026-09-02T16:14:10.4522375Z", "ClientProcessId": "6228"}, "collected_at": "2026-09-03T07:00:21.371133+00:00"}
{"timestamp": "2026-09-03T07:00:20.0909355Z", "log_name": "Security", "event_id": 5379, "event_name": "Other Event", "provider": "Microsoft-Windows-Security-Auditing", "provider_guid": "{54849625-5478-4994-a5ba-3e3b0328c30d}", "level": "0", "task": "13824", "opcode": "0", "computer": "LAPTOP-1AMOMQ06", "record_id": 607930, "username": "Sreeram CK", "domain": "LAPTOP-1AMOMQ06", "logon_type": null, "authentication_package": null, "logon_process": null, "source_ip": null, "source_port": null, "workstation": null, "process_id": null, "process_name": null, "parent_process": null, "command_line": null, "event_data": {"SubjectUserSid": "S-1-5-21-2968253474-1415708722-1289182978-1001", "SubjectUserName": "Sreeram CK", "SubjectDomainName": "LAPTOP-1AMOMQ06", "SubjectLogonId": "0xe9f5ca7", "TargetName": "MicrosoftAccount:user=sreeramck6@gmail.com", "Type": "0", "CountOfCredentialsReturned": "1", "ReadOperation": "%%8100", "ReturnCode": "0", "ProcessCreationTime": "2026-09-02T16:14:10.4522375Z", "ClientProcessId": "6228"}, "collected_at": "2026-09-03T07:00:21.371167+00:00"}
{"timestamp": "2026-09-03T07:00:20.0907944Z", "log_name": "Security", "event_id": 5379, "event_name": "Other Event", "provider": "Microsoft-Windows-Security-Auditing", "provider_guid": "{54849625-5478-4994-a5ba-3e3b0328c30d}", "level": "0", "task": "13824", "opcode": "0", "computer": "LAPTOP-1AMOMQ06", "record_id": 607929, "username": "Sreeram CK", "domain": "LAPTOP-1AMOMQ06", "logon_type": null, "authentication_package": null, "logon_process": null, "source_ip": null, "source_port": null, "workstation": null, "process_id": null, "process_name": null, "parent_process": null, "command_line": null, "event_data": {"SubjectUserSid": "S-1-5-21-2968253474-1415708722-1289182978-1001", "SubjectUserName": "Sreeram CK", "SubjectDomainName": "LAPTOP-1AMOMQ06", "SubjectLogonId": "0xe9f5ca7", "TargetName": "MicrosoftAccount:user=sreeramck6@gmail.com", "Type": "0", "CountOfCredentialsReturned": "1", "ReadOperation": "%%8100", "ReturnCode": "0", "ProcessCreationTime": "2026-09-02T16:14:10.4522375Z", "ClientProcessId": "6228"}, "collected_at": "2026-09-03T07:00:21.371199+00:00"}
{"timestamp": "2026-09-03T07:00:20.0906735Z", "log_name": "Security", "event_id": 5379, "event_name": "Other Event", "provider": "Microsoft-Windows-Security-Auditing", "provider_guid": "{54849625-5478-4994-a5ba-3e3b0328c30d}", "level": "0", "task": "13824", "opcode": "0", "computer": "LAPTOP-1AMOMQ06", "record_id": 607928, "username": "Sreeram CK", "domain": "LAPTOP-1AMOMQ06", "logon_type": null, "authentication_package": null, "logon_process": null, "source_ip": null, "source_port": null, "workstation": null, "process_id": null, "process_name": null, "parent_process": null, "command_line": null, "event_data": {"SubjectUserSid": "S-1-5-21-2968253474-1415708722-1289182978-1001", "SubjectUserName": "Sreeram CK", "SubjectDomainName": "LAPTOP-1AMOMQ06", "SubjectLogonId": "0xe9f5ca7", "TargetName": "MicrosoftAccount:user=sreeramck6@gmail.com", "Type": "0", "CountOfCredentialsReturned": "1", "ReadOperation": "%%8100", "ReturnCode": "0", "ProcessCreationTime": "2026-09-02T16:14:10.4522375Z", "ClientProcessId": "6228"}, "collected_at": "2026-09-03T07:00:21.371230+00:00"}
{"timestamp": "2026-09-03T07:00:20.0905234Z", "log_name": "Security", "event_id": 5379, "event_name": "Other Event", "provider": "Microsoft-Windows-Security-Auditing", "provider_guid": "{54849625-5478-4994-a5ba-3e3b0328c30d}", "level": "0", "task": "13824", "opcode": "0", "computer": "LAPTOP-1AMOMQ06", "record_id": 607927, "username": "Sreeram CK", "domain": "LAPTOP-1AMOMQ06", "logon_type": null, "authentication_package": null, "logon_process": null, "source_ip": null, "source_port": null, "workstation": null, "process_id": null, "process_name": null, "parent_process": null, "command_line": null, "event_data": {"SubjectUserSid": "S-1-5-21-2968253474-1415708722-1289182978-1001", "SubjectUserName": "Sreeram CK", "SubjectDomainName": "LAPTOP-1AMOMQ06", "SubjectLogonId": "0xe9f5ca7", "TargetName": "MicrosoftAccount:user=sreeramck6@gmail.com", "Type": "0", "CountOfCredentialsReturned": "1", "ReadOperation": "%%8100", "ReturnCode": "0", "ProcessCreationTime": "2026-09-02T16:14:10.4522375Z", "ClientProcessId": "6228"}, "collected_at": "2026-09-03T07:00:21.371259+00:00"}
{"timestamp": "2026-09-03T07:00:20.0902492Z", "log_name": "Security", "event_id": 5379, "event_name": "Other Event", "provider": "Microsoft-Windows-Security-Auditing", "provider_guid": "{54849625-5478-4994-a5ba-3e3b0328c30d}", "level": "0", "task": "13824", "opcode": "0", "computer": "LAPTOP-1AMOMQ06", "record_id": 607926, "username": "Sreeram CK", "domain": "LAPTOP-1AMOMQ06", "logon_type": null, "authentication_package": null, "logon_process": null, "source_ip": null, "source_port": null, "workstation": null, "process_id": null, "process_name": null, "parent_process": null, "command_line": null, "event_data": {"SubjectUserSid": "S-1-5-21-2968253474-1415708722-1289182978-1001", "SubjectUserName": "Sreeram CK", "SubjectDomainName": "LAPTOP-1AMOMQ06", "SubjectLogonId": "0xe9f5ca7", "TargetName": "MicrosoftAccount:user=sreeramck6@gmail.com", "Type": "0", "CountOfCredentialsReturned": "1", "ReadOperation": "%%8100", "ReturnCode": "0", "ProcessCreationTime": "2026-09-02T16:14:10.4522375Z", "ClientProcessId": "6228"}, "collected_at": "2026-09-03T07:00:21.371291+00:00"}
{"timestamp": "2026-09-03T07:00:20.0725943Z", "log_name": "Security", "event_id": 5379, "event_name": "Other Event", "provider": "Microsoft-Windows-Security-Auditing", "provider_guid": "{54849625-5478-4994-a5ba-3e3b0328c30d}", "level": "0", "task": "13824", "opcode": "0", "computer": "LAPTOP-1AMOMQ06", "record_id": 607925, "username": "Sreeram CK", "domain": "LAPTOP-1AMOMQ06", "logon_type": null, "authentication_package": null, "logon_process": null, "source_ip": null, "source_port": null, "workstation": null, "process_id": null, "process_name": null, "parent_process": null, "command_line": null, "event_data": {"SubjectUserSid": "S-1-5-21-2968253474-1415708722-1289182978-1001", "SubjectUserName": "Sreeram CK", "SubjectDomainName": "LAPTOP-1AMOMQ06", "SubjectLogonId": "0xe9f5ca7", "TargetName": "MicrosoftAccount:user=sreeramck6@gmail.com", "Type": "0", "CountOfCredentialsReturned": "1", "ReadOperation": "%%8100", "ReturnCode": "0", "ProcessCreationTime": "2026-09-02T16:14:10.4522375Z", "ClientProcessId": "6228"}, "collected_at": "2026-09-03T07:00:21.371319+00:00"}
{"timestamp": "2026-09-03T07:00:20.0722257Z", "log_name": "Security", "event_id": 5379, "event_name": "Other Event", "provider": "Microsoft-Windows-Security-Auditing", "provider_guid": "{54849625-5478-4994-a5ba-3e3b0328c30d}", "level": "0", "task": "13824", "opcode": "0", "computer": "LAPTOP-1AMOMQ06", "record_id": 607924, "username": "Sreeram CK", "domain": "LAPTOP-1AMOMQ06", "logon_type": null, "authentication_package": null, "logon_process": null, "source_ip": null, "source_port": null, "workstation": null, "process_id": null, "process_name": null, "parent_process": null, "command_line": null, "event_data": {"SubjectUserSid": "S-1-5-21-2968253474-1415708722-1289182978-1001", "SubjectUserName": "Sreeram CK", "SubjectDomainName": "LAPTOP-1AMOMQ06", "SubjectLogonId": "0xe9f5ca7", "TargetName": "MicrosoftAccount:user=sreeramck6@gmail.com", "Type": "0", "CountOfCredentialsReturned": "1", "ReadOperation": "%%8100", "ReturnCode": "0", "ProcessCreationTime": "2026-09-02T16:14:10.4522375Z", "ClientProcessId": "6228"}, "collected_at": "2026-09-03T07:00:21.371350+00:00"}
{"timestamp": "2026-09-03T07:00:20.0448290Z", "log_name": "Security", "event_id": 5379, "event_name": "Other Event", "provider": "Microsoft-Windows-Security-Auditing", "provider_guid": "{54849625-5478-4994-a5ba-3e3b0328c30d}", "level": "0", "task": "13824", "opcode": "0", "computer": "LAPTOP-1AMOMQ06", "record_id": 607923, "username": "Sreeram CK", "domain": "LAPTOP-1AMOMQ06", "logon_type": null, "authentication_package": null, "logon_process": null, "source_ip": null, "source_port": null, "workstation": null, "process_id": null, "process_name": null, "parent_process": null, "command_line": null, "event_data": {"SubjectUserSid": "S-1-5-21-2968253474-1415708722-1289182978-1001", "SubjectUserName": "Sreeram CK", "SubjectDomainName": "LAPTOP-1AMOMQ06", "SubjectLogonId": "0xe9f5ca7", "TargetName": "MicrosoftAccount:user=sreeramck6@gmail.com", "Type": "0", "CountOfCredentialsReturned": "1", "ReadOperation": "%%8100", "ReturnCode": "0", "ProcessCreationTime": "2026-09-02T16:14:10.4522375Z", "ClientProcessId": "6228"}, "collected_at": "2026-09-03T07:00:21.371379+00:00"}
{"timestamp": "2026-09-03T07:00:19.9862763Z", "log_name": "Security", "event_id": 5379, "event_name": "Other Event", "provider": "Microsoft-Windows-Security-Auditing", "provider_guid": "{54849625-5478-4994-a5ba-3e3b0328c30d}", "level": "0", "task": "13824", "opcode": "0", "computer": "LAPTOP-1AMOMQ06", "record_id": 607922, "username": "Sreeram CK", "domain": "LAPTOP-1AMOMQ06", "logon_type": null, "authentication_package": null, "logon_process": null, "source_ip": null, "source_port": null, "workstation": null, "process_id": null, "process_name": null, "parent_process": null, "command_line": null, "event_data": {"SubjectUserSid": "S-1-5-21-2968253474-1415708722-1289182978-1001", "SubjectUserName": "Sreeram CK", "SubjectDomainName": "LAPTOP-1AMOMQ06", "SubjectLogonId": "0xe9f5ca7", "TargetName": "MicrosoftAccount:user=sreeramck6@gmail.com", "Type": "0", "CountOfCredentialsReturned": "1", "ReadOperation": "%%8100", "ReturnCode": "0", "ProcessCreationTime": "2026-09-02T16:14:10.4522375Z", "ClientProcessId": "6228"}, "collected_at": "2026-09-03T07:00:21.371409+00:00"}
{"timestamp": "2026-09-03T07:00:19.9851325Z", "log_name": "Security", "event_id": 5379, "event_name": "Other Event", "provider": "Microsoft-Windows-Security-Auditing", "provider_guid": "{54849625-5478-4994-a5ba-3e3b0328c30d}", "level": "0", "task": "13824", "opcode": "0", "computer": "LAPTOP-1AMOMQ06", "record_id": 607921, "username": "Sreeram CK", "domain": "LAPTOP-1AMOMQ06", "logon_type": null, "authentication_package": null, "logon_process": null, "source_ip": null, "source_port": null, "workstation": null, "process_id": null, "process_name": null, "parent_process": null, "command_line": null, "event_data": {"SubjectUserSid": "S-1-5-21-2968253474-1415708722-1289182978-1001", "SubjectUserName": "Sreeram CK", "SubjectDomainName": "LAPTOP-1AMOMQ06", "SubjectLogonId": "0xe9f5ca7", "TargetName": "WindowsLive:(cert):name=sreeramck6@gmail.com;serviceuri=*", "Type": "0", "CountOfCredentialsReturned": "0", "ReadOperation": "%%8100", "ReturnCode": "3221226021", "ProcessCreationTime": "2026-09-02T16:14:10.4522375Z", "ClientProcessId": "6228"}, "collected_at": "2026-09-03T07:00:21.371437+00:00"}
{"timestamp": "2026-09-03T07:00:19.9850444Z", "log_name": "Security", "event_id": 5379, "event_name": "Other Event", "provider": "Microsoft-Windows-Security-Auditing", "provider_guid": "{54849625-5478-4994-a5ba-3e3b0328c30d}", "level": "0", "task": "13824", "opcode": "0", "computer": "LAPTOP-1AMOMQ06", "record_id": 607920, "username": "Sreeram CK", "domain": "LAPTOP-1AMOMQ06", "logon_type": null, "authentication_package": null, "logon_process": null, "source_ip": null, "source_port": null, "workstation": null, "process_id": null, "process_name": null, "parent_process": null, "command_line": null, "event_data": {"SubjectUserSid": "S-1-5-21-2968253474-1415708722-1289182978-1001", "SubjectUserName": "Sreeram CK", "SubjectDomainName": "LAPTOP-1AMOMQ06", "SubjectLogonId": "0xe9f5ca7", "TargetName": "WindowsLive:(token):name=sreeramck6@gmail.com;serviceuri=*", "Type": "0", "CountOfCredentialsReturned": "0", "ReadOperation": "%%8100", "ReturnCode": "3221226021", "ProcessCreationTime": "2026-09-02T16:14:10.4522375Z", "ClientProcessId": "6228"}, "collected_at": "2026-09-03T07:00:21.371468+00:00"}
{"timestamp": "2026-09-03T07:00:19.9833155Z", "log_name": "Security", "event_id": 5379, "event_name": "Other Event", "provider": "Microsoft-Windows-Security-Auditing", "provider_guid": "{54849625-5478-4994-a5ba-3e3b0328c30d}", "level": "0", "task": "13824", "opcode": "0", "computer": "LAPTOP-1AMOMQ06", "record_id": 607919, "username": "Sreeram CK", "domain": "LAPTOP-1AMOMQ06", "logon_type": null, "authentication_package": null, "logon_process": null, "source_ip": null, "source_port": null, "workstation": null, "process_id": null, "process_name": null, "parent_process": null, "command_line": null, "event_data": {"SubjectUserSid": "S-1-5-21-2968253474-1415708722-1289182978-1001", "SubjectUserName": "Sreeram CK", "SubjectDomainName": "LAPTOP-1AMOMQ06", "SubjectLogonId": "0xe9f5ca7", "TargetName": "MicrosoftAccount:user=sreeramck6@gmail.com", "Type": "0", "CountOfCredentialsReturned": "1", "ReadOperation": "%%8100", "ReturnCode": "0", "ProcessCreationTime": "2026-09-02T16:14:10.4522375Z", "ClientProcessId": "6228"}, "collected_at": "2026-09-03T07:00:21.371496+00:00"}
{"timestamp": "2026-09-03T07:00:16.1107145Z", "log_name": "Security", "event_id": 4672, "event_name": "Special Privileges Assigned", "provider": "Microsoft-Windows-Security-Auditing", "provider_guid": "{54849625-5478-4994-a5ba-3e3b0328c30d}", "level": "0", "task": "12548", "opcode": "0", "computer": "LAPTOP-1AMOMQ06", "record_id": 607918, "username": "SYSTEM", "domain": "NT AUTHORITY", "logon_type": null, "authentication_package": null, "logon_process": null, "source_ip": null, "source_port": null, "workstation": null, "process_id": null, "process_name": null, "parent_process": null, "command_line": null, "event_data": {"SubjectUserSid": "S-1-5-18", "SubjectUserName": "SYSTEM", "SubjectDomainName": "NT AUTHORITY", "SubjectLogonId": "0x3e7", "PrivilegeList": "SeAssignPrimaryTokenPrivilege\n\t\t\tSeTcbPrivilege\n\t\t\tSeSecurityPrivilege\n\t\t\tSeTakeOwnershipPrivilege\n\t\t\tSeLoadDriverPrivilege\n\t\t\tSeBackupPrivilege\n\t\t\tSeRestorePrivilege\n\t\t\tSeDebugPrivilege\n\t\t\tSeAuditPrivilege\n\t\t\tSeSystemEnvironmentPrivilege\n\t\t\tSeImpersonatePrivilege\n\t\t\tSeDelegateSessionUserImpersonatePrivilege"}, "collected_at": "2026-09-03T07:00:21.371526+00:00"}
{"timestamp": "2026-09-03T07:00:16.1107069Z", "log_name": "Security", "event_id": 4624, "event_name": "Successful Logon", "provider": "Microsoft-Windows-Security-Auditing", "provider_guid": "{54849625-5478-4994-a5ba-3e3b0328c30d}", "level": "0", "task": "12544", "opcode": "0", "computer": "LAPTOP-1AMOMQ06", "record_id": 607917, "username": "SYSTEM", "domain": "NT AUTHORITY", "logon_type": 5, "authentication_package": "Negotiate", "logon_process": "Advapi  ", "source_ip": null, "source_port": null, "workstation": null, "process_id": "0x49c", "process_name": "C:\\Windows\\System32\\services.exe", "parent_process": null, "command_line": null, "event_data": {"SubjectUserSid": "S-1-5-18", "SubjectUserName": "LAPTOP-1AMOMQ06$", "SubjectDomainName": "WORKGROUP", "SubjectLogonId": "0x3e7", "TargetUserSid": "S-1-5-18", "TargetUserName": "SYSTEM", "TargetDomainName": "NT AUTHORITY", "TargetLogonId": "0x3e7", "LogonType": "5", "LogonProcessName": "Advapi  ", "AuthenticationPackageName": "Negotiate", "WorkstationName": "-", "LogonGuid": "{00000000-0000-0000-0000-000000000000}", "TransmittedServices": "-", "LmPackageName": "-", "KeyLength": "0", "ProcessId": "0x49c", "ProcessName": "C:\\Windows\\System32\\services.exe", "IpAddress": "-", "IpPort": "-", "ImpersonationLevel": "%%1833", "RestrictedAdminMode": "-", "RemoteCredentialGuard": "-", "TargetOutboundUserName": "-", "TargetOutboundDomainName": "-", "VirtualAccount": "%%1843", "TargetLinkedLogonId": "0x0", "ElevatedToken": "%%1842"}, "collected_at": "2026-09-03T07:00:21.371561+00:00"}
{"timestamp": "2026-09-03T07:00:23.0679079Z", "log_name": "Security", "event_id": 4798, "event_name": "Other Event", "provider": "Microsoft-Windows-Security-Auditing", "provider_guid": "{54849625-5478-4994-a5ba-3e3b0328c30d}", "level": "0", "task": "13824", "opcode": "0", "computer": "LAPTOP-1AMOMQ06", "record_id": 607950, "username": "Sreeram CK", "domain": "LAPTOP-1AMOMQ06", "logon_type": null, "authentication_package": null, "logon_process": null, "source_ip": null, "source_port": null, "workstation": null, "process_id": null, "process_name": null, "parent_process": null, "command_line": null, "event_data": {"TargetUserName": "Sreeram CK", "TargetDomainName": "LAPTOP-1AMOMQ06", "TargetSid": "S-1-5-21-2968253474-1415708722-1289182978-1001", "SubjectUserSid": "S-1-5-18", "SubjectUserName": "LAPTOP-1AMOMQ06$", "SubjectDomainName": "WORKGROUP", "SubjectLogonId": "0x3e7", "CallerProcessId": "0x4f2c", "CallerProcessName": "C:\\Windows\\System32\\LogonUI.exe"}, "collected_at": "2026-09-03T07:00:26.463585+00:00"}
{"timestamp": "2026-09-03T07:00:23.0603612Z", "log_name": "Security", "event_id": 4798, "event_name": "Other Event", "provider": "Microsoft-Windows-Security-Auditing", "provider_guid": "{54849625-5478-4994-a5ba-3e3b0328c30d}", "level": "0", "task": "13824", "opcode": "0", "computer": "LAPTOP-1AMOMQ06", "record_id": 607949, "username": "Sreeram CK", "domain": "LAPTOP-1AMOMQ06", "logon_type": null, "authentication_package": null, "logon_process": null, "source_ip": null, "source_port": null, "workstation": null, "process_id": null, "process_name": null, "parent_process": null, "command_line": null, "event_data": {"TargetUserName": "Sreeram CK", "TargetDomainName": "LAPTOP-1AMOMQ06", "TargetSid": "S-1-5-21-2968253474-1415708722-1289182978-1001", "SubjectUserSid": "S-1-5-18", "SubjectUserName": "LAPTOP-1AMOMQ06$", "SubjectDomainName": "WORKGROUP", "SubjectLogonId": "0x3e7", "CallerProcessId": "0xdc0", "CallerProcessName": "C:\\Windows\\System32\\svchost.exe"}, "collected_at": "2026-09-03T07:00:26.463646+00:00"}
{"timestamp": "2026-09-03T07:00:23.0595208Z", "log_name": "Security", "event_id": 4798, "event_name": "Other Event", "provider": "Microsoft-Windows-Security-Auditing", "provider_guid": "{54849625-5478-4994-a5ba-3e3b0328c30d}", "level": "0", "task": "13824", "opcode": "0", "computer": "LAPTOP-1AMOMQ06", "record_id": 607948, "username": "Guest", "domain": "LAPTOP-1AMOMQ06", "logon_type": null, "authentication_package": null, "logon_process": null, "source_ip": null, "source_port": null, "workstation": null, "process_id": null, "process_name": null, "parent_process": null, "command_line": null, "event_data": {"TargetUserName": "Guest", "TargetDomainName": "LAPTOP-1AMOMQ06", "TargetSid": "S-1-5-21-2968253474-1415708722-1289182978-501", "SubjectUserSid": "S-1-5-18", "SubjectUserName": "LAPTOP-1AMOMQ06$", "SubjectDomainName": "WORKGROUP", "SubjectLogonId": "0x3e7", "CallerProcessId": "0xdc0", "CallerProcessName": "C:\\Windows\\System32\\svchost.exe"}, "collected_at": "2026-09-03T07:00:26.463685+00:00"}
{"timestamp": "2026-09-03T07:00:23.0585548Z", "log_name": "Security", "event_id": 4798, "event_name": "Other Event", "provider": "Microsoft-Windows-Security-Auditing", "provider_guid": "{54849625-5478-4994-a5ba-3e3b0328c30d}", "level": "0", "task": "13824", "opcode": "0", "computer": "LAPTOP-1AMOMQ06", "record_id": 607947, "username": "DefaultAccount", "domain": "LAPTOP-1AMOMQ06", "logon_type": null, "authentication_package": null, "logon_process": null, "source_ip": null, "source_port": null, "workstation": null, "process_id": null, "process_name": null, "parent_process": null, "command_line": null, "event_data": {"TargetUserName": "DefaultAccount", "TargetDomainName": "LAPTOP-1AMOMQ06", "TargetSid": "S-1-5-21-2968253474-1415708722-1289182978-503", "SubjectUserSid": "S-1-5-18", "SubjectUserName": "LAPTOP-1AMOMQ06$", "SubjectDomainName": "WORKGROUP", "SubjectLogonId": "0x3e7", "CallerProcessId": "0xdc0", "CallerProcessName": "C:\\Windows\\System32\\svchost.exe"}, "collected_at": "2026-09-03T07:00:26.463723+00:00"}
