{"timestamp": "2026-09-03T07:00:23.0569925Z", "log_name": "Security", "event_id": 4798, "event_name": "Other Event", "provider": "Microsoft-Windows-Security-Auditing", "provider_guid": "{54849625-5478-4994-a5ba-3e3b0328c30d}", "level": "0", "task": "13824", "opcode": "0", "computer": "LAPTOP-1AMOMQ06", "record_id": 607946, "username": "Administrator", "domain": "LAPTOP-1AMOMQ06", "logon_type": null, "authentication_package": null, "logon_process": null, "source_ip": null, "source_port": null, "workstation": null, "process_id": null, "process_name": null, "parent_process": null, "command_line": null, "event_data": {"TargetUserName": "Administrator", "TargetDomainName": "LAPTOP-1AMOMQ06", "TargetSid": "S-1-5-21-2968253474-1415708722-1289182978-500", "SubjectUserSid": "S-1-5-18", "SubjectUserName": "LAPTOP-1AMOMQ06$", "SubjectDomainName": "WORKGROUP", "SubjectLogonId": "0x3e7", "CallerProcessId": "0xdc0", "CallerProcessName": "C:\\Windows\\System32\\svchost.exe"}, "collected_at": "2026-09-03T07:00:26.463761+00:00"}
{"timestamp": "2026-09-03T07:00:23.0509080Z", "log_name": "Security", "event_id": 4798, "event_name": "Other Event", "provider": "Microsoft-Windows-Security-Auditing", "provider_guid": "{54849625-5478-4994-a5ba-3e3b0328c30d}", "level": "0", "task": "13824", "opcode": "0", "computer": "LAPTOP-1AMOMQ06", "record_id": 607945, "username": "Sreeram CK", "domain": "LAPTOP-1AMOMQ06", "logon_type": null, "authentication_package": null, "logon_process": null, "source_ip": null, "source_port": null, "workstation": null, "process_id": null, "process_name": null, "parent_process": null, "command_line": null, "event_data": {"TargetUserName": "Sreeram CK", "TargetDomainName": "LAPTOP-1AMOMQ06", "TargetSid": "S-1-5-21-2968253474-1415708722-1289182978-1001", "SubjectUserSid": "S-1-5-18", "SubjectUserName": "LAPTOP-1AMOMQ06$", "SubjectDomainName": "WORKGROUP", "SubjectLogonId": "0x3e7", "CallerProcessId": "0xdc0", "CallerProcessName": "C:\\Windows\\System32\\svchost.exe"}, "collected_at": "2026-09-03T07:00:26.463800+00:00"}
{"timestamp": "2026-09-03T07:00:23.0496553Z", "log_name": "Security", "event_id": 4798, "event_name": "Other Event", "provider": "Microsoft-Windows-Security-Auditing", "provider_guid": "{54849625-5478-4994-a5ba-3e3b0328c30d}", "level": "0", "task": "13824", "opcode": "0", "computer": "LAPTOP-1AMOMQ06", "record_id": 607944, "username": "Guest", "domain": "LAPTOP-1AMOMQ06", "logon_type": null, "authentication_package": null, "logon_process": null, "source_ip": null, "source_port": null, "workstation": null, "process_id": null, "process_name": null, "parent_process": null, "command_line": null, "event_data": {"TargetUserName": "Guest", "TargetDomainName": "LAPTOP-1AMOMQ06", "TargetSid": "S-1-5-21-2968253474-1415708722-1289182978-501", "SubjectUserSid": "S-1-5-18", "SubjectUserName": "LAPTOP-1AMOMQ06$", "SubjectDomainName": "WORKGROUP", "SubjectLogonId": "0x3e7", "CallerProcessId": "0xdc0", "CallerProcessName": "C:\\Windows\\System32\\svchost.exe"}, "collected_at": "2026-09-03T07:00:26.463837+00:00"}
{"timestamp": "2026-09-03T07:00:23.0486987Z", "log_name": "Security", "event_id": 4798, "event_name": "Other Event", "provider": "Microsoft-Windows-Security-Auditing", "provider_guid": "{54849625-5478-4994-a5ba-3e3b0328c30d}", "level": "0", "task": "13824", "opcode": "0", "computer": "LAPTOP-1AMOMQ06", "record_id": 607943, "username": "DefaultAccount", "domain": "LAPTOP-1AMOMQ06", "logon_type": null, "authentication_package": null, "logon_process": null, "source_ip": null, "source_port": null, "workstation": null, "process_id": null, "process_name": null, "parent_process": null, "command_line": null, "event_data": {"TargetUserName": "DefaultAccount", "TargetDomainName": "LAPTOP-1AMOMQ06", "TargetSid": "S-1-5-21-2968253474-1415708722-1289182978-503", "SubjectUserSid": "S-1-5-18", "SubjectUserName": "LAPTOP-1AMOMQ06$", "SubjectDomainName": "WORKGROUP", "SubjectLogonId": "0x3e7", "CallerProcessId": "0xdc0", "CallerProcessName": "C:\\Windows\\System32\\svchost.exe"}, "collected_at": "2026-09-03T07:00:26.463875+00:00"}
{"timestamp": "2026-09-03T07:00:23.0465361Z", "log_name": "Security", "event_id": 4798, "event_name": "Other Event", "provider": "Microsoft-Windows-Security-Auditing", "provider_guid": "{54849625-5478-4994-a5ba-3e3b0328c30d}", "level": "0", "task": "13824", "opcode": "0", "computer": "LAPTOP-1AMOMQ06", "record_id": 607942, "username": "Administrator", "domain": "LAPTOP-1AMOMQ06", "logon_type": null, "authentication_package": null, "logon_process": null, "source_ip": null, "source_port": null, "workstation": null, "process_id": null, "process_name": null, "parent_process": null, "command_line": null, "event_data": {"TargetUserName": "Administrator", "TargetDomainName": "LAPTOP-1AMOMQ06", "TargetSid": "S-1-5-21-2968253474-1415708722-1289182978-500", "SubjectUserSid": "S-1-5-18", "SubjectUserName": "LAPTOP-1AMOMQ06$", "SubjectDomainName": "WORKGROUP", "SubjectLogonId": "0x3e7", "CallerProcessId": "0xdc0", "CallerProcessName": "C:\\Windows\\System32\\svchost.exe"}, "collected_at": "2026-09-03T07:00:26.463913+00:00"}
{"timestamp": "2026-09-03T07:00:22.7821289Z", "log_name": "Security", "event_id": 4672, "event_name": "Special Privileges Assigned", "provider": "Microsoft-Windows-Security-Auditing", "provider_guid": "{54849625-5478-4994-a5ba-3e3b0328c30d}", "level": "0", "task": "12548", "opcode": "0", "computer": "LAPTOP-1AMOMQ06", "record_id": 607941, "username": "SYSTEM", "domain": "NT AUTHORITY", "logon_type": null, "authentication_package": null, "logon_process": null, "source_ip": null, "source_port": null, "workstation": null, "process_id": null, "process_name": null, "parent_process": null, "command_line": null, "event_data": {"SubjectUserSid": "S-1-5-18", "SubjectUserName": "SYSTEM", "SubjectDomainName": "NT AUTHORITY", "SubjectLogonId": "0x3e7", "PrivilegeList": "SeAssignPrimaryTokenPrivilege\n\t\t\tSeTcbPrivilege\n\t\t\tSeSecurityPrivilege\n\t\t\tSeTakeOwnershipPrivilege\n\t\t\tSeLoadDriverPrivilege\n\t\t\tSeBackupPrivilege\n\t\t\tSeRestorePrivilege\n\t\t\tSeDebugPrivilege\n\t\t\tSeAuditPrivilege\n\t\t\tSeSystemEnvironmentPrivilege\n\t\t\tSeImpersonatePrivilege\n\t\t\tSeDelegateSessionUserImpersonatePrivilege"}, "collected_at": "2026-09-03T07:00:26.463955+00:00"}
{"timestamp": "2026-09-03T07:00:22.7821160Z", "log_name": "Security", "event_id": 4624, "event_name": "Successful Logon", "provider": "Microsoft-Windows-Security-Auditing", "provider_guid": "{54849625-5478-4994-a5ba-3e3b0328c30d}", "level": "0", "task": "12544", "opcode": "0", "computer": "LAPTOP-1AMOMQ06", "record_id": 607940, "username": "SYSTEM", "domain": "NT AUTHORITY", "logon_type": 5, "authentication_package": "Negotiate", "logon_process": "Advapi  ", "source_ip": null, "source_port": null, "workstation": null, "process_id": "0x49c", "process_name": "C:\\Windows\\System32\\services.exe", "parent_process": null, "command_line": null, "event_data": {"SubjectUserSid": "S-1-5-18", "SubjectUserName": "LAPTOP-1AMOMQ06$", "SubjectDomainName": "WORKGROUP", "SubjectLogonId": "0x3e7", "TargetUserSid": "S-1-5-18", "TargetUserName": "SYSTEM", "TargetDomainName": "NT AUTHORITY", "TargetLogonId": "0x3e7", "LogonType": "5", "LogonProcessName": "Advapi  ", "AuthenticationPackageName": "Negotiate", "WorkstationName": "-", "LogonGuid": "{00000000-0000-0000-0000-000000000000}", "TransmittedServices": "-", "LmPackageName": "-", "KeyLength": "0", "ProcessId": "0x49c", "ProcessName": "C:\\Windows\\System32\\services.exe", "IpAddress": "-", "IpPort": "-", "ImpersonationLevel": "%%1833", "RestrictedAdminMode": "-", "RemoteCredentialGuard": "-", "TargetOutboundUserName": "-", "TargetOutboundDomainName": "-", "VirtualAccount": "%%1843", "TargetLinkedLogonId": "0x0", "ElevatedToken": "%%1842"}, "collected_at": "2026-09-03T07:00:26.464002+00:00"}
{"timestamp": "2026-09-03T07:00:28.7145115Z", "log_name": "Security", "event_id": 4625, "event_name": "Failed Logon", "provider": "Microsoft-Windows-Security-Auditing", "provider_guid": "{54849625-5478-4994-a5ba-3e3b0328c30d}", "level": "0", "task": "12544", "opcode": "0", "computer": "LAPTOP-1AMOMQ06", "record_id": 607952, "username": "Sreeram CK", "domain": "LAPTOP-1AMOMQ06", "logon_type": 2, "authentication_package": "Negotiate", "logon_process": "User32 ", "source_ip": "127.0.0.1", "source_port": 0, "workstation": "LAPTOP-1AMOMQ06", "process_id": "0x9d4", "process_name": "C:\\Windows\\System32\\svchost.exe", "parent_process": null, "command_line": null, "event_data": {"SubjectUserSid": "S-1-5-18", "SubjectUserName": "LAPTOP-1AMOMQ06$", "SubjectDomainName": "WORKGROUP", "SubjectLogonId": "0x3e7", "TargetUserSid": "S-1-0-0", "TargetUserName": "Sreeram CK", "TargetDomainName": "LAPTOP-1AMOMQ06", "Status": "0xc000006d", "FailureReason": "%%2313", "SubStatus": "0xc000006a", "LogonType": "2", "LogonProcessName": "User32 ", "AuthenticationPackageName": "Negotiate", "WorkstationName": "LAPTOP-1AMOMQ06", "TransmittedServices": "-", "LmPackageName": "-", "KeyLength": "0", "ProcessId": "0x9d4", "ProcessName": "C:\\Windows\\System32\\svchost.exe", "IpAddress": "127.0.0.1", "IpPort": "0"}, "collected_at": "2026-09-03T07:00:31.525382+00:00"}
{"timestamp": "2026-09-03T07:00:26.7484665Z", "log_name": "Security", "event_id": 4625, "event_name": "Failed Logon", "provider": "Microsoft-Windows-Security-Auditing", "provider_guid": "{54849625-5478-4994-a5ba-3e3b0328c30d}", "level": "0", "task": "12544", "opcode": "0", "computer": "LAPTOP-1AMOMQ06", "record_id": 607951, "username": "Sreeram CK", "domain": "LAPTOP-1AMOMQ06", "logon_type": 2, "authentication_package": "Negotiate", "logon_process": "User32 ", "source_ip": "127.0.0.1", "source_port": 0, "workstation": "LAPTOP-1AMOMQ06", "process_id": "0x9d4", "process_name": "C:\\Windows\\System32\\svchost.exe", "parent_process": null, "command_line": null, "event_data": {"SubjectUserSid": "S-1-5-18", "SubjectUserName": "LAPTOP-1AMOMQ06$", "SubjectDomainName": "WORKGROUP", "SubjectLogonId": "0x3e7", "TargetUserSid": "S-1-0-0", "TargetUserName": "Sreeram CK", "TargetDomainName": "LAPTOP-1AMOMQ06", "Status": "0xc000006d", "FailureReason": "%%2313", "SubStatus": "0xc000006a", "LogonType": "2", "LogonProcessName": "User32 ", "AuthenticationPackageName": "Negotiate", "WorkstationName": "LAPTOP-1AMOMQ06", "TransmittedServices": "-", "LmPackageName": "-", "KeyLength": "0", "ProcessId": "0x9d4", "ProcessName": "C:\\Windows\\System32\\svchost.exe", "IpAddress": "127.0.0.1", "IpPort": "0"}, "collected_at": "2026-09-03T07:00:31.525423+00:00"}
{"timestamp": "2026-09-03T07:00:28.6715398Z", "log_name": "System", "event_id": 17, "event_name": "Other Event", "provider": "TPM", "provider_guid": "{1b6b0772-251b-4d42-917d-faca166bc059}", "level": "4", "task": "0", "opcode": "0", "computer": "LAPTOP-1AMOMQ06", "record_id": 20192, "username": null, "domain": null, "logon_type": null, "authentication_package": null, "logon_process": null, "source_ip": null, "source_port": null, "workstation": null, "process_id": null, "process_name": null, "parent_process": null, "command_line": null, "event_data": {"driverFile": "0x1e", "lineNumber": "923", "TpmCommandOrdinal": "350", "TpmResponseCode": "2446"}, "collected_at": "2026-09-03T07:00:31.545107+00:00"}
{"timestamp": "2026-09-03T07:00:26.7192768Z", "log_name": "System", "event_id": 17, "event_name": "Other Event", "provider": "TPM", "provider_guid": "{1b6b0772-251b-4d42-917d-faca166bc059}", "level": "4", "task": "0", "opcode": "0", "computer": "LAPTOP-1AMOMQ06", "record_id": 20191, "username": null, "domain": null, "logon_type": null, "authentication_package": null, "logon_process": null, "source_ip": null, "source_port": null, "workstation": null, "process_id": null, "process_name": null, "parent_process": null, "command_line": null, "event_data": {"driverFile": "0x1e", "lineNumber": "923", "TpmCommandOrdinal": "350", "TpmResponseCode": "2446"}, "collected_at": "2026-09-03T07:00:31.545145+00:00"}
{"timestamp": "2026-09-03T07:00:31.0087712Z", "log_name": "Security", "event_id": 4634, "event_name": "Logoff", "provider": "Microsoft-Windows-Security-Auditing", "provider_guid": "{54849625-5478-4994-a5ba-3e3b0328c30d}", "level": "0", "task": "12545", "opcode": "0", "computer": "LAPTOP-1AMOMQ06", "record_id": 607959, "username": "Sreeram CK", "domain": "LAPTOP-1AMOMQ06", "logon_type": 2, "authentication_package": null, "logon_process": null, "source_ip": null, "source_port": null, "workstation": null, "process_id": null, "process_name": null, "parent_process": null, "command_line": null, "event_data": {"TargetUserSid": "S-1-5-21-2968253474-1415708722-1289182978-1001", "TargetUserName": "Sreeram CK", "TargetDomainName": "LAPTOP-1AMOMQ06", "TargetLogonId": "0xf18defb", "LogonType": "2"}, "collected_at": "2026-09-03T07:00:36.581267+00:00"}
{"timestamp": "2026-09-03T07:00:31.0006409Z", "log_name": "Security", "event_id": 4634, "event_name": "Logoff", "provider": "Microsoft-Windows-Security-Auditing", "provider_guid": "{54849625-5478-4994-a5ba-3e3b0328c30d}", "level": "0", "task": "12545", "opcode": "0", "computer": "LAPTOP-1AMOMQ06", "record_id": 607958, "username": "Sreeram CK", "domain": "LAPTOP-1AMOMQ06", "logon_type": 2, "authentication_package": null, "logon_process": null, "source_ip": null, "source_port": null, "workstation": null, "process_id": null, "process_name": null, "parent_process": null, "command_line": null, "event_data": {"TargetUserSid": "S-1-5-21-2968253474-1415708722-1289182978-1001", "TargetUserName": "Sreeram CK", "TargetDomainName": "LAPTOP-1AMOMQ06", "TargetLogonId": "0xf18df33", "LogonType": "2"}, "collected_at": "2026-09-03T07:00:36.581306+00:00"}
{"timestamp": "2026-09-03T07:00:30.9995570Z", "log_name": "Security", "event_id": 4672, "event_name": "Special Privileges Assigned", "provider": "Microsoft-Windows-Security-Auditing", "provider_guid": "{54849625-5478-4994-a5ba-3e3b0328c30d}", "level": "0", "task": "12548", "opcode": "0", "computer": "LAPTOP-1AMOMQ06", "record_id": 607957, "username": "Sreeram CK", "domain": "LAPTOP-1AMOMQ06", "logon_type": null, "authentication_package": null, "logon_process": null, "source_ip": null, "source_port": null, "workstation": null, "process_id": null, "process_name": null, "parent_process": null, "command_line": null, "event_data": {"SubjectUserSid": "S-1-5-21-2968253474-1415708722-1289182978-1001", "SubjectUserName": "Sreeram CK", "SubjectDomainName": "LAPTOP-1AMOMQ06", "SubjectLogonId": "0xf18defb", "PrivilegeList": "SeSecurityPrivilege\n\t\t\tSeTakeOwnershipPrivilege\n\t\t\tSeLoadDriverPrivilege\n\t\t\tSeBackupPrivilege\n\t\t\tSeRestorePrivilege\n\t\t\tSeDebugPrivilege\n\t\t\tSeSystemEnvironmentPrivilege\n\t\t\tSeImpersonatePrivilege\n\t\t\tSeDelegateSessionUserImpersonatePrivilege"}, "collected_at": "2026-09-03T07:00:36.581339+00:00"}
{"timestamp": "2026-09-03T07:00:30.9995330Z", "log_name": "Security", "event_id": 4624, "event_name": "Successful Logon", "provider": "Microsoft-Windows-Security-Auditing", "provider_guid": "{54849625-5478-4994-a5ba-3e3b0328c30d}", "level": "0", "task": "12544", "opcode": "0", "computer": "LAPTOP-1AMOMQ06", "record_id": 607956, "username": "Sreeram CK", "domain": "LAPTOP-1AMOMQ06", "logon_type": 2, "authentication_package": "Negotiate", "logon_process": "User32 ", "source_ip": "127.0.0.1", "source_port": 0, "workstation": "LAPTOP-1AMOMQ06", "process_id": "0x9d4", "process_name": "C:\\Windows\\System32\\svchost.exe", "parent_process": null, "command_line": null, "event_data": {"SubjectUserSid": "S-1-5-18", "SubjectUserName": "LAPTOP-1AMOMQ06$", "SubjectDomainName": "WORKGROUP", "SubjectLogonId": "0x3e7", "TargetUserSid": "S-1-5-21-2968253474-1415708722-1289182978-1001", "TargetUserName": "Sreeram CK", "TargetDomainName": "LAPTOP-1AMOMQ06", "TargetLogonId": "0xf18df33", "LogonType": "2", "LogonProcessName": "User32 ", "AuthenticationPackageName": "Negotiate", "WorkstationName": "LAPTOP-1AMOMQ06", "LogonGuid": "{00000000-0000-0000-0000-000000000000}", "TransmittedServices": "-", "LmPackageName": "-", "KeyLength": "0", "ProcessId": "0x9d4", "ProcessName": "C:\\Windows\\System32\\svchost.exe", "IpAddress": "127.0.0.1", "IpPort": "0", "ImpersonationLevel": "%%1833", "RestrictedAdminMode": "-", "RemoteCredentialGuard": "-", "TargetOutboundUserName": "-", "TargetOutboundDomainName": "-", "VirtualAccount": "%%1843", "TargetLinkedLogonId": "0xf18defb", "ElevatedToken": "%%1843"}, "collected_at": "2026-09-03T07:00:36.581372+00:00"}
{"timestamp": "2026-09-03T07:00:30.9995220Z", "log_name": "Security", "event_id": 4624, "event_name": "Successful Logon", "provider": "Microsoft-Windows-Security-Auditing", "provider_guid": "{54849625-5478-4994-a5ba-3e3b0328c30d}", "level": "0", "task": "12544", "opcode": "0", "computer": "LAPTOP-1AMOMQ06", "record_id": 607955, "username": "Sreeram CK", "domain": "LAPTOP-1AMOMQ06", "logon_type": 2, "authentication_package": "Negotiate", "logon_process": "User32 ", "source_ip": "127.0.0.1", "source_port": 0, "workstation": "LAPTOP-1AMOMQ06", "process_id": "0x9d4", "process_name": "C:\\Windows\\System32\\svchost.exe", "parent_process": null, "command_line": null, "event_data": {"SubjectUserSid": "S-1-5-18", "SubjectUserName": "LAPTOP-1AMOMQ06$", "SubjectDomainName": "WORKGROUP", "SubjectLogonId": "0x3e7", "TargetUserSid": "S-1-5-21-2968253474-1415708722-1289182978-1001", "TargetUserName": "Sreeram CK", "TargetDomainName": "LAPTOP-1AMOMQ06", "TargetLogonId": "0xf18defb", "LogonType": "2", "LogonProcessName": "User32 ", "AuthenticationPackageName": "Negotiate", "WorkstationName": "LAPTOP-1AMOMQ06", "LogonGuid": "{00000000-0000-0000-0000-000000000000}", "TransmittedServices": "-", "LmPackageName": "-", "KeyLength": "0", "ProcessId": "0x9d4", "ProcessName": "C:\\Windows\\System32\\svchost.exe", "IpAddress": "127.0.0.1", "IpPort": "0", "ImpersonationLevel": "%%1833", "RestrictedAdminMode": "-", "RemoteCredentialGuard": "-", "TargetOutboundUserName": "-", "TargetOutboundDomainName": "-", "VirtualAccount": "%%1843", "TargetLinkedLogonId": "0xf18df33", "ElevatedToken": "%%1842"}, "collected_at": "2026-09-03T07:00:36.581403+00:00"}
{"timestamp": "2026-09-03T07:00:30.9995058Z", "log_name": "Security", "event_id": 4648, "event_name": "Other Event", "provider": "Microsoft-Windows-Security-Auditing", "provider_guid": "{54849625-5478-4994-a5ba-3e3b0328c30d}", "level": "0", "task": "12544", "opcode": "0", "computer": "LAPTOP-1AMOMQ06", "record_id": 607954, "username": "Sreeram CK", "domain": "LAPTOP-1AMOMQ06", "logon_type": null, "authentication_package": null, "logon_process": null, "source_ip": "127.0.0.1", "source_port": 0, "workstation": null, "process_id": "0x9d4", "process_name": "C:\\Windows\\System32\\svchost.exe", "parent_process": null, "command_line": null, "event_data": {"SubjectUserSid": "S-1-5-18", "SubjectUserName": "LAPTOP-1AMOMQ06$", "SubjectDomainName": "WORKGROUP", "SubjectLogonId": "0x3e7", "LogonGuid": "{00000000-0000-0000-0000-000000000000}", "TargetUserName": "Sreeram CK", "TargetDomainName": "LAPTOP-1AMOMQ06", "TargetLogonGuid": "{00000000-0000-0000-0000-000000000000}", "TargetServerName": "localhost", "TargetInfo": "localhost", "ProcessId": "0x9d4", "ProcessName": "C:\\Windows\\System32\\svchost.exe", "IpAddress": "127.0.0.1", "IpPort": "0"}, "collected_at": "2026-09-03T07:00:36.581433+00:00"}
{"timestamp": "2026-09-03T07:00:30.9815914Z", "log_name": "Security", "event_id": 4798, "event_name": "Other Event", "provider": "Microsoft-Windows-Security-Auditing", "provider_guid": "{54849625-5478-4994-a5ba-3e3b0328c30d}", "level": "0", "task": "13824", "opcode": "0", "computer": "LAPTOP-1AMOMQ06", "record_id": 607953, "username": "Sreeram CK", "domain": "LAPTOP-1AMOMQ06", "logon_type": null, "authentication_package": null, "logon_process": null, "source_ip": null, "source_port": null, "workstation": null, "process_id": null, "process_name": null, "parent_process": null, "command_line": null, "event_data": {"TargetUserName": "Sreeram CK", "TargetDomainName": "LAPTOP-1AMOMQ06", "TargetSid": "S-1-5-21-2968253474-1415708722-1289182978-1001", "SubjectUserSid": "S-1-5-18", "SubjectUserName": "LAPTOP-1AMOMQ06$", "SubjectDomainName": "WORKGROUP", "SubjectLogonId": "0x3e7", "CallerProcessId": "0x4d0", "CallerProcessName": "C:\\Windows\\System32\\lsass.exe"}, "collected_at": "2026-09-03T07:00:36.581460+00:00"}
