{"timestamp": "2026-08-29T07:22:12.0862908Z", "log_name": "Security", "event_id": 5379, "event_name": "Other Event", "provider": "Microsoft-Windows-Security-Auditing", "provider_guid": "{54849625-5478-4994-a5ba-3e3b0328c30d}", "level": "0", "task": "13824", "opcode": "0", "computer": "LAPTOP-1AMOMQ06", "record_id": 590045, "username": "Sreeram CK", "domain": "LAPTOP-1AMOMQ06", "logon_type": null, "authentication_package": null, "logon_process": null, "source_ip": null, "source_port": null, "workstation": null, "process_id": null, "process_name": null, "parent_process": null, "command_line": null, "event_data": {"SubjectUserSid": "S-1-5-21-2968253474-1415708722-1289182978-1001", "SubjectUserName": "Sreeram CK", "SubjectDomainName": "LAPTOP-1AMOMQ06", "SubjectLogonId": "0x9383bc6", "TargetName": "MicrosoftAccount:user=sreeramck6@gmail.com", "Type": "0", "CountOfCredentialsReturned": "1", "ReadOperation": "%%8100", "ReturnCode": "0", "ProcessCreationTime": "2026-08-29T07:21:50.6587335Z", "ClientProcessId": "19560"}, "collected_at": "2026-08-29T07:22:14.017156+00:00"}
{"timestamp": "2026-08-29T07:22:12.0860061Z", "log_name": "Security", "event_id": 5379, "event_name": "Other Event", "provider": "Microsoft-Windows-Security-Auditing", "provider_guid": "{54849625-5478-4994-a5ba-3e3b0328c30d}", "level": "0", "task": "13824", "opcode": "0", "computer": "LAPTOP-1AMOMQ06", "record_id": 590044, "username": "Sreeram CK", "domain": "LAPTOP-1AMOMQ06", "logon_type": null, "authentication_package": null, "logon_process": null, "source_ip": null, "source_port": null, "workstation": null, "process_id": null, "process_name": null, "parent_process": null, "command_line": null, "event_data": {"SubjectUserSid": "S-1-5-21-2968253474-1415708722-1289182978-1001", "SubjectUserName": "Sreeram CK", "SubjectDomainName": "LAPTOP-1AMOMQ06", "SubjectLogonId": "0x9383bc6", "TargetName": "MicrosoftAccount:user=sreeramck6@gmail.com", "Type": "0", "CountOfCredentialsReturned": "1", "ReadOperation": "%%8100", "ReturnCode": "0", "ProcessCreationTime": "2026-08-29T07:21:50.6587335Z", "ClientProcessId": "19560"}, "collected_at": "2026-08-29T07:22:14.017175+00:00"}
{"timestamp": "2026-08-29T07:22:12.0857952Z", "log_name": "Security", "event_id": 5379, "event_name": "Other Event", "provider": "Microsoft-Windows-Security-Auditing", "provider_guid": "{54849625-5478-4994-a5ba-3e3b0328c30d}", "level": "0", "task": "13824", "opcode": "0", "computer": "LAPTOP-1AMOMQ06", "record_id": 590043, "username": "Sreeram CK", "domain": "LAPTOP-1AMOMQ06", "logon_type": null, "authentication_package": null, "logon_process": null, "source_ip": null, "source_port": null, "workstation": null, "process_id": null, "process_name": null, "parent_process": null, "command_line": null, "event_data": {"SubjectUserSid": "S-1-5-21-2968253474-1415708722-1289182978-1001", "SubjectUserName": "Sreeram CK", "SubjectDomainName": "LAPTOP-1AMOMQ06", "SubjectLogonId": "0x9383bc6", "TargetName": "MicrosoftAccount:user=sreeramck6@gmail.com", "Type": "0", "CountOfCredentialsReturned": "1", "ReadOperation": "%%8100", "ReturnCode": "0", "ProcessCreationTime": "2026-08-29T07:21:50.6587335Z", "ClientProcessId": "19560"}, "collected_at": "2026-08-29T07:22:14.017195+00:00"}
{"timestamp": "2026-08-29T07:22:12.0855118Z", "log_name": "Security", "event_id": 5379, "event_name": "Other Event", "provider": "Microsoft-Windows-Security-Auditing", "provider_guid": "{54849625-5478-4994-a5ba-3e3b0328c30d}", "level": "0", "task": "13824", "opcode": "0", "computer": "LAPTOP-1AMOMQ06", "record_id": 590042, "username": "Sreeram CK", "domain": "LAPTOP-1AMOMQ06", "logon_type": null, "authentication_package": null, "logon_process": null, "source_ip": null, "source_port": null, "workstation": null, "process_id": null, "process_name": null, "parent_process": null, "command_line": null, "event_data": {"SubjectUserSid": "S-1-5-21-2968253474-1415708722-1289182978-1001", "SubjectUserName": "Sreeram CK", "SubjectDomainName": "LAPTOP-1AMOMQ06", "SubjectLogonId": "0x9383bc6", "TargetName": "MicrosoftAccount:user=sreeramck6@gmail.com", "Type": "0", "CountOfCredentialsReturned": "1", "ReadOperation": "%%8100", "ReturnCode": "0", "ProcessCreationTime": "2026-08-29T07:21:50.6587335Z", "ClientProcessId": "19560"}, "collected_at": "2026-08-29T07:22:14.017213+00:00"}
{"timestamp": "2026-08-29T07:22:12.0852952Z", "log_name": "Security", "event_id": 5379, "event_name": "Other Event", "provider": "Microsoft-Windows-Security-Auditing", "provider_guid": "{54849625-5478-4994-a5ba-3e3b0328c30d}", "level": "0", "task": "13824", "opcode": "0", "computer": "LAPTOP-1AMOMQ06", "record_id": 590041, "username": "Sreeram CK", "domain": "LAPTOP-1AMOMQ06", "logon_type": null, "authentication_package": null, "logon_process": null, "source_ip": null, "source_port": null, "workstation": null, "process_id": null, "process_name": null, "parent_process": null, "command_line": null, "event_data": {"SubjectUserSid": "S-1-5-21-2968253474-1415708722-1289182978-1001", "SubjectUserName": "Sreeram CK", "SubjectDomainName": "LAPTOP-1AMOMQ06", "SubjectLogonId": "0x9383bc6", "TargetName": "MicrosoftAccount:user=sreeramck6@gmail.com", "Type": "0", "CountOfCredentialsReturned": "1", "ReadOperation": "%%8100", "ReturnCode": "0", "ProcessCreationTime": "2026-08-29T07:21:50.6587335Z", "ClientProcessId": "19560"}, "collected_at": "2026-08-29T07:22:14.017232+00:00"}
{"timestamp": "2026-08-29T07:22:12.0849076Z", "log_name": "Security", "event_id": 5379, "event_name": "Other Event", "provider": "Microsoft-Windows-Security-Auditing", "provider_guid": "{54849625-5478-4994-a5ba-3e3b0328c30d}", "level": "0", "task": "13824", "opcode": "0", "computer": "LAPTOP-1AMOMQ06", "record_id": 590040, "username": "Sreeram CK", "domain": "LAPTOP-1AMOMQ06", "logon_type": null, "authentication_package": null, "logon_process": null, "source_ip": null, "source_port": null, "workstation": null, "process_id": null, "process_name": null, "parent_process": null, "command_line": null, "event_data": {"SubjectUserSid": "S-1-5-21-2968253474-1415708722-1289182978-1001", "SubjectUserName": "Sreeram CK", "SubjectDomainName": "LAPTOP-1AMOMQ06", "SubjectLogonId": "0x9383bc6", "TargetName": "MicrosoftAccount:user=sreeramck6@gmail.com", "Type": "0", "CountOfCredentialsReturned": "1", "ReadOperation": "%%8100", "ReturnCode": "0", "ProcessCreationTime": "2026-08-29T07:21:50.6587335Z", "ClientProcessId": "19560"}, "collected_at": "2026-08-29T07:22:14.017252+00:00"}
{"timestamp": "2026-08-29T07:22:12.0846778Z", "log_name": "Security", "event_id": 5379, "event_name": "Other Event", "provider": "Microsoft-Windows-Security-Auditing", "provider_guid": "{54849625-5478-4994-a5ba-3e3b0328c30d}", "level": "0", "task": "13824", "opcode": "0", "computer": "LAPTOP-1AMOMQ06", "record_id": 590039, "username": "Sreeram CK", "domain": "LAPTOP-1AMOMQ06", "logon_type": null, "authentication_package": null, "logon_process": null, "source_ip": null, "source_port": null, "workstation": null, "process_id": null, "process_name": null, "parent_process": null, "command_line": null, "event_data": {"SubjectUserSid": "S-1-5-21-2968253474-1415708722-1289182978-1001", "SubjectUserName": "Sreeram CK", "SubjectDomainName": "LAPTOP-1AMOMQ06", "SubjectLogonId": "0x9383bc6", "TargetName": "MicrosoftAccount:user=sreeramck6@gmail.com", "Type": "0", "CountOfCredentialsReturned": "1", "ReadOperation": "%%8100", "ReturnCode": "0", "ProcessCreationTime": "2026-08-29T07:21:50.6587335Z", "ClientProcessId": "19560"}, "collected_at": "2026-08-29T07:22:14.017271+00:00"}
{"timestamp": "2026-08-29T07:22:21.0058088Z", "log_name": "Security", "event_id": 4798, "event_name": "Other Event", "provider": "Microsoft-Windows-Security-Auditing", "provider_guid": "{54849625-5478-4994-a5ba-3e3b0328c30d}", "level": "0", "task": "13824", "opcode": "0", "computer": "LAPTOP-1AMOMQ06", "record_id": 590091, "username": "Sreeram CK", "domain": "LAPTOP-1AMOMQ06", "logon_type": null, "authentication_package": null, "logon_process": null, "source_ip": null, "source_port": null, "workstation": null, "process_id": null, "process_name": null, "parent_process": null, "command_line": null, "event_data": {"TargetUserName": "Sreeram CK", "TargetDomainName": "LAPTOP-1AMOMQ06", "TargetSid": "S-1-5-21-2968253474-1415708722-1289182978-1001", "SubjectUserSid": "S-1-5-18", "SubjectUserName": "LAPTOP-1AMOMQ06$", "SubjectDomainName": "WORKGROUP", "SubjectLogonId": "0x3e7", "CallerProcessId": "0x3d9c", "CallerProcessName": "C:\\Windows\\System32\\LogonUI.exe"}, "collected_at": "2026-08-29T07:22:24.117197+00:00"}
{"timestamp": "2026-08-29T07:22:20.6512317Z", "log_name": "Security", "event_id": 4672, "event_name": "Special Privileges Assigned", "provider": "Microsoft-Windows-Security-Auditing", "provider_guid": "{54849625-5478-4994-a5ba-3e3b0328c30d}", "level": "0", "task": "12548", "opcode": "0", "computer": "LAPTOP-1AMOMQ06", "record_id": 590090, "username": "SYSTEM", "domain": "NT AUTHORITY", "logon_type": null, "authentication_package": null, "logon_process": null, "source_ip": null, "source_port": null, "workstation": null, "process_id": null, "process_name": null, "parent_process": null, "command_line": null, "event_data": {"SubjectUserSid": "S-1-5-18", "SubjectUserName": "SYSTEM", "SubjectDomainName": "NT AUTHORITY", "SubjectLogonId": "0x3e7", "PrivilegeList": "SeAssignPrimaryTokenPrivilege\n\t\t\tSeTcbPrivilege\n\t\t\tSeSecurityPrivilege\n\t\t\tSeTakeOwnershipPrivilege\n\t\t\tSeLoadDriverPrivilege\n\t\t\tSeBackupPrivilege\n\t\t\tSeRestorePrivilege\n\t\t\tSeDebugPrivilege\n\t\t\tSeAuditPrivilege\n\t\t\tSeSystemEnvironmentPrivilege\n\t\t\tSeImpersonatePrivilege\n\t\t\tSeDelegateSessionUserImpersonatePrivilege"}, "collected_at": "2026-08-29T07:22:24.117229+00:00"}
{"timestamp": "2026-08-29T07:22:20.6512231Z", "log_name": "Security", "event_id": 4624, "event_name": "Successful Logon", "provider": "Microsoft-Windows-Security-Auditing", "provider_guid": "{54849625-5478-4994-a5ba-3e3b0328c30d}", "level": "0", "task": "12544", "opcode": "0", "computer": "LAPTOP-1AMOMQ06", "record_id": 590089, "username": "SYSTEM", "domain": "NT AUTHORITY", "logon_type": 5, "authentication_package": "Negotiate", "logon_process": "Advapi  ", "source_ip": null, "source_port": null, "workstation": null, "process_id": "0x49c", "process_name": "C:\\Windows\\System32\\services.exe", "parent_process": null, "command_line": null, "event_data": {"SubjectUserSid": "S-1-5-18", "SubjectUserName": "LAPTOP-1AMOMQ06$", "SubjectDomainName": "WORKGROUP", "SubjectLogonId": "0x3e7", "TargetUserSid": "S-1-5-18", "TargetUserName": "SYSTEM", "TargetDomainName": "NT AUTHORITY", "TargetLogonId": "0x3e7", "LogonType": "5", "LogonProcessName": "Advapi  ", "AuthenticationPackageName": "Negotiate", "WorkstationName": "-", "LogonGuid": "{00000000-0000-0000-0000-000000000000}", "TransmittedServices": "-", "LmPackageName": "-", "KeyLength": "0", "ProcessId": "0x49c", "ProcessName": "C:\\Windows\\System32\\services.exe", "IpAddress": "-", "IpPort": "-", "ImpersonationLevel": "%%1833", "RestrictedAdminMode": "-", "RemoteCredentialGuard": "-", "TargetOutboundUserName": "-", "TargetOutboundDomainName": "-", "VirtualAccount": "%%1843", "TargetLinkedLogonId": "0x0", "ElevatedToken": "%%1842"}, "collected_at": "2026-08-29T07:22:24.117255+00:00"}
{"timestamp": "2026-08-29T07:22:25.6888660Z", "log_name": "Security", "event_id": 4625, "event_name": "Failed Logon", "provider": "Microsoft-Windows-Security-Auditing", "provider_guid": "{54849625-5478-4994-a5ba-3e3b0328c30d}", "level": "0", "task": "12544", "opcode": "0", "computer": "LAPTOP-1AMOMQ06", "record_id": 590092, "username": "Sreeram CK", "domain": "LAPTOP-1AMOMQ06", "logon_type": 2, "authentication_package": "Negotiate", "logon_process": "User32 ", "source_ip": "127.0.0.1", "source_port": 0, "workstation": "LAPTOP-1AMOMQ06", "process_id": "0x9d4", "process_name": "C:\\Windows\\System32\\svchost.exe", "parent_process": null, "command_line": null, "event_data": {"SubjectUserSid": "S-1-5-18", "SubjectUserName": "LAPTOP-1AMOMQ06$", "SubjectDomainName": "WORKGROUP", "SubjectLogonId": "0x3e7", "TargetUserSid": "S-1-0-0", "TargetUserName": "Sreeram CK", "TargetDomainName": "LAPTOP-1AMOMQ06", "Status": "0xc000006d", "FailureReason": "%%2313", "SubStatus": "0xc000006a", "LogonType": "2", "LogonProcessName": "User32 ", "AuthenticationPackageName": "Negotiate", "WorkstationName": "LAPTOP-1AMOMQ06", "TransmittedServices": "-", "LmPackageName": "-", "KeyLength": "0", "ProcessId": "0x9d4", "ProcessName": "C:\\Windows\\System32\\svchost.exe", "IpAddress": "127.0.0.1", "IpPort": "0"}, "collected_at": "2026-08-29T07:22:29.160368+00:00"}
{"timestamp": "2026-08-29T07:22:25.6606078Z", "log_name": "System", "event_id": 17, "event_name": "Other Event", "provider": "TPM", "provider_guid": "{1b6b0772-251b-4d42-917d-faca166bc059}", "level": "4", "task": "0", "opcode": "0", "computer": "LAPTOP-1AMOMQ06", "record_id": 19706, "username": null, "domain": null, "logon_type": null, "authentication_package": null, "logon_process": null, "source_ip": null, "source_port": null, "workstation": null, "process_id": null, "process_name": null, "parent_process": null, "command_line": null, "event_data": {"driverFile": "0x1e", "lineNumber": "923", "TpmCommandOrdinal": "350", "TpmResponseCode": "2446"}, "collected_at": "2026-08-29T07:22:29.180711+00:00"}
{"timestamp": "2026-08-29T07:22:28.8951698Z", "log_name": "Security", "event_id": 4625, "event_name": "Failed Logon", "provider": "Microsoft-Windows-Security-Auditing", "provider_guid": "{54849625-5478-4994-a5ba-3e3b0328c30d}", "level": "0", "task": "12544", "opcode": "0", "computer": "LAPTOP-1AMOMQ06", "record_id": 590093, "username": "Sreeram CK", "domain": "LAPTOP-1AMOMQ06", "logon_type": 2, "authentication_package": "Negotiate", "logon_process": "User32 ", "source_ip": "127.0.0.1", "source_port": 0, "workstation": "LAPTOP-1AMOMQ06", "process_id": "0x9d4", "process_name": "C:\\Windows\\System32\\svchost.exe", "parent_process": null, "command_line": null, "event_data": {"SubjectUserSid": "S-1-5-18", "SubjectUserName": "LAPTOP-1AMOMQ06$", "SubjectDomainName": "WORKGROUP", "SubjectLogonId": "0x3e7", "TargetUserSid": "S-1-0-0", "TargetUserName": "Sreeram CK", "TargetDomainName": "LAPTOP-1AMOMQ06", "Status": "0xc000006d", "FailureReason": "%%2313", "SubStatus": "0xc000006a", "LogonType": "2", "LogonProcessName": "User32 ", "AuthenticationPackageName": "Negotiate", "WorkstationName": "LAPTOP-1AMOMQ06", "TransmittedServices": "-", "LmPackageName": "-", "KeyLength": "0", "ProcessId": "0x9d4", "ProcessName": "C:\\Windows\\System32\\svchost.exe", "IpAddress": "127.0.0.1", "IpPort": "0"}, "collected_at": "2026-08-29T07:22:34.203341+00:00"}
{"timestamp": "2026-08-29T07:22:28.8739080Z", "log_name": "System", "event_id": 17, "event_name": "Other Event", "provider": "TPM", "provider_guid": "{1b6b0772-251b-4d42-917d-faca166bc059}", "level": "4", "task": "0", "opcode": "0", "computer": "LAPTOP-1AMOMQ06", "record_id": 19707, "username": null, "domain": null, "logon_type": null, "authentication_package": null, "logon_process": null, "source_ip": null, "source_port": null, "workstation": null, "process_id": null, "process_name": null, "parent_process": null, "command_line": null, "event_data": {"driverFile": "0x1e", "lineNumber": "923", "TpmCommandOrdinal": "350", "TpmResponseCode": "2446"}, "collected_at": "2026-08-29T07:22:34.221763+00:00"}
{"timestamp": "2026-08-29T07:22:33.2274570Z", "log_name": "Security", "event_id": 4634, "event_name": "Logoff", "provider": "Microsoft-Windows-Security-Auditing", "provider_guid": "{54849625-5478-4994-a5ba-3e3b0328c30d}", "level": "0", "task": "12545", "opcode": "0", "computer": "LAPTOP-1AMOMQ06", "record_id": 590100, "username": "Sreeram CK", "domain": "LAPTOP-1AMOMQ06", "logon_type": 2, "authentication_package": null, "logon_process": null, "source_ip": null, "source_port": null, "workstation": null, "process_id": null, "process_name": null, "parent_process": null, "command_line": null, "event_data": {"TargetUserSid": "S-1-5-21-2968253474-1415708722-1289182978-1001", "TargetUserName": "Sreeram CK", "TargetDomainName": "LAPTOP-1AMOMQ06", "TargetLogonId": "0xa18ac4b", "LogonType": "2"}, "collected_at": "2026-08-29T07:22:39.249550+00:00"}
{"timestamp": "2026-08-29T07:22:33.2186612Z", "log_name": "Security", "event_id": 4634, "event_name": "Logoff", "provider": "Microsoft-Windows-Security-Auditing", "provider_guid": "{54849625-5478-4994-a5ba-3e3b0328c30d}", "level": "0", "task": "12545", "opcode": "0", "computer": "LAPTOP-1AMOMQ06", "record_id": 590099, "username": "Sreeram CK", "domain": "LAPTOP-1AMOMQ06", "logon_type": 2, "authentication_package": null, "logon_process": null, "source_ip": null, "source_port": null, "workstation": null, "process_id": null, "process_name": null, "parent_process": null, "command_line": null, "event_data": {"TargetUserSid": "S-1-5-21-2968253474-1415708722-1289182978-1001", "TargetUserName": "Sreeram CK", "TargetDomainName": "LAPTOP-1AMOMQ06", "TargetLogonId": "0xa18ac83", "LogonType": "2"}, "collected_at": "2026-08-29T07:22:39.249637+00:00"}
{"timestamp": "2026-08-29T07:22:33.2172893Z", "log_name": "Security", "event_id": 4672, "event_name": "Special Privileges Assigned", "provider": "Microsoft-Windows-Security-Auditing", "provider_guid": "{54849625-5478-4994-a5ba-3e3b0328c30d}", "level": "0", "task": "12548", "opcode": "0", "computer": "LAPTOP-1AMOMQ06", "record_id": 590098, "username": "Sreeram CK", "domain": "LAPTOP-1AMOMQ06", "logon_type": null, "authentication_package": null, "logon_process": null, "source_ip": null, "source_port": null, "workstation": null, "process_id": null, "process_name": null, "parent_process": null, "command_line": null, "event_data": {"SubjectUserSid": "S-1-5-21-2968253474-1415708722-1289182978-1001", "SubjectUserName": "Sreeram CK", "SubjectDomainName": "LAPTOP-1AMOMQ06", "SubjectLogonId": "0xa18ac4b", "PrivilegeList": "SeSecurityPrivilege\n\t\t\tSeTakeOwnershipPrivilege\n\t\t\tSeLoadDriverPrivilege\n\t\t\tSeBackupPrivilege\n\t\t\tSeRestorePrivilege\n\t\t\tSeDebugPrivilege\n\t\t\tSeSystemEnvironmentPrivilege\n\t\t\tSeImpersonatePrivilege\n\t\t\tSeDelegateSessionUserImpersonatePrivilege"}, "collected_at": "2026-08-29T07:22:39.249690+00:00"}
{"timestamp": "2026-08-29T07:22:33.2172855Z", "log_name": "Security", "event_id": 4624, "event_name": "Successful Logon", "provider": "Microsoft-Windows-Security-Auditing", "provider_guid": "{54849625-5478-4994-a5ba-3e3b0328c30d}", "level": "0", "task": "12544", "opcode": "0", "computer": "LAPTOP-1AMOMQ06", "record_id": 590097, "username": "Sreeram CK", "domain": "LAPTOP-1AMOMQ06", "logon_type": 2, "authentication_package": "Negotiate", "logon_process": "User32 ", "source_ip": "127.0.0.1", "source_port": 0, "workstation": "LAPTOP-1AMOMQ06", "process_id": "0x9d4", "process_name": "C:\\Windows\\System32\\svchost.exe", "parent_process": null, "command_line": null, "event_data": {"SubjectUserSid": "S-1-5-18", "SubjectUserName": "LAPTOP-1AMOMQ06$", "SubjectDomainName": "WORKGROUP", "SubjectLogonId": "0x3e7", "TargetUserSid": "S-1-5-21-2968253474-1415708722-1289182978-1001", "TargetUserName": "Sreeram CK", "TargetDomainName": "LAPTOP-1AMOMQ06", "TargetLogonId": "0xa18ac83", "LogonType": "2", "LogonProcessName": "User32 ", "AuthenticationPackageName": "Negotiate", "WorkstationName": "LAPTOP-1AMOMQ06", "LogonGuid": "{00000000-0000-0000-0000-000000000000}", "TransmittedServices": "-", "LmPackageName": "-", "KeyLength": "0", "ProcessId": "0x9d4", "ProcessName": "C:\\Windows\\System32\\svchost.exe", "IpAddress": "127.0.0.1", "IpPort": "0", "ImpersonationLevel": "%%1833", "RestrictedAdminMode": "-", "RemoteCredentialGuard": "-", "TargetOutboundUserName": "-", "TargetOutboundDomainName": "-", "VirtualAccount": "%%1843", "TargetLinkedLogonId": "0xa18ac4b", "ElevatedToken": "%%1843"}, "collected_at": "2026-08-29T07:22:39.249764+00:00"}
{"timestamp": "2026-08-29T07:22:33.2172779Z", "log_name": "Security", "event_id": 4624, "event_name": "Successful Logon", "provider": "Microsoft-Windows-Security-Auditing", "provider_guid": "{54849625-5478-4994-a5ba-3e3b0328c30d}", "level": "0", "task": "12544", "opcode": "0", "computer": "LAPTOP-1AMOMQ06", "record_id": 590096, "username": "Sreeram CK", "domain": "LAPTOP-1AMOMQ06", "logon_type": 2, "authentication_package": "Negotiate", "logon_process": "User32 ", "source_ip": "127.0.0.1", "source_port": 0, "workstation": "LAPTOP-1AMOMQ06", "process_id": "0x9d4", "process_name": "C:\\Windows\\System32\\svchost.exe", "parent_process": null, "command_line": null, "event_data": {"SubjectUserSid": "S-1-5-18", "SubjectUserName": "LAPTOP-1AMOMQ06$", "SubjectDomainName": "WORKGROUP", "SubjectLogonId": "0x3e7", "TargetUserSid": "S-1-5-21-2968253474-1415708722-1289182978-1001", "TargetUserName": "Sreeram CK", "TargetDomainName": "LAPTOP-1AMOMQ06", "TargetLogonId": "0xa18ac4b", "LogonType": "2", "LogonProcessName": "User32 ", "AuthenticationPackageName": "Negotiate", "WorkstationName": "LAPTOP-1AMOMQ06", "LogonGuid": "{00000000-0000-0000-0000-000000000000}", "TransmittedServices": "-", "LmPackageName": "-", "KeyLength": "0", "ProcessId": "0x9d4", "ProcessName": "C:\\Windows\\System32\\svchost.exe", "IpAddress": "127.0.0.1", "IpPort": "0", "ImpersonationLevel": "%%1833", "RestrictedAdminMode": "-", "RemoteCredentialGuard": "-", "TargetOutboundUserName": "-", "TargetOutboundDomainName": "-", "VirtualAccount": "%%1843", "TargetLinkedLogonId": "0xa18ac83", "ElevatedToken": "%%1842"}, "collected_at": "2026-08-29T07:22:39.249827+00:00"}
{"timestamp": "2026-08-29T07:22:33.2172675Z", "log_name": "Security", "event_id": 4648, "event_name": "Other Event", "provider": "Microsoft-Windows-Security-Auditing", "provider_guid": "{54849625-5478-4994-a5ba-3e3b0328c30d}", "level": "0", "task": "12544", "opcode": "0", "computer": "LAPTOP-1AMOMQ06", "record_id": 590095, "username": "Sreeram CK", "domain": "LAPTOP-1AMOMQ06", "logon_type": null, "authentication_package": null, "logon_process": null, "source_ip": "127.0.0.1", "source_port": 0, "workstation": null, "process_id": "0x9d4", "process_name": "C:\\Windows\\System32\\svchost.exe", "parent_process": null, "command_line": null, "event_data": {"SubjectUserSid": "S-1-5-18", "SubjectUserName": "LAPTOP-1AMOMQ06$", "SubjectDomainName": "WORKGROUP", "SubjectLogonId": "0x3e7", "LogonGuid": "{00000000-0000-0000-0000-000000000000}", "TargetUserName": "Sreeram CK", "TargetDomainName": "LAPTOP-1AMOMQ06", "TargetLogonGuid": "{00000000-0000-0000-0000-000000000000}", "TargetServerName": "localhost", "TargetInfo": "localhost", "ProcessId": "0x9d4", "ProcessName": "C:\\Windows\\System32\\svchost.exe", "IpAddress": "127.0.0.1", "IpPort": "0"}, "collected_at": "2026-08-29T07:22:39.249872+00:00"}
{"timestamp": "2026-08-29T07:22:33.2063161Z", "log_name": "Security", "event_id": 4798, "event_name": "Other Event", "provider": "Microsoft-Windows-Security-Auditing", "provider_guid": "{54849625-5478-4994-a5ba-3e3b0328c30d}", "level": "0", "task": "13824", "opcode": "0", "computer": "LAPTOP-1AMOMQ06", "record_id": 590094, "username": "Sreeram CK", "domain": "LAPTOP-1AMOMQ06", "logon_type": null, "authentication_package": null, "logon_process": null, "source_ip": null, "source_port": null, "workstation": null, "process_id": null, "process_name": null, "parent_process": null, "command_line": null, "event_data": {"TargetUserName": "Sreeram CK", "TargetDomainName": "LAPTOP-1AMOMQ06", "TargetSid": "S-1-5-21-2968253474-1415708722-1289182978-1001", "SubjectUserSid": "S-1-5-18", "SubjectUserName": "LAPTOP-1AMOMQ06$", "SubjectDomainName": "WORKGROUP", "SubjectLogonId": "0x3e7", "CallerProcessId": "0x4d0", "CallerProcessName": "C:\\Windows\\System32\\lsass.exe"}, "collected_at": "2026-08-29T07:22:39.249935+00:00"}
{"timestamp": "2026-08-29T15:30:58.2993720Z", "log_name": "Security", "event_id": 4798, "event_name": "Other Event", "provider": "Microsoft-Windows-Security-Auditing", "provider_guid": "{54849625-5478-4994-a5ba-3e3b0328c30d}", "level": "0", "task": "13824", "opcode": "0", "computer": "LAPTOP-1AMOMQ06", "record_id": 593011, "username": "Sreeram CK", "domain": "LAPTOP-1AMOMQ06", "logon_type": null, "authentication_package": null, "logon_process": null, "source_ip": null, "source_port": null, "workstation": null, "process_id": null, "process_name": null, "parent_process": null, "command_line": null, "event_data": {"TargetUserName": "Sreeram CK", "TargetDomainName": "LAPTOP-1AMOMQ06", "TargetSid": "S-1-5-21-2968253474-1415708722-1289182978-1001", "SubjectUserSid": "S-1-5-18", "SubjectUserName": "LAPTOP-1AMOMQ06$", "SubjectDomainName": "WORKGROUP", "SubjectLogonId": "0x3e7", "CallerProcessId": "0xdc0", "CallerProcessName": "C:\\Windows\\System32\\svchost.exe"}, "collected_at": "2026-08-29T15:31:00.390006+00:00"}
{"timestamp": "2026-08-29T15:30:58.2972209Z", "log_name": "Security", "event_id": 4798, "event_name": "Other Event", "provider": "Microsoft-Windows-Security-Auditing", "provider_guid": "{54849625-5478-4994-a5ba-3e3b0328c30d}", "level": "0", "task": "13824", "opcode": "0", "computer": "LAPTOP-1AMOMQ06", "record_id": 593010, "username": "Guest", "domain": "LAPTOP-1AMOMQ06", "logon_type": null, "authentication_package": null, "logon_process": null, "source_ip": null, "source_port": null, "workstation": null, "process_id": null, "process_name": null, "parent_process": null, "command_line": null, "event_data": {"TargetUserName": "Guest", "TargetDomainName": "LAPTOP-1AMOMQ06", "TargetSid": "S-1-5-21-2968253474-1415708722-1289182978-501", "SubjectUserSid": "S-1-5-18", "SubjectUserName": "LAPTOP-1AMOMQ06$", "SubjectDomainName": "WORKGROUP", "SubjectLogonId": "0x3e7", "CallerProcessId": "0xdc0", "CallerProcessName": "C:\\Windows\\System32\\svchost.exe"}, "collected_at": "2026-08-29T15:31:00.390311+00:00"}
{"timestamp": "2026-08-29T15:30:58.2952085Z", "log_name": "Security", "event_id": 4798, "event_name": "Other Event", "provider": "Microsoft-Windows-Security-Auditing", "provider_guid": "{54849625-5478-4994-a5ba-3e3b0328c30d}", "level": "0", "task": "13824", "opcode": "0", "computer": "LAPTOP-1AMOMQ06", "record_id": 593009, "username": "DefaultAccount", "domain": "LAPTOP-1AMOMQ06", "logon_type": null, "authentication_package": null, "logon_process": null, "source_ip": null, "source_port": null, "workstation": null, "process_id": null, "process_name": null, "parent_process": null, "command_line": null, "event_data": {"TargetUserName": "DefaultAccount", "TargetDomainName": "LAPTOP-1AMOMQ06", "TargetSid": "S-1-5-21-2968253474-1415708722-1289182978-503", "SubjectUserSid": "S-1-5-18", "SubjectUserName": "LAPTOP-1AMOMQ06$", "SubjectDomainName": "WORKGROUP", "SubjectLogonId": "0x3e7", "CallerProcessId": "0xdc0", "CallerProcessName": "C:\\Windows\\System32\\svchost.exe"}, "collected_at": "2026-08-29T15:31:00.390398+00:00"}
{"timestamp": "2026-08-29T15:30:58.2932124Z", "log_name": "Security", "event_id": 4798, "event_name": "Other Event", "provider": "Microsoft-Windows-Security-Auditing", "provider_guid": "{54849625-5478-4994-a5ba-3e3b0328c30d}", "level": "0", "task": "13824", "opcode": "0", "computer": "LAPTOP-1AMOMQ06", "record_id": 593008, "username": "Administrator", "domain": "LAPTOP-1AMOMQ06", "logon_type": null, "authentication_package": null, "logon_process": null, "source_ip": null, "source_port": null, "workstation": null, "process_id": null, "process_name": null, "parent_process": null, "command_line": null, "event_data": {"TargetUserName": "Administrator", "TargetDomainName": "LAPTOP-1AMOMQ06", "TargetSid": "S-1-5-21-2968253474-1415708722-1289182978-500", "SubjectUserSid": "S-1-5-18", "SubjectUserName": "LAPTOP-1AMOMQ06$", "SubjectDomainName": "WORKGROUP", "SubjectLogonId": "0x3e7", "CallerProcessId": "0xdc0", "CallerProcessName": "C:\\Windows\\System32\\svchost.exe"}, "collected_at": "2026-08-29T15:31:00.390464+00:00"}
{"timestamp": "2026-08-29T15:30:58.2827811Z", "log_name": "Security", "event_id": 4798, "event_name": "Other Event", "provider": "Microsoft-Windows-Security-Auditing", "provider_guid": "{54849625-5478-4994-a5ba-3e3b0328c30d}", "level": "0", "task": "13824", "opcode": "0", "computer": "LAPTOP-1AMOMQ06", "record_id": 593007, "username": "Sreeram CK", "domain": "LAPTOP-1AMOMQ06", "logon_type": null, "authentication_package": null, "logon_process": null, "source_ip": null, "source_port": null, "workstation": null, "process_id": null, "process_name": null, "parent_process": null, "command_line": null, "event_data": {"TargetUserName": "Sreeram CK", "TargetDomainName": "LAPTOP-1AMOMQ06", "TargetSid": "S-1-5-21-2968253474-1415708722-1289182978-1001", "SubjectUserSid": "S-1-5-18", "SubjectUserName": "LAPTOP-1AMOMQ06$", "SubjectDomainName": "WORKGROUP", "SubjectLogonId": "0x3e7", "CallerProcessId": "0xdc0", "CallerProcessName": "C:\\Windows\\System32\\svchost.exe"}, "collected_at": "2026-08-29T15:31:00.390512+00:00"}
{"timestamp": "2026-08-29T15:30:58.2800516Z", "log_name": "Security", "event_id": 4798, "event_name": "Other Event", "provider": "Microsoft-Windows-Security-Auditing", "provider_guid": "{54849625-5478-4994-a5ba-3e3b0328c30d}", "level": "0", "task": "13824", "opcode": "0", "computer": "LAPTOP-1AMOMQ06", "record_id": 593006, "username": "Guest", "domain": "LAPTOP-1AMOMQ06", "logon_type": null, "authentication_package": null, "logon_process": null, "source_ip": null, "source_port": null, "workstation": null, "process_id": null, "process_name": null, "parent_process": null, "command_line": null, "event_data": {"TargetUserName": "Guest", "TargetDomainName": "LAPTOP-1AMOMQ06", "TargetSid": "S-1-5-21-2968253474-1415708722-1289182978-501", "SubjectUserSid": "S-1-5-18", "SubjectUserName": "LAPTOP-1AMOMQ06$", "SubjectDomainName": "WORKGROUP", "SubjectLogonId": "0x3e7", "CallerProcessId": "0xdc0", "CallerProcessName": "C:\\Windows\\System32\\svchost.exe"}, "collected_at": "2026-08-29T15:31:00.390571+00:00"}
{"timestamp": "2026-08-29T15:30:58.2779349Z", "log_name": "Security", "event_id": 4798, "event_name": "Other Event", "provider": "Microsoft-Windows-Security-Auditing", "provider_guid": "{54849625-5478-4994-a5ba-3e3b0328c30d}", "level": "0", "task": "13824", "opcode": "0", "computer": "LAPTOP-1AMOMQ06", "record_id": 593005, "username": "DefaultAccount", "domain": "LAPTOP-1AMOMQ06", "logon_type": null, "authentication_package": null, "logon_process": null, "source_ip": null, "source_port": null, "workstation": null, "process_id": null, "process_name": null, "parent_process": null, "command_line": null, "event_data": {"TargetUserName": "DefaultAccount", "TargetDomainName": "LAPTOP-1AMOMQ06", "TargetSid": "S-1-5-21-2968253474-1415708722-1289182978-503", "SubjectUserSid": "S-1-5-18", "SubjectUserName": "LAPTOP-1AMOMQ06$", "SubjectDomainName": "WORKGROUP", "SubjectLogonId": "0x3e7", "CallerProcessId": "0xdc0", "CallerProcessName": "C:\\Windows\\System32\\svchost.exe"}, "collected_at": "2026-08-29T15:31:00.390617+00:00"}
{"timestamp": "2026-08-29T15:30:58.2741875Z", "log_name": "Security", "event_id": 4798, "event_name": "Other Event", "provider": "Microsoft-Windows-Security-Auditing", "provider_guid": "{54849625-5478-4994-a5ba-3e3b0328c30d}", "level": "0", "task": "13824", "opcode": "0", "computer": "LAPTOP-1AMOMQ06", "record_id": 593004, "username": "Administrator", "domain": "LAPTOP-1AMOMQ06", "logon_type": null, "authentication_package": null, "logon_process": null, "source_ip": null, "source_port": null, "workstation": null, "process_id": null, "process_name": null, "parent_process": null, "command_line": null, "event_data": {"TargetUserName": "Administrator", "TargetDomainName": "LAPTOP-1AMOMQ06", "TargetSid": "S-1-5-21-2968253474-1415708722-1289182978-500", "SubjectUserSid": "S-1-5-18", "SubjectUserName": "LAPTOP-1AMOMQ06$", "SubjectDomainName": "WORKGROUP", "SubjectLogonId": "0x3e7", "CallerProcessId": "0xdc0", "CallerProcessName": "C:\\Windows\\System32\\svchost.exe"}, "collected_at": "2026-08-29T15:31:00.390661+00:00"}
{"timestamp": "2026-08-29T15:31:03.1415168Z", "log_name": "Security", "event_id": 4798, "event_name": "Other Event", "provider": "Microsoft-Windows-Security-Auditing", "provider_guid": "{54849625-5478-4994-a5ba-3e3b0328c30d}", "level": "0", "task": "13824", "opcode": "0", "computer": "LAPTOP-1AMOMQ06", "record_id": 593030, "username": "Sreeram CK", "domain": "LAPTOP-1AMOMQ06", "logon_type": null, "authentication_package": null, "logon_process": null, "source_ip": null, "source_port": null, "workstation": null, "process_id": null, "process_name": null, "parent_process": null, "command_line": null, "event_data": {"TargetUserName": "Sreeram CK", "TargetDomainName": "LAPTOP-1AMOMQ06", "TargetSid": "S-1-5-21-2968253474-1415708722-1289182978-1001", "SubjectUserSid": "S-1-5-18", "SubjectUserName": "LAPTOP-1AMOMQ06$", "SubjectDomainName": "WORKGROUP", "SubjectLogonId": "0x3e7", "CallerProcessId": "0xdc0", "CallerProcessName": "C:\\Windows\\System32\\svchost.exe"}, "collected_at": "2026-08-29T15:31:05.482190+00:00"}
{"timestamp": "2026-08-29T15:31:03.1400829Z", "log_name": "Security", "event_id": 4798, "event_name": "Other Event", "provider": "Microsoft-Windows-Security-Auditing", "provider_guid": "{54849625-5478-4994-a5ba-3e3b0328c30d}", "level": "0", "task": "13824", "opcode": "0", "computer": "LAPTOP-1AMOMQ06", "record_id": 593029, "username": "Guest", "domain": "LAPTOP-1AMOMQ06", "logon_type": null, "authentication_package": null, "logon_process": null, "source_ip": null, "source_port": null, "workstation": null, "process_id": null, "process_name": null, "parent_process": null, "command_line": null, "event_data": {"TargetUserName": "Guest", "TargetDomainName": "LAPTOP-1AMOMQ06", "TargetSid": "S-1-5-21-2968253474-1415708722-1289182978-501", "SubjectUserSid": "S-1-5-18", "SubjectUserName": "LAPTOP-1AMOMQ06$", "SubjectDomainName": "WORKGROUP", "SubjectLogonId": "0x3e7", "CallerProcessId": "0xdc0", "CallerProcessName": "C:\\Windows\\System32\\svchost.exe"}, "collected_at": "2026-08-29T15:31:05.482258+00:00"}
{"timestamp": "2026-08-29T15:31:03.1389012Z", "log_name": "Security", "event_id": 4798, "event_name": "Other Event", "provider": "Microsoft-Windows-Security-Auditing", "provider_guid": "{54849625-5478-4994-a5ba-3e3b0328c30d}", "level": "0", "task": "13824", "opcode": "0", "computer": "LAPTOP-1AMOMQ06", "record_id": 593028, "username": "DefaultAccount", "domain": "LAPTOP-1AMOMQ06", "logon_type": null, "authentication_package": null, "logon_process": null, "source_ip": null, "source_port": null, "workstation": null, "process_id": null, "process_name": null, "parent_process": null, "command_line": null, "event_data": {"TargetUserName": "DefaultAccount", "TargetDomainName": "LAPTOP-1AMOMQ06", "TargetSid": "S-1-5-21-2968253474-1415708722-1289182978-503", "SubjectUserSid": "S-1-5-18", "SubjectUserName": "LAPTOP-1AMOMQ06$", "SubjectDomainName": "WORKGROUP", "SubjectLogonId": "0x3e7", "CallerProcessId": "0xdc0", "CallerProcessName": "C:\\Windows\\System32\\svchost.exe"}, "collected_at": "2026-08-29T15:31:05.482308+00:00"}
{"timestamp": "2026-08-29T15:31:03.1376233Z", "log_name": "Security", "event_id": 4798, "event_name": "Other Event", "provider": "Microsoft-Windows-Security-Auditing", "provider_guid": "{54849625-5478-4994-a5ba-3e3b0328c30d}", "level": "0", "task": "13824", "opcode": "0", "computer": "LAPTOP-1AMOMQ06", "record_id": 593027, "username": "Administrator", "domain": "LAPTOP-1AMOMQ06", "logon_type": null, "authentication_package": null, "logon_process": null, "source_ip": null, "source_port": null, "workstation": null, "process_id": null, "process_name": null, "parent_process": null, "command_line": null, "event_data": {"TargetUserName": "Administrator", "TargetDomainName": "LAPTOP-1AMOMQ06", "TargetSid": "S-1-5-21-2968253474-1415708722-1289182978-500", "SubjectUserSid": "S-1-5-18", "SubjectUserName": "LAPTOP-1AMOMQ06$", "SubjectDomainName": "WORKGROUP", "SubjectLogonId": "0x3e7", "CallerProcessId": "0xdc0", "CallerProcessName": "C:\\Windows\\System32\\svchost.exe"}, "collected_at": "2026-08-29T15:31:05.482355+00:00"}
{"timestamp": "2026-08-29T15:31:03.1297031Z", "log_name": "Security", "event_id": 4798, "event_name": "Other Event", "provider": "Microsoft-Windows-Security-Auditing", "provider_guid": "{54849625-5478-4994-a5ba-3e3b0328c30d}", "level": "0", "task": "13824", "opcode": "0", "computer": "LAPTOP-1AMOMQ06", "record_id": 593026, "username": "Sreeram CK", "domain": "LAPTOP-1AMOMQ06", "logon_type": null, "authentication_package": null, "logon_process": null, "source_ip": null, "source_port": null, "workstation": null, "process_id": null, "process_name": null, "parent_process": null, "command_line": null, "event_data": {"TargetUserName": "Sreeram CK", "TargetDomainName": "LAPTOP-1AMOMQ06", "TargetSid": "S-1-5-21-2968253474-1415708722-1289182978-1001", "SubjectUserSid": "S-1-5-18", "SubjectUserName": "LAPTOP-1AMOMQ06$", "SubjectDomainName": "WORKGROUP", "SubjectLogonId": "0x3e7", "CallerProcessId": "0xdc0", "CallerProcessName": "C:\\Windows\\System32\\svchost.exe"}, "collected_at": "2026-08-29T15:31:05.482402+00:00"}
{"timestamp": "2026-08-29T15:31:03.1281927Z", "log_name": "Security", "event_id": 4798, "event_name": "Other Event", "provider": "Microsoft-Windows-Security-Auditing", "provider_guid": "{54849625-5478-4994-a5ba-3e3b0328c30d}", "level": "0", "task": "13824", "opcode": "0", "computer": "LAPTOP-1AMOMQ06", "record_id": 593025, "username": "Guest", "domain": "LAPTOP-1AMOMQ06", "logon_type": null, "authentication_package": null, "logon_process": null, "source_ip": null, "source_port": null, "workstation": null, "process_id": null, "process_name": null, "parent_process": null, "command_line": null, "event_data": {"TargetUserName": "Guest", "TargetDomainName": "LAPTOP-1AMOMQ06", "TargetSid": "S-1-5-21-2968253474-1415708722-1289182978-501", "SubjectUserSid": "S-1-5-18", "SubjectUserName": "LAPTOP-1AMOMQ06$", "SubjectDomainName": "WORKGROUP", "SubjectLogonId": "0x3e7", "CallerProcessId": "0xdc0", "CallerProcessName": "C:\\Windows\\System32\\svchost.exe"}, "collected_at": "2026-08-29T15:31:05.482448+00:00"}
{"timestamp": "2026-08-29T15:31:03.1269658Z", "log_name": "Security", "event_id": 4798, "event_name": "Other Event", "provider": "Microsoft-Windows-Security-Auditing", "provider_guid": "{54849625-5478-4994-a5ba-3e3b0328c30d}", "level": "0", "task": "13824", "opcode": "0", "computer": "LAPTOP-1AMOMQ06", "record_id": 593024, "username": "DefaultAccount", "domain": "LAPTOP-1AMOMQ06", "logon_type": null, "authentication_package": null, "logon_process": null, "source_ip": null, "source_port": null, "workstation": null, "process_id": null, "process_name": null, "parent_process": null, "command_line": null, "event_data": {"TargetUserName": "DefaultAccount", "TargetDomainName": "LAPTOP-1AMOMQ06", "TargetSid": "S-1-5-21-2968253474-1415708722-1289182978-503", "SubjectUserSid": "S-1-5-18", "SubjectUserName": "LAPTOP-1AMOMQ06$", "SubjectDomainName": "WORKGROUP", "SubjectLogonId": "0x3e7", "CallerProcessId": "0xdc0", "CallerProcessName": "C:\\Windows\\System32\\svchost.exe"}, "collected_at": "2026-08-29T15:31:05.482494+00:00"}
{"timestamp": "2026-08-29T15:31:03.1242422Z", "log_name": "Security", "event_id": 4798, "event_name": "Other Event", "provider": "Microsoft-Windows-Security-Auditing", "provider_guid": "{54849625-5478-4994-a5ba-3e3b0328c30d}", "level": "0", "task": "13824", "opcode": "0", "computer": "LAPTOP-1AMOMQ06", "record_id": 593023, "username": "Administrator", "domain": "LAPTOP-1AMOMQ06", "logon_type": null, "authentication_package": null, "logon_process": null, "source_ip": null, "source_port": null, "workstation": null, "process_id": null, "process_name": null, "parent_process": null, "command_line": null, "event_data": {"TargetUserName": "Administrator", "TargetDomainName": "LAPTOP-1AMOMQ06", "TargetSid": "S-1-5-21-2968253474-1415708722-1289182978-500", "SubjectUserSid": "S-1-5-18", "SubjectUserName": "LAPTOP-1AMOMQ06$", "SubjectDomainName": "WORKGROUP", "SubjectLogonId": "0x3e7", "CallerProcessId": "0xdc0", "CallerProcessName": "C:\\Windows\\System32\\svchost.exe"}, "collected_at": "2026-08-29T15:31:05.482539+00:00"}
{"timestamp": "2026-08-29T15:31:01.8384464Z", "log_name": "Security", "event_id": 4798, "event_name": "Other Event", "provider": "Microsoft-Windows-Security-Auditing", "provider_guid": "{54849625-5478-4994-a5ba-3e3b0328c30d}", "level": "0", "task": "13824", "opcode": "0", "computer": "LAPTOP-1AMOMQ06", "record_id": 593022, "username": "Sreeram CK", "domain": "LAPTOP-1AMOMQ06", "logon_type": null, "authentication_package": null, "logon_process": null, "source_ip": null, "source_port": null, "workstation": null, "process_id": null, "process_name": null, "parent_process": null, "command_line": null, "event_data": {"TargetUserName": "Sreeram CK", "TargetDomainName": "LAPTOP-1AMOMQ06", "TargetSid": "S-1-5-21-2968253474-1415708722-1289182978-1001", "SubjectUserSid": "S-1-5-18", "SubjectUserName": "LAPTOP-1AMOMQ06$", "SubjectDomainName": "WORKGROUP", "SubjectLogonId": "0x3e7", "CallerProcessId": "0xdc0", "CallerProcessName": "C:\\Windows\\System32\\svchost.exe"}, "collected_at": "2026-08-29T15:31:05.482588+00:00"}
{"timestamp": "2026-08-29T15:31:01.8374109Z", "log_name": "Security", "event_id": 4798, "event_name": "Other Event", "provider": "Microsoft-Windows-Security-Auditing", "provider_guid": "{54849625-5478-4994-a5ba-3e3b0328c30d}", "level": "0", "task": "13824", "opcode": "0", "computer": "LAPTOP-1AMOMQ06", "record_id": 593021, "username": "Guest", "domain": "LAPTOP-1AMOMQ06", "logon_type": null, "authentication_package": null, "logon_process": null, "source_ip": null, "source_port": null, "workstation": null, "process_id": null, "process_name": null, "parent_process": null, "command_line": null, "event_data": {"TargetUserName": "Guest", "TargetDomainName": "LAPTOP-1AMOMQ06", "TargetSid": "S-1-5-21-2968253474-1415708722-1289182978-501", "SubjectUserSid": "S-1-5-18", "SubjectUserName": "LAPTOP-1AMOMQ06$", "SubjectDomainName": "WORKGROUP", "SubjectLogonId": "0x3e7", "CallerProcessId": "0xdc0", "CallerProcessName": "C:\\Windows\\System32\\svchost.exe"}, "collected_at": "2026-08-29T15:31:05.482635+00:00"}
{"timestamp": "2026-08-29T15:31:01.8366962Z", "log_name": "Security", "event_id": 4798, "event_name": "Other Event", "provider": "Microsoft-Windows-Security-Auditing", "provider_guid": "{54849625-5478-4994-a5ba-3e3b0328c30d}", "level": "0", "task": "13824", "opcode": "0", "computer": "LAPTOP-1AMOMQ06", "record_id": 593020, "username": "DefaultAccount", "domain": "LAPTOP-1AMOMQ06", "logon_type": null, "authentication_package": null, "logon_process": null, "source_ip": null, "source_port": null, "workstation": null, "process_id": null, "process_name": null, "parent_process": null, "command_line": null, "event_data": {"TargetUserName": "DefaultAccount", "TargetDomainName": "LAPTOP-1AMOMQ06", "TargetSid": "S-1-5-21-2968253474-1415708722-1289182978-503", "SubjectUserSid": "S-1-5-18", "SubjectUserName": "LAPTOP-1AMOMQ06$", "SubjectDomainName": "WORKGROUP", "SubjectLogonId": "0x3e7", "CallerProcessId": "0xdc0", "CallerProcessName": "C:\\Windows\\System32\\svchost.exe"}, "collected_at": "2026-08-29T15:31:05.482681+00:00"}
{"timestamp": "2026-08-29T15:31:01.8357061Z", "log_name": "Security", "event_id": 4798, "event_name": "Other Event", "provider": "Microsoft-Windows-Security-Auditing", "provider_guid": "{54849625-5478-4994-a5ba-3e3b0328c30d}", "level": "0", "task": "13824", "opcode": "0", "computer": "LAPTOP-1AMOMQ06", "record_id": 593019, "username": "Administrator", "domain": "LAPTOP-1AMOMQ06", "logon_type": null, "authentication_package": null, "logon_process": null, "source_ip": null, "source_port": null, "workstation": null, "process_id": null, "process_name": null, "parent_process": null, "command_line": null, "event_data": {"TargetUserName": "Administrator", "TargetDomainName": "LAPTOP-1AMOMQ06", "TargetSid": "S-1-5-21-2968253474-1415708722-1289182978-500", "SubjectUserSid": "S-1-5-18", "SubjectUserName": "LAPTOP-1AMOMQ06$", "SubjectDomainName": "WORKGROUP", "SubjectLogonId": "0x3e7", "CallerProcessId": "0xdc0", "CallerProcessName": "C:\\Windows\\System32\\svchost.exe"}, "collected_at": "2026-08-29T15:31:05.482727+00:00"}
{"timestamp": "2026-08-29T15:31:01.8331667Z", "log_name": "Security", "event_id": 4798, "event_name": "Other Event", "provider": "Microsoft-Windows-Security-Auditing", "provider_guid": "{54849625-5478-4994-a5ba-3e3b0328c30d}", "level": "0", "task": "13824", "opcode": "0", "computer": "LAPTOP-1AMOMQ06", "record_id": 593018, "username": "Sreeram CK", "domain": "LAPTOP-1AMOMQ06", "logon_type": null, "authentication_package": null, "logon_process": null, "source_ip": null, "source_port": null, "workstation": null, "process_id": null, "process_name": null, "parent_process": null, "command_line": null, "event_data": {"TargetUserName": "Sreeram CK", "TargetDomainName": "LAPTOP-1AMOMQ06", "TargetSid": "S-1-5-21-2968253474-1415708722-1289182978-1001", "SubjectUserSid": "S-1-5-18", "SubjectUserName": "LAPTOP-1AMOMQ06$", "SubjectDomainName": "WORKGROUP", "SubjectLogonId": "0x3e7", "CallerProcessId": "0x4d14", "CallerProcessName": "C:\\Windows\\System32\\LogonUI.exe"}, "collected_at": "2026-08-29T15:31:05.482774+00:00"}
{"timestamp": "2026-08-29T15:31:01.8070569Z", "log_name": "Security", "event_id": 4798, "event_name": "Other Event", "provider": "Microsoft-Windows-Security-Auditing", "provider_guid": "{54849625-5478-4994-a5ba-3e3b0328c30d}", "level": "0", "task": "13824", "opcode": "0", "computer": "LAPTOP-1AMOMQ06", "record_id": 593017, "username": "Sreeram CK", "domain": "LAPTOP-1AMOMQ06", "logon_type": null, "authentication_package": null, "logon_process": null, "source_ip": null, "source_port": null, "workstation": null, "process_id": null, "process_name": null, "parent_process": null, "command_line": null, "event_data": {"TargetUserName": "Sreeram CK", "TargetDomainName": "LAPTOP-1AMOMQ06", "TargetSid": "S-1-5-21-2968253474-1415708722-1289182978-1001", "SubjectUserSid": "S-1-5-18", "SubjectUserName": "LAPTOP-1AMOMQ06$", "SubjectDomainName": "WORKGROUP", "SubjectLogonId": "0x3e7", "CallerProcessId": "0xdc0", "CallerProcessName": "C:\\Windows\\System32\\svchost.exe"}, "collected_at": "2026-08-29T15:31:05.482821+00:00"}
{"timestamp": "2026-08-29T15:31:01.8060493Z", "log_name": "Security", "event_id": 4798, "event_name": "Other Event", "provider": "Microsoft-Windows-Security-Auditing", "provider_guid": "{54849625-5478-4994-a5ba-3e3b0328c30d}", "level": "0", "task": "13824", "opcode": "0", "computer": "LAPTOP-1AMOMQ06", "record_id": 593016, "username": "Guest", "domain": "LAPTOP-1AMOMQ06", "logon_type": null, "authentication_package": null, "logon_process": null, "source_ip": null, "source_port": null, "workstation": null, "process_id": null, "process_name": null, "parent_process": null, "command_line": null, "event_data": {"TargetUserName": "Guest", "TargetDomainName": "LAPTOP-1AMOMQ06", "TargetSid": "S-1-5-21-2968253474-1415708722-1289182978-501", "SubjectUserSid": "S-1-5-18", "SubjectUserName": "LAPTOP-1AMOMQ06$", "SubjectDomainName": "WORKGROUP", "SubjectLogonId": "0x3e7", "CallerProcessId": "0xdc0", "CallerProcessName": "C:\\Windows\\System32\\svchost.exe"}, "collected_at": "2026-08-29T15:31:05.482867+00:00"}
{"timestamp": "2026-08-29T15:31:01.8049511Z", "log_name": "Security", "event_id": 4798, "event_name": "Other Event", "provider": "Microsoft-Windows-Security-Auditing", "provider_guid": "{54849625-5478-4994-a5ba-3e3b0328c30d}", "level": "0", "task": "13824", "opcode": "0", "computer": "LAPTOP-1AMOMQ06", "record_id": 593015, "username": "DefaultAccount", "domain": "LAPTOP-1AMOMQ06", "logon_type": null, "authentication_package": null, "logon_process": null, "source_ip": null, "source_port": null, "workstation": null, "process_id": null, "process_name": null, "parent_process": null, "command_line": null, "event_data": {"TargetUserName": "DefaultAccount", "TargetDomainName": "LAPTOP-1AMOMQ06", "TargetSid": "S-1-5-21-2968253474-1415708722-1289182978-503", "SubjectUserSid": "S-1-5-18", "SubjectUserName": "LAPTOP-1AMOMQ06$", "SubjectDomainName": "WORKGROUP", "SubjectLogonId": "0x3e7", "CallerProcessId": "0xdc0", "CallerProcessName": "C:\\Windows\\System32\\svchost.exe"}, "collected_at": "2026-08-29T15:31:05.482914+00:00"}
{"timestamp": "2026-08-29T15:31:01.7943561Z", "log_name": "Security", "event_id": 4798, "event_name": "Other Event", "provider": "Microsoft-Windows-Security-Auditing", "provider_guid": "{54849625-5478-4994-a5ba-3e3b0328c30d}", "level": "0", "task": "13824", "opcode": "0", "computer": "LAPTOP-1AMOMQ06", "record_id": 593014, "username": "Administrator", "domain": "LAPTOP-1AMOMQ06", "logon_type": null, "authentication_package": null, "logon_process": null, "source_ip": null, "source_port": null, "workstation": null, "process_id": null, "process_name": null, "parent_process": null, "command_line": null, "event_data": {"TargetUserName": "Administrator", "TargetDomainName": "LAPTOP-1AMOMQ06", "TargetSid": "S-1-5-21-2968253474-1415708722-1289182978-500", "SubjectUserSid": "S-1-5-18", "SubjectUserName": "LAPTOP-1AMOMQ06$", "SubjectDomainName": "WORKGROUP", "SubjectLogonId": "0x3e7", "CallerProcessId": "0xdc0", "CallerProcessName": "C:\\Windows\\System32\\svchost.exe"}, "collected_at": "2026-08-29T15:31:05.482960+00:00"}
